#
# A fatal error has been detected by the Java Runtime Environment:
#
#  SIGSEGV (0xb) at pc=0x00007fd827ac7746, pid=414, tid=140566367225600
#
# JRE version: Java(TM) SE Runtime Environment (8.0_91-b14) (build 1.8.0_91-b14)
# Java VM: Java HotSpot(TM) 64-Bit Server VM (25.91-b14 mixed mode linux-amd64 compressed oops)
# Problematic frame:
# C  [libc.so.6+0x8b746]  strlen+0x26
#
# Failed to write core dump. Core dumps have been disabled. To enable core dumping, try "ulimit -c unlimited" before starting Java again
#
# If you would like to submit a bug report, please visit:
#   http://bugreport.java.com/bugreport/crash.jsp
# The crash happened outside the Java Virtual Machine in native code.
# See problematic frame for where to report the bug.
#

---------------  T H R E A D  ---------------

Current thread (0x00007fd820009800):  JavaThread "main" [_thread_in_native, id=415, stack(0x00007fd82852c000,0x00007fd82862d000)]

siginfo: si_signo: 11 (SIGSEGV), si_code: 1 (SEGV_MAPERR), si_addr: 0x0000000000000027

Registers:
RAX=0x0000000000000027, RBX=0x00007fd7e94103ca, RCX=0x0000000000000027, RDX=0x0000000000000006
RSP=0x00007fd828629628, RBP=0x00007fd7e94103ce, RSI=0x0000000000000006, RDI=0x0000000000000027
R8 =0x0000000000000000, R9 =0x0000000000000040, R10=0x000000004193a118, R11=0x000000004193a118
R12=0x00007fd7e94103c8, R13=0x000000000000000c, R14=0x00007fd8286296a0, R15=0x000000004193a3b8
RIP=0x00007fd827ac7746, EFLAGS=0x0000000000010293, CSGSFS=0x0000000000000033, ERR=0x0000000000000004
  TRAPNO=0x000000000000000e

Top of Stack: (sp=0x00007fd828629628)
0x00007fd828629628:   00007fd7e93a8c11 000000004193a414
0x00007fd828629638:   0000000000000027 000000004193a378
0x00007fd828629648:   ffffffffffffff00 0000000000000000
0x00007fd828629658:   000000004193a378 0000000000000027
0x00007fd828629668:   0000000000000000 0000000000000000
0x00007fd828629678:   00007fd82862b8c0 00007fd820009800
0x00007fd828629688:   00007fd7e93f281c 0000000000000000
0x00007fd828629698:   0000000000000000 0000003000000018
0x00007fd8286296a8:   00007fd828629780 00007fd8286296c0
0x00007fd8286296b8:   0725c97a0fbc9200 2020202020202020
0x00007fd8286296c8:   2020202020202020 0000000000000027
0x00007fd8286296d8:   00007fd827bc903c 0000000000000081
0x00007fd8286296e8:   00007fd827e01920 0000000000000000
0x00007fd8286296f8:   00007fd827ac75ec 0000000000000000
0x00007fd828629708:   00007fd827ab6c8b 00007fd827ab6930
0x00007fd828629718:   0000000000000000 0000000000000000
0x00007fd828629728:   00007fd827bc903c 0000000000000027
0x00007fd828629738:   00007fd7e94103bc 000000004193a378
0x00007fd828629748:   0000000000000081 00007fd827e01920
0x00007fd828629758:   00007fd827ac751f 000000004193a378
0x00007fd828629768:   00007fd8200f9d90 000000004193a378
0x00007fd828629778:   00007fd7e93f98db 0000000000000000
0x00007fd828629788:   2f3b6f732e3f2f2e 61636f6c2f727375
0x00007fd828629798:   756c2f62696c2f6c 2e3f2f312e352f61
0x00007fd8286297a8:   2f7273752f3b6f73 696c2f6c61636f6c
0x00007fd8286297b8:   2e352f61756c2f62 6c6164616f6c2f31
0x00007fd8286297c8:   68732f6c6f732e6c 6a61756c2f657261
0x00007fd8286297d8:   302e312e322d7469 3f2f31617465622d
0x00007fd8286297e8:   73752f3b61756c2e 2f6c61636f6c2f72
0x00007fd8286297f8:   756c2f6572616873 2e3f2f312e352f61
0x00007fd828629808:   7273752f3b61756c 732f6c61636f6c2f
0x00007fd828629818:   61756c2f65726168 692f3f2f312e352f 

Instructions: (pc=0x00007fd827ac7746)
0x00007fd827ac7726:   ef c9 66 0f ef d2 66 0f ef db 48 89 f8 48 89 f9
0x00007fd827ac7736:   48 81 e1 ff 0f 00 00 48 81 f9 cf 0f 00 00 77 6a
0x00007fd827ac7746:   f3 0f 6f 20 66 0f 74 e0 66 0f d7 d4 85 d2 74 04
0x00007fd827ac7756:   0f bc c2 c3 48 83 e0 f0 66 0f 74 48 10 66 0f 74 

Register to memory mapping:

RAX=0x0000000000000027 is an unknown value
RBX=0x00007fd7e94103ca: <offset 0x803ca> in /home/alberto/torch/install/lib/libluajit.so at 0x00007fd7e9390000
RCX=0x0000000000000027 is an unknown value
RDX=0x0000000000000006 is an unknown value
RSP=0x00007fd828629628 is pointing into the stack for thread: 0x00007fd820009800
RBP=0x00007fd7e94103ce: <offset 0x803ce> in /home/alberto/torch/install/lib/libluajit.so at 0x00007fd7e9390000
RSI=0x0000000000000006 is an unknown value
RDI=0x0000000000000027 is an unknown value
R8 =0x0000000000000000 is an unknown value
R9 =0x0000000000000040 is an unknown value
R10=0x000000004193a118 is an unknown value
R11=0x000000004193a118 is an unknown value
R12=0x00007fd7e94103c8: <offset 0x803c8> in /home/alberto/torch/install/lib/libluajit.so at 0x00007fd7e9390000
R13=0x000000000000000c is an unknown value
R14=0x00007fd8286296a0 is pointing into the stack for thread: 0x00007fd820009800
R15=0x000000004193a3b8 is an unknown value


Stack: [0x00007fd82852c000,0x00007fd82862d000],  sp=0x00007fd828629628,  free space=1013k
Native frames: (J=compiled Java code, j=interpreted, Vv=VM code, C=native code)
C  [libc.so.6+0x8b746]  strlen+0x26

Java frames: (J=compiled Java code, j=interpreted, Vv=VM code)
j  Servidor.startTorch(I)V+0
j  Servidor._startTorch(I)V+2
j  Main.main([Ljava/lang/String;)V+14
v  ~StubRoutines::call_stub

---------------  P R O C E S S  ---------------

Java Threads: ( => current thread )
  0x00007fd8200d3800 JavaThread "Service Thread" daemon [_thread_blocked, id=433, stack(0x00007fd7e9eda000,0x00007fd7e9fdb000)]
  0x00007fd8200c8000 JavaThread "C1 CompilerThread3" daemon [_thread_blocked, id=432, stack(0x00007fd7e9fdb000,0x00007fd7ea0dc000)]
  0x00007fd8200c6000 JavaThread "C2 CompilerThread2" daemon [_thread_blocked, id=431, stack(0x00007fd7ea0dc000,0x00007fd7ea1dd000)]
  0x00007fd8200c4800 JavaThread "C2 CompilerThread1" daemon [_thread_blocked, id=430, stack(0x00007fd7ea1dd000,0x00007fd7ea2de000)]
  0x00007fd8200c1800 JavaThread "C2 CompilerThread0" daemon [_thread_blocked, id=429, stack(0x00007fd7ea2de000,0x00007fd7ea3df000)]
  0x00007fd8200c0000 JavaThread "Signal Dispatcher" daemon [_thread_blocked, id=428, stack(0x00007fd7ea3df000,0x00007fd7ea4e0000)]
  0x00007fd82008c000 JavaThread "Finalizer" daemon [_thread_blocked, id=427, stack(0x00007fd7ea8e9000,0x00007fd7ea9ea000)]
  0x00007fd820087000 JavaThread "Reference Handler" daemon [_thread_blocked, id=426, stack(0x00007fd7ea9ea000,0x00007fd7eaaeb000)]
=>0x00007fd820009800 JavaThread "main" [_thread_in_native, id=415, stack(0x00007fd82852c000,0x00007fd82862d000)]

Other Threads:
  0x00007fd82007f800 VMThread [stack: 0x00007fd7eaaeb000,0x00007fd7eabec000] [id=425]
  0x00007fd8200d6000 WatcherThread [stack: 0x00007fd7e9dd9000,0x00007fd7e9eda000] [id=434]

VM state:not at safepoint (normal execution)

VM Mutex/Monitor currently owned by a thread: None

Heap:
 PSYoungGen      total 36864K, used 1269K [0x00000000d6e00000, 0x00000000d9700000, 0x0000000100000000)
  eden space 31744K, 4% used [0x00000000d6e00000,0x00000000d6f3d728,0x00000000d8d00000)
  from space 5120K, 0% used [0x00000000d9200000,0x00000000d9200000,0x00000000d9700000)
  to   space 5120K, 0% used [0x00000000d8d00000,0x00000000d8d00000,0x00000000d9200000)
 ParOldGen       total 84992K, used 0K [0x0000000084a00000, 0x0000000089d00000, 0x00000000d6e00000)
  object space 84992K, 0% used [0x0000000084a00000,0x0000000084a00000,0x0000000089d00000)
 Metaspace       used 2478K, capacity 4490K, committed 4864K, reserved 1056768K
  class space    used 268K, capacity 386K, committed 512K, reserved 1048576K

Card table byte_map: [0x00007fd824f16000,0x00007fd8252f2000] byte_map_base: 0x00007fd824af1000

Marking Bits: (ParMarkBitMap*) 0x00007fd827a0fd60
 Begin Bits: [0x00007fd7f8250000, 0x00007fd7fa128000)
 End Bits:   [0x00007fd7fa128000, 0x00007fd7fc000000)

Polling page: 0x00007fd82865f000

CodeCache: size=245760Kb used=1078Kb max_used=1078Kb free=244681Kb
 bounds [0x00007fd811000000, 0x00007fd811270000, 0x00007fd820000000]
 total_blobs=241 nmethods=13 adapters=143
 compilation: enabled

Compilation events (10 events):
Event: 0.043 Thread 0x00007fd8200c8000   10       3       java.lang.Math::min (11 bytes)
Event: 0.043 Thread 0x00007fd8200c8000 nmethod 10 0x00007fd81110b1d0 code [0x00007fd81110b340, 0x00007fd81110b4d0]
Event: 0.043 Thread 0x00007fd8200c8000    9       3       java.util.Arrays::copyOfRange (63 bytes)
Event: 0.044 Thread 0x00007fd8200c8000 nmethod 9 0x00007fd81110be10 code [0x00007fd81110c020, 0x00007fd81110cb38]
Event: 0.044 Thread 0x00007fd8200c8000   11       1       java.lang.ref.Reference::get (5 bytes)
Event: 0.044 Thread 0x00007fd8200c8000 nmethod 11 0x00007fd81110af10 code [0x00007fd81110b060, 0x00007fd81110b170]
Event: 0.044 Thread 0x00007fd8200c8000   12       1       java.lang.ThreadLocal::access$400 (5 bytes)
Event: 0.044 Thread 0x00007fd8200c8000 nmethod 12 0x00007fd81110ac50 code [0x00007fd81110ada0, 0x00007fd81110ae90]
Event: 0.045 Thread 0x00007fd8200c8000   13       3       java.lang.String::getChars (62 bytes)
Event: 0.046 Thread 0x00007fd8200c8000 nmethod 13 0x00007fd81110d290 code [0x00007fd81110d440, 0x00007fd81110d878]

GC Heap History (0 events):
No events

Deoptimization events (0 events):
No events

Internal exceptions (2 events):
Event: 0.020 Thread 0x00007fd820009800 Exception <a 'java/lang/NoSuchMethodError': Method sun.misc.Unsafe.defineClass(Ljava/lang/String;[BII)Ljava/lang/Class; name or signature does not match> (0x00000000d6e07cc0) thrown at [/HUDSON/workspace/8-2-build-linux-amd64/jdk8u91/6644/hotspot/src/shar
Event: 0.020 Thread 0x00007fd820009800 Exception <a 'java/lang/NoSuchMethodError': Method sun.misc.Unsafe.prefetchRead(Ljava/lang/Object;J)V name or signature does not match> (0x00000000d6e07fa8) thrown at [/HUDSON/workspace/8-2-build-linux-amd64/jdk8u91/6644/hotspot/src/share/vm/prims/jni.cpp

Events (10 events):
Event: 0.047 loading class java/lang/Void
Event: 0.047 loading class java/lang/Void done
Event: 0.047 loading class Servidor
Event: 0.047 loading class Servidor done
Event: 0.047 loading class java/io/IOException
Event: 0.047 loading class java/io/IOException done
Event: 0.047 loading class java/util/concurrent/ConcurrentHashMap$ForwardingNode
Event: 0.047 loading class java/util/concurrent/ConcurrentHashMap$ForwardingNode done
Event: 0.047 loading class java/lang/ClassLoaderHelper
Event: 0.047 loading class java/lang/ClassLoaderHelper done


Dynamic libraries:
00400000-00401000 r-xp 00000000 08:08 11278465                           /usr/lib/jvm/java-8-oracle/jre/bin/java
00600000-00601000 rw-p 00000000 08:08 11278465                           /usr/lib/jvm/java-8-oracle/jre/bin/java
023d0000-023f1000 rw-p 00000000 00:00 0                                  [heap]
4193a000-4195a000 rw-p 00000000 00:00 0 
84a00000-89d00000 rw-p 00000000 00:00 0 
89d00000-d6e00000 ---p 00000000 00:00 0 
d6e00000-d9700000 rw-p 00000000 00:00 0 
d9700000-100000000 ---p 00000000 00:00 0 
100000000-100080000 rw-p 00000000 00:00 0 
100080000-140000000 ---p 00000000 00:00 0 
7fd7ae000000-7fd7bc000000 rw-p 00000000 00:00 0 
7fd7bc000000-7fd7bc021000 rw-p 00000000 00:00 0 
7fd7bc021000-7fd7c0000000 ---p 00000000 00:00 0 
7fd7c1072000-7fd7c3072000 rw-p 00000000 00:00 0 
7fd7c3072000-7fd7c3d98000 r-xp 00000000 08:08 6309223                    /opt/OpenBLAS/lib/libopenblas_haswellp-r0.2.20.dev.so
7fd7c3d98000-7fd7c3f97000 ---p 00d26000 08:08 6309223                    /opt/OpenBLAS/lib/libopenblas_haswellp-r0.2.20.dev.so
7fd7c3f97000-7fd7c3f9d000 r--p 00d25000 08:08 6309223                    /opt/OpenBLAS/lib/libopenblas_haswellp-r0.2.20.dev.so
7fd7c3f9d000-7fd7c3fa7000 rw-p 00d2b000 08:08 6309223                    /opt/OpenBLAS/lib/libopenblas_haswellp-r0.2.20.dev.so
7fd7c3fa7000-7fd7c4000000 rw-p 00000000 00:00 0 
7fd7c4000000-7fd7c402c000 rw-p 00000000 00:00 0 
7fd7c402c000-7fd7c8000000 ---p 00000000 00:00 0 
7fd7c8000000-7fd7c8021000 rw-p 00000000 00:00 0 
7fd7c8021000-7fd7cc000000 ---p 00000000 00:00 0 
7fd7cc000000-7fd7cc021000 rw-p 00000000 00:00 0 
7fd7cc021000-7fd7d0000000 ---p 00000000 00:00 0 
7fd7d0000000-7fd7d0021000 rw-p 00000000 00:00 0 
7fd7d0021000-7fd7d4000000 ---p 00000000 00:00 0 
7fd7d4000000-7fd7d4021000 rw-p 00000000 00:00 0 
7fd7d4021000-7fd7d8000000 ---p 00000000 00:00 0 
7fd7d8000000-7fd7d8046000 rw-p 00000000 00:00 0 
7fd7d8046000-7fd7dc000000 ---p 00000000 00:00 0 
7fd7dc000000-7fd7dc021000 rw-p 00000000 00:00 0 
7fd7dc021000-7fd7e0000000 ---p 00000000 00:00 0 
7fd7e0000000-7fd7e0021000 rw-p 00000000 00:00 0 
7fd7e0021000-7fd7e4000000 ---p 00000000 00:00 0 
7fd7e4000000-7fd7e4021000 rw-p 00000000 00:00 0 
7fd7e4021000-7fd7e8000000 ---p 00000000 00:00 0 
7fd7e8346000-7fd7e8384000 r-xp 00000000 08:08 8917176                    /usr/lib/x86_64-linux-gnu/libquadmath.so.0.0.0
7fd7e8384000-7fd7e8583000 ---p 0003e000 08:08 8917176                    /usr/lib/x86_64-linux-gnu/libquadmath.so.0.0.0
7fd7e8583000-7fd7e8584000 r--p 0003d000 08:08 8917176                    /usr/lib/x86_64-linux-gnu/libquadmath.so.0.0.0
7fd7e8584000-7fd7e8585000 rw-p 0003e000 08:08 8917176                    /usr/lib/x86_64-linux-gnu/libquadmath.so.0.0.0
7fd7e8585000-7fd7e86ae000 r-xp 00000000 08:08 8913010                    /usr/lib/x86_64-linux-gnu/libgfortran.so.3.0.0
7fd7e86ae000-7fd7e88ad000 ---p 00129000 08:08 8913010                    /usr/lib/x86_64-linux-gnu/libgfortran.so.3.0.0
7fd7e88ad000-7fd7e88ae000 r--p 00128000 08:08 8913010                    /usr/lib/x86_64-linux-gnu/libgfortran.so.3.0.0
7fd7e88ae000-7fd7e88b0000 rw-p 00129000 08:08 8913010                    /usr/lib/x86_64-linux-gnu/libgfortran.so.3.0.0
7fd7e88b0000-7fd7e88d1000 r-xp 00000000 08:08 8923087                    /usr/lib/x86_64-linux-gnu/libgomp.so.1.0.0
7fd7e88d1000-7fd7e8ad0000 ---p 00021000 08:08 8923087                    /usr/lib/x86_64-linux-gnu/libgomp.so.1.0.0
7fd7e8ad0000-7fd7e8ad1000 r--p 00020000 08:08 8923087                    /usr/lib/x86_64-linux-gnu/libgomp.so.1.0.0
7fd7e8ad1000-7fd7e8ad2000 rw-p 00021000 08:08 8923087                    /usr/lib/x86_64-linux-gnu/libgomp.so.1.0.0
7fd7e8ad2000-7fd7e8ae8000 r-xp 00000000 08:08 17960833                   /lib/x86_64-linux-gnu/libgcc_s.so.1
7fd7e8ae8000-7fd7e8ce7000 ---p 00016000 08:08 17960833                   /lib/x86_64-linux-gnu/libgcc_s.so.1
7fd7e8ce7000-7fd7e8ce8000 rw-p 00015000 08:08 17960833                   /lib/x86_64-linux-gnu/libgcc_s.so.1
7fd7e8ce8000-7fd7e8f84000 r-xp 00000000 08:08 2769611                    /home/alberto/torch/install/lib/libTH.so.0
7fd7e8f84000-7fd7e9183000 ---p 0029c000 08:08 2769611                    /home/alberto/torch/install/lib/libTH.so.0
7fd7e9183000-7fd7e9184000 r--p 0029b000 08:08 2769611                    /home/alberto/torch/install/lib/libTH.so.0
7fd7e9184000-7fd7e9186000 rw-p 0029c000 08:08 2769611                    /home/alberto/torch/install/lib/libTH.so.0
7fd7e9186000-7fd7e918f000 r-xp 00000000 08:08 2769671                    /home/alberto/torch/install/lib/libluaT.so.0
7fd7e918f000-7fd7e938e000 ---p 00009000 08:08 2769671                    /home/alberto/torch/install/lib/libluaT.so.0
7fd7e938e000-7fd7e938f000 r--p 00008000 08:08 2769671                    /home/alberto/torch/install/lib/libluaT.so.0
7fd7e938f000-7fd7e9390000 rw-p 00009000 08:08 2769671                    /home/alberto/torch/install/lib/libluaT.so.0
7fd7e9390000-7fd7e9420000 r-xp 00000000 08:08 2768624                    /home/alberto/torch/install/lib/libluajit.so
7fd7e9420000-7fd7e9620000 ---p 00090000 08:08 2768624                    /home/alberto/torch/install/lib/libluajit.so
7fd7e9620000-7fd7e9622000 r--p 00090000 08:08 2768624                    /home/alberto/torch/install/lib/libluajit.so
7fd7e9622000-7fd7e9623000 rw-p 00092000 08:08 2768624                    /home/alberto/torch/install/lib/libluajit.so
7fd7e9623000-7fd7e9795000 r-xp 00000000 08:08 8914155                    /usr/lib/x86_64-linux-gnu/libstdc++.so.6.0.21
7fd7e9795000-7fd7e9995000 ---p 00172000 08:08 8914155                    /usr/lib/x86_64-linux-gnu/libstdc++.so.6.0.21
7fd7e9995000-7fd7e999f000 r--p 00172000 08:08 8914155                    /usr/lib/x86_64-linux-gnu/libstdc++.so.6.0.21
7fd7e999f000-7fd7e99a1000 rw-p 0017c000 08:08 8914155                    /usr/lib/x86_64-linux-gnu/libstdc++.so.6.0.21
7fd7e99a1000-7fd7e99a5000 rw-p 00000000 00:00 0 
7fd7e99d4000-7fd7e99d6000 r-xp 00000000 08:08 2621694                    /home/alberto/Desktop/servidor/libcluaf.so
7fd7e99d6000-7fd7e9bd5000 ---p 00002000 08:08 2621694                    /home/alberto/Desktop/servidor/libcluaf.so
7fd7e9bd5000-7fd7e9bd6000 r--p 00001000 08:08 2621694                    /home/alberto/Desktop/servidor/libcluaf.so
7fd7e9bd6000-7fd7e9bd7000 rw-p 00002000 08:08 2621694                    /home/alberto/Desktop/servidor/libcluaf.so
7fd7e9bd7000-7fd7e9bd8000 r-xp 00000000 08:08 2621717                    /home/alberto/Desktop/servidor/libTorchMain.so
7fd7e9bd8000-7fd7e9dd7000 ---p 00001000 08:08 2621717                    /home/alberto/Desktop/servidor/libTorchMain.so
7fd7e9dd7000-7fd7e9dd8000 r--p 00000000 08:08 2621717                    /home/alberto/Desktop/servidor/libTorchMain.so
7fd7e9dd8000-7fd7e9dd9000 rw-p 00001000 08:08 2621717                    /home/alberto/Desktop/servidor/libTorchMain.so
7fd7e9dd9000-7fd7e9dda000 ---p 00000000 00:00 0 
7fd7e9dda000-7fd7e9eda000 rw-p 00000000 00:00 0 
7fd7e9eda000-7fd7e9edd000 ---p 00000000 00:00 0 
7fd7e9edd000-7fd7e9fdb000 rw-p 00000000 00:00 0 
7fd7e9fdb000-7fd7e9fde000 ---p 00000000 00:00 0 
7fd7e9fde000-7fd7ea0dc000 rw-p 00000000 00:00 0 
7fd7ea0dc000-7fd7ea0df000 ---p 00000000 00:00 0 
7fd7ea0df000-7fd7ea1dd000 rw-p 00000000 00:00 0 
7fd7ea1dd000-7fd7ea1e0000 ---p 00000000 00:00 0 
7fd7ea1e0000-7fd7ea2de000 rw-p 00000000 00:00 0 
7fd7ea2de000-7fd7ea2e1000 ---p 00000000 00:00 0 
7fd7ea2e1000-7fd7ea3df000 rw-p 00000000 00:00 0 
7fd7ea3df000-7fd7ea3e2000 ---p 00000000 00:00 0 
7fd7ea3e2000-7fd7ea4e0000 rw-p 00000000 00:00 0 
7fd7ea4e0000-7fd7ea8e9000 r--p 00000000 08:08 8919864                    /usr/lib/locale/locale-archive
7fd7ea8e9000-7fd7ea8ec000 ---p 00000000 00:00 0 
7fd7ea8ec000-7fd7ea9ea000 rw-p 00000000 00:00 0 
7fd7ea9ea000-7fd7ea9ed000 ---p 00000000 00:00 0 
7fd7ea9ed000-7fd7eaaeb000 rw-p 00000000 00:00 0 
7fd7eaaeb000-7fd7eaaec000 ---p 00000000 00:00 0 
7fd7eaaec000-7fd7ec000000 rw-p 00000000 00:00 0 
7fd7ec000000-7fd7ec021000 rw-p 00000000 00:00 0 
7fd7ec021000-7fd7f0000000 ---p 00000000 00:00 0 
7fd7f0000000-7fd7f0021000 rw-p 00000000 00:00 0 
7fd7f0021000-7fd7f4000000 ---p 00000000 00:00 0 
7fd7f4000000-7fd7f4021000 rw-p 00000000 00:00 0 
7fd7f4021000-7fd7f8000000 ---p 00000000 00:00 0 
7fd7f802d000-7fd7fc000000 rw-p 00000000 00:00 0 
7fd7fc000000-7fd7fc021000 rw-p 00000000 00:00 0 
7fd7fc021000-7fd800000000 ---p 00000000 00:00 0 
7fd800000000-7fd800021000 rw-p 00000000 00:00 0 
7fd800021000-7fd804000000 ---p 00000000 00:00 0 
7fd804000000-7fd804021000 rw-p 00000000 00:00 0 
7fd804021000-7fd808000000 ---p 00000000 00:00 0 
7fd808000000-7fd808021000 rw-p 00000000 00:00 0 
7fd808021000-7fd80c000000 ---p 00000000 00:00 0 
7fd80c000000-7fd80c021000 rw-p 00000000 00:00 0 
7fd80c021000-7fd810000000 ---p 00000000 00:00 0 
7fd81000d000-7fd810627000 rw-p 00000000 00:00 0 
7fd810627000-7fd810800000 r--s 03d1f000 08:08 11281157                   /usr/lib/jvm/java-8-oracle/jre/lib/rt.jar
7fd810800000-7fd810c40000 rw-p 00000000 00:00 0 
7fd810c40000-7fd811000000 ---p 00000000 00:00 0 
7fd811000000-7fd811270000 rwxp 00000000 00:00 0 
7fd811270000-7fd820000000 ---p 00000000 00:00 0 
7fd820000000-7fd820117000 rw-p 00000000 00:00 0 
7fd820117000-7fd824000000 ---p 00000000 00:00 0 
7fd82400a000-7fd82447c000 rw-p 00000000 00:00 0 
7fd82447c000-7fd82447d000 ---p 00000000 00:00 0 
7fd82447d000-7fd82457d000 rw-p 00000000 00:00 0 
7fd82457d000-7fd82457e000 ---p 00000000 00:00 0 
7fd82457e000-7fd82467e000 rw-p 00000000 00:00 0 
7fd82467e000-7fd82467f000 ---p 00000000 00:00 0 
7fd82467f000-7fd82477f000 rw-p 00000000 00:00 0 
7fd82477f000-7fd824780000 ---p 00000000 00:00 0 
7fd824780000-7fd824880000 rw-p 00000000 00:00 0 
7fd824880000-7fd824881000 ---p 00000000 00:00 0 
7fd824881000-7fd824981000 rw-p 00000000 00:00 0 
7fd824981000-7fd824982000 ---p 00000000 00:00 0 
7fd824982000-7fd824a82000 rw-p 00000000 00:00 0 
7fd824a82000-7fd824a83000 ---p 00000000 00:00 0 
7fd824a83000-7fd824b83000 rw-p 00000000 00:00 0 
7fd824b83000-7fd824b84000 ---p 00000000 00:00 0 
7fd824b84000-7fd824cae000 rw-p 00000000 00:00 0 
7fd824cae000-7fd824f16000 ---p 00000000 00:00 0 
7fd824f16000-7fd824f40000 rw-p 00000000 00:00 0 
7fd824f40000-7fd8251a8000 ---p 00000000 00:00 0 
7fd8251a8000-7fd8251bd000 rw-p 00000000 00:00 0 
7fd8251bd000-7fd8252f1000 ---p 00000000 00:00 0 
7fd8252f1000-7fd8252fc000 rw-p 00000000 00:00 0 
7fd8252fc000-7fd8256b2000 ---p 00000000 00:00 0 
7fd8256b2000-7fd8256cc000 r-xp 00000000 08:08 11536453                   /usr/lib/jvm/java-8-oracle/jre/lib/amd64/libzip.so
7fd8256cc000-7fd8258cc000 ---p 0001a000 08:08 11536453                   /usr/lib/jvm/java-8-oracle/jre/lib/amd64/libzip.so
7fd8258cc000-7fd8258cd000 rw-p 0001a000 08:08 11536453                   /usr/lib/jvm/java-8-oracle/jre/lib/amd64/libzip.so
7fd8258cd000-7fd8258d8000 r-xp 00000000 08:08 17957127                   /lib/x86_64-linux-gnu/libnss_files-2.23.so
7fd8258d8000-7fd825ad7000 ---p 0000b000 08:08 17957127                   /lib/x86_64-linux-gnu/libnss_files-2.23.so
7fd825ad7000-7fd825ad8000 r--p 0000a000 08:08 17957127                   /lib/x86_64-linux-gnu/libnss_files-2.23.so
7fd825ad8000-7fd825ad9000 rw-p 0000b000 08:08 17957127                   /lib/x86_64-linux-gnu/libnss_files-2.23.so
7fd825ad9000-7fd825adf000 rw-p 00000000 00:00 0 
7fd825adf000-7fd825aea000 r-xp 00000000 08:08 17957133                   /lib/x86_64-linux-gnu/libnss_nis-2.23.so
7fd825aea000-7fd825ce9000 ---p 0000b000 08:08 17957133                   /lib/x86_64-linux-gnu/libnss_nis-2.23.so
7fd825ce9000-7fd825cea000 r--p 0000a000 08:08 17957133                   /lib/x86_64-linux-gnu/libnss_nis-2.23.so
7fd825cea000-7fd825ceb000 rw-p 0000b000 08:08 17957133                   /lib/x86_64-linux-gnu/libnss_nis-2.23.so
7fd825ceb000-7fd825d01000 r-xp 00000000 08:08 17957119                   /lib/x86_64-linux-gnu/libnsl-2.23.so
7fd825d01000-7fd825f00000 ---p 00016000 08:08 17957119                   /lib/x86_64-linux-gnu/libnsl-2.23.so
7fd825f00000-7fd825f01000 r--p 00015000 08:08 17957119                   /lib/x86_64-linux-gnu/libnsl-2.23.so
7fd825f01000-7fd825f02000 rw-p 00016000 08:08 17957119                   /lib/x86_64-linux-gnu/libnsl-2.23.so
7fd825f02000-7fd825f04000 rw-p 00000000 00:00 0 
7fd825f04000-7fd825f0c000 r-xp 00000000 08:08 17957145                   /lib/x86_64-linux-gnu/libnss_compat-2.23.so
7fd825f0c000-7fd82610b000 ---p 00008000 08:08 17957145                   /lib/x86_64-linux-gnu/libnss_compat-2.23.so
7fd82610b000-7fd82610c000 r--p 00007000 08:08 17957145                   /lib/x86_64-linux-gnu/libnss_compat-2.23.so
7fd82610c000-7fd82610d000 rw-p 00008000 08:08 17957145                   /lib/x86_64-linux-gnu/libnss_compat-2.23.so
7fd82610d000-7fd826137000 r-xp 00000000 08:08 11536479                   /usr/lib/jvm/java-8-oracle/jre/lib/amd64/libjava.so
7fd826137000-7fd826337000 ---p 0002a000 08:08 11536479                   /usr/lib/jvm/java-8-oracle/jre/lib/amd64/libjava.so
7fd826337000-7fd826339000 rw-p 0002a000 08:08 11536479                   /usr/lib/jvm/java-8-oracle/jre/lib/amd64/libjava.so
7fd826339000-7fd826346000 r-xp 00000000 08:08 11536457                   /usr/lib/jvm/java-8-oracle/jre/lib/amd64/libverify.so
7fd826346000-7fd826546000 ---p 0000d000 08:08 11536457                   /usr/lib/jvm/java-8-oracle/jre/lib/amd64/libverify.so
7fd826546000-7fd826548000 rw-p 0000d000 08:08 11536457                   /usr/lib/jvm/java-8-oracle/jre/lib/amd64/libverify.so
7fd826548000-7fd82654f000 r-xp 00000000 08:08 17957137                   /lib/x86_64-linux-gnu/librt-2.23.so
7fd82654f000-7fd82674e000 ---p 00007000 08:08 17957137                   /lib/x86_64-linux-gnu/librt-2.23.so
7fd82674e000-7fd82674f000 r--p 00006000 08:08 17957137                   /lib/x86_64-linux-gnu/librt-2.23.so
7fd82674f000-7fd826750000 rw-p 00007000 08:08 17957137                   /lib/x86_64-linux-gnu/librt-2.23.so
7fd826750000-7fd826858000 r-xp 00000000 08:08 17957155                   /lib/x86_64-linux-gnu/libm-2.23.so
7fd826858000-7fd826a57000 ---p 00108000 08:08 17957155                   /lib/x86_64-linux-gnu/libm-2.23.so
7fd826a57000-7fd826a58000 r--p 00107000 08:08 17957155                   /lib/x86_64-linux-gnu/libm-2.23.so
7fd826a58000-7fd826a59000 rw-p 00108000 08:08 17957155                   /lib/x86_64-linux-gnu/libm-2.23.so
7fd826a59000-7fd827719000 r-xp 00000000 08:08 11536488                   /usr/lib/jvm/java-8-oracle/jre/lib/amd64/server/libjvm.so
7fd827719000-7fd827919000 ---p 00cc0000 08:08 11536488                   /usr/lib/jvm/java-8-oracle/jre/lib/amd64/server/libjvm.so
7fd827919000-7fd8279f1000 rw-p 00cc0000 08:08 11536488                   /usr/lib/jvm/java-8-oracle/jre/lib/amd64/server/libjvm.so
7fd8279f1000-7fd827a3c000 rw-p 00000000 00:00 0 
7fd827a3c000-7fd827bfc000 r-xp 00000000 08:08 17957162                   /lib/x86_64-linux-gnu/libc-2.23.so
7fd827bfc000-7fd827dfc000 ---p 001c0000 08:08 17957162                   /lib/x86_64-linux-gnu/libc-2.23.so
7fd827dfc000-7fd827e00000 r--p 001c0000 08:08 17957162                   /lib/x86_64-linux-gnu/libc-2.23.so
7fd827e00000-7fd827e02000 rw-p 001c4000 08:08 17957162                   /lib/x86_64-linux-gnu/libc-2.23.so
7fd827e02000-7fd827e06000 rw-p 00000000 00:00 0 
7fd827e06000-7fd827e09000 r-xp 00000000 08:08 17957143                   /lib/x86_64-linux-gnu/libdl-2.23.so
7fd827e09000-7fd828008000 ---p 00003000 08:08 17957143                   /lib/x86_64-linux-gnu/libdl-2.23.so
7fd828008000-7fd828009000 r--p 00002000 08:08 17957143                   /lib/x86_64-linux-gnu/libdl-2.23.so
7fd828009000-7fd82800a000 rw-p 00003000 08:08 17957143                   /lib/x86_64-linux-gnu/libdl-2.23.so
7fd82800a000-7fd82801f000 r-xp 00000000 08:08 11536451                   /usr/lib/jvm/java-8-oracle/jre/lib/amd64/jli/libjli.so
7fd82801f000-7fd82821f000 ---p 00015000 08:08 11536451                   /usr/lib/jvm/java-8-oracle/jre/lib/amd64/jli/libjli.so
7fd82821f000-7fd828220000 rw-p 00015000 08:08 11536451                   /usr/lib/jvm/java-8-oracle/jre/lib/amd64/jli/libjli.so
7fd828220000-7fd828238000 r-xp 00000000 08:08 17957131                   /lib/x86_64-linux-gnu/libpthread-2.23.so
7fd828238000-7fd828437000 ---p 00018000 08:08 17957131                   /lib/x86_64-linux-gnu/libpthread-2.23.so
7fd828437000-7fd828438000 r--p 00017000 08:08 17957131                   /lib/x86_64-linux-gnu/libpthread-2.23.so
7fd828438000-7fd828439000 rw-p 00018000 08:08 17957131                   /lib/x86_64-linux-gnu/libpthread-2.23.so
7fd828439000-7fd82843d000 rw-p 00000000 00:00 0 
7fd82843d000-7fd828463000 r-xp 00000000 08:08 17957121                   /lib/x86_64-linux-gnu/ld-2.23.so
7fd828482000-7fd82852c000 rw-p 00000000 00:00 0 
7fd82852c000-7fd82852f000 ---p 00000000 00:00 0 
7fd82852f000-7fd828631000 rw-p 00000000 00:00 0 
7fd828635000-7fd828656000 rw-p 00000000 00:00 0 
7fd828656000-7fd82865e000 rw-s 00000000 08:08 16122031                   /tmp/hsperfdata_alberto/414
7fd82865e000-7fd82865f000 rw-p 00000000 00:00 0 
7fd82865f000-7fd828660000 r--p 00000000 00:00 0 
7fd828660000-7fd828662000 rw-p 00000000 00:00 0 
7fd828662000-7fd828663000 r--p 00025000 08:08 17957121                   /lib/x86_64-linux-gnu/ld-2.23.so
7fd828663000-7fd828664000 rw-p 00026000 08:08 17957121                   /lib/x86_64-linux-gnu/ld-2.23.so
7fd828664000-7fd828665000 rw-p 00000000 00:00 0 
7fff1c30d000-7fff1c32f000 rw-p 00000000 00:00 0                          [stack]
7fff1c3cf000-7fff1c3d1000 r--p 00000000 00:00 0                          [vvar]
7fff1c3d1000-7fff1c3d3000 r-xp 00000000 00:00 0                          [vdso]
ffffffffff600000-ffffffffff601000 r-xp 00000000 00:00 0                  [vsyscall]

VM Arguments:
java_command: Main
java_class_path (initial): .
Launcher Type: SUN_STANDARD

Environment Variables:
PATH=/home/alberto/torch/install/bin:/home/alberto/torch/install/bin:/usr/local/cuda-8.0/bin:/home/alberto/torch/install/bin:/home/alberto/torch/install/bin:/home/alberto/torch/install/bin:/usr/local/sbin:/usr/local/bin:/usr/sbin:/usr/bin:/sbin:/bin:/usr/games:/usr/local/games:/snap/bin
USERNAME=alberto
LD_LIBRARY_PATH=/home/alberto/torch/install/lib:/home/alberto/torch/install/lib:/usr/local/cuda-8.0/lib64:/home/alberto/torch/install/lib:/home/alberto/torch/install/lib:/home/alberto/torch/install/lib:
SHELL=/bin/bash
DISPLAY=:1
DYLD_LIBRARY_PATH=/home/alberto/torch/install/lib:/home/alberto/torch/install/lib:/home/alberto/torch/install/lib:/home/alberto/torch/install/lib:/home/alberto/torch/install/lib:

Signal Handlers:
SIGSEGV: [libjvm.so+0xabca10], sa_mask[0]=11111111011111111101111111111110, sa_flags=SA_RESTART|SA_SIGINFO
SIGBUS: [libjvm.so+0xabca10], sa_mask[0]=11111111011111111101111111111110, sa_flags=SA_RESTART|SA_SIGINFO
SIGFPE: [libjvm.so+0x919a20], sa_mask[0]=11111111011111111101111111111110, sa_flags=SA_RESTART|SA_SIGINFO
SIGPIPE: [libjvm.so+0x919a20], sa_mask[0]=11111111011111111101111111111110, sa_flags=SA_RESTART|SA_SIGINFO
SIGXFSZ: [libjvm.so+0x919a20], sa_mask[0]=11111111011111111101111111111110, sa_flags=SA_RESTART|SA_SIGINFO
SIGILL: [libjvm.so+0x919a20], sa_mask[0]=11111111011111111101111111111110, sa_flags=SA_RESTART|SA_SIGINFO
SIGUSR1: SIG_DFL, sa_mask[0]=00000000000000000000000000000000, sa_flags=none
SIGUSR2: [libjvm.so+0x91b050], sa_mask[0]=00000000000000000000000000000000, sa_flags=SA_RESTART|SA_SIGINFO
SIGHUP: [libjvm.so+0x91c450], sa_mask[0]=11111111011111111101111111111110, sa_flags=SA_RESTART|SA_SIGINFO
SIGINT: [libjvm.so+0x91c450], sa_mask[0]=11111111011111111101111111111110, sa_flags=SA_RESTART|SA_SIGINFO
SIGTERM: [libjvm.so+0x91c450], sa_mask[0]=11111111011111111101111111111110, sa_flags=SA_RESTART|SA_SIGINFO
SIGQUIT: [libjvm.so+0x91c450], sa_mask[0]=11111111011111111101111111111110, sa_flags=SA_RESTART|SA_SIGINFO


---------------  S Y S T E M  ---------------

OS:DISTRIB_ID=Ubuntu
DISTRIB_RELEASE=16.04
DISTRIB_CODENAME=xenial
DISTRIB_DESCRIPTION="Ubuntu 16.04.3 LTS"

uname:Linux 4.4.0-96-generic #119-Ubuntu SMP Tue Sep 12 14:59:54 UTC 2017 x86_64
libc:glibc 2.23 NPTL 2.23 
rlimit: STACK 8192k, CORE 0k, NPROC 31112, NOFILE 1048576, AS infinity
load average:1.87 1.87 1.94

/proc/meminfo:
MemTotal:        8085072 kB
MemFree:         1145948 kB
MemAvailable:    1268380 kB
Buffers:           11152 kB
Cached:           737112 kB
SwapCached:        38928 kB
Active:          5284708 kB
Inactive:        1353920 kB
Active(anon):    5095216 kB
Inactive(anon):  1234576 kB
Active(file):     189492 kB
Inactive(file):   119344 kB
Unevictable:          32 kB
Mlocked:              32 kB
SwapTotal:       8298492 kB
SwapFree:        7762352 kB
Dirty:              2936 kB
Writeback:             0 kB
AnonPages:       5856344 kB
Mapped:           337600 kB
Shmem:            439432 kB
Slab:             126816 kB
SReclaimable:      74044 kB
SUnreclaim:        52772 kB
KernelStack:       14960 kB
PageTables:        65428 kB
NFS_Unstable:          0 kB
Bounce:                0 kB
WritebackTmp:          0 kB
CommitLimit:    12341028 kB
Committed_AS:   13640244 kB
VmallocTotal:   34359738367 kB
VmallocUsed:           0 kB
VmallocChunk:          0 kB
HardwareCorrupted:     0 kB
AnonHugePages:   2742272 kB
CmaTotal:              0 kB
CmaFree:               0 kB
HugePages_Total:       0
HugePages_Free:        0
HugePages_Rsvd:        0
HugePages_Surp:        0
Hugepagesize:       2048 kB
DirectMap4k:      166656 kB
DirectMap2M:     7084032 kB
DirectMap1G:     2097152 kB


CPU:total 8 (4 cores per cpu, 2 threads per core) family 6 model 60 stepping 3, cmov, cx8, fxsr, mmx, sse, sse2, sse3, ssse3, sse4.1, sse4.2, popcnt, avx, avx2, aes, clmul, erms, lzcnt, ht, tsc, tscinvbit, bmi1, bmi2

/proc/cpuinfo:
processor	: 0
vendor_id	: GenuineIntel
cpu family	: 6
model		: 60
model name	: Intel(R) Core(TM) i7-4710HQ CPU @ 2.50GHz
stepping	: 3
microcode	: 0x22
cpu MHz		: 3099.902
cache size	: 6144 KB
physical id	: 0
siblings	: 8
core id		: 0
cpu cores	: 4
apicid		: 0
initial apicid	: 0
fpu		: yes
fpu_exception	: yes
cpuid level	: 13
wp		: yes
flags		: fpu vme de pse tsc msr pae mce cx8 apic sep mtrr pge mca cmov pat pse36 clflush dts acpi mmx fxsr sse sse2 ss ht tm pbe syscall nx pdpe1gb rdtscp lm constant_tsc arch_perfmon pebs bts rep_good nopl xtopology nonstop_tsc aperfmperf eagerfpu pni pclmulqdq dtes64 monitor ds_cpl vmx est tm2 ssse3 sdbg fma cx16 xtpr pdcm pcid sse4_1 sse4_2 x2apic movbe popcnt tsc_deadline_timer aes xsave avx f16c rdrand lahf_lm abm epb tpr_shadow vnmi flexpriority ept vpid fsgsbase tsc_adjust bmi1 avx2 smep bmi2 erms invpcid xsaveopt dtherm ida arat pln pts
bugs		:
bogomips	: 4988.95
clflush size	: 64
cache_alignment	: 64
address sizes	: 39 bits physical, 48 bits virtual
power management:

processor	: 1
vendor_id	: GenuineIntel
cpu family	: 6
model		: 60
model name	: Intel(R) Core(TM) i7-4710HQ CPU @ 2.50GHz
stepping	: 3
microcode	: 0x22
cpu MHz		: 2500.195
cache size	: 6144 KB
physical id	: 0
siblings	: 8
core id		: 0
cpu cores	: 4
apicid		: 1
initial apicid	: 1
fpu		: yes
fpu_exception	: yes
cpuid level	: 13
wp		: yes
flags		: fpu vme de pse tsc msr pae mce cx8 apic sep mtrr pge mca cmov pat pse36 clflush dts acpi mmx fxsr sse sse2 ss ht tm pbe syscall nx pdpe1gb rdtscp lm constant_tsc arch_perfmon pebs bts rep_good nopl xtopology nonstop_tsc aperfmperf eagerfpu pni pclmulqdq dtes64 monitor ds_cpl vmx est tm2 ssse3 sdbg fma cx16 xtpr pdcm pcid sse4_1 sse4_2 x2apic movbe popcnt tsc_deadline_timer aes xsave avx f16c rdrand lahf_lm abm epb tpr_shadow vnmi flexpriority ept vpid fsgsbase tsc_adjust bmi1 avx2 smep bmi2 erms invpcid xsaveopt dtherm ida arat pln pts
bugs		:
bogomips	: 4988.95
clflush size	: 64
cache_alignment	: 64
address sizes	: 39 bits physical, 48 bits virtual
power management:

processor	: 2
vendor_id	: GenuineIntel
cpu family	: 6
model		: 60
model name	: Intel(R) Core(TM) i7-4710HQ CPU @ 2.50GHz
stepping	: 3
microcode	: 0x22
cpu MHz		: 2500.000
cache size	: 6144 KB
physical id	: 0
siblings	: 8
core id		: 1
cpu cores	: 4
apicid		: 2
initial apicid	: 2
fpu		: yes
fpu_exception	: yes
cpuid level	: 13
wp		: yes
flags		: fpu vme de pse tsc msr pae mce cx8 apic sep mtrr pge mca cmov pat pse36 clflush dts acpi mmx fxsr sse sse2 ss ht tm pbe syscall nx pdpe1gb rdtscp lm constant_tsc arch_perfmon pebs bts rep_good nopl xtopology nonstop_tsc aperfmperf eagerfpu pni pclmulqdq dtes64 monitor ds_cpl vmx est tm2 ssse3 sdbg fma cx16 xtpr pdcm pcid sse4_1 sse4_2 x2apic movbe popcnt tsc_deadline_timer aes xsave avx f16c rdrand lahf_lm abm epb tpr_shadow vnmi flexpriority ept vpid fsgsbase tsc_adjust bmi1 avx2 smep bmi2 erms invpcid xsaveopt dtherm ida arat pln pts
bugs		:
bogomips	: 4988.95
clflush size	: 64
cache_alignment	: 64
address sizes	: 39 bits physical, 48 bits virtual
power management:

processor	: 3
vendor_id	: GenuineIntel
cpu family	: 6
model		: 60
model name	: Intel(R) Core(TM) i7-4710HQ CPU @ 2.50GHz
stepping	: 3
microcode	: 0x22
cpu MHz		: 3099.902
cache size	: 6144 KB
physical id	: 0
siblings	: 8
core id		: 1
cpu cores	: 4
apicid		: 3
initial apicid	: 3
fpu		: yes
fpu_exception	: yes
cpuid level	: 13
wp		: yes
flags		: fpu vme de pse tsc msr pae mce cx8 apic sep mtrr pge mca cmov pat pse36 clflush dts acpi mmx fxsr sse sse2 ss ht tm pbe syscall nx pdpe1gb rdtscp lm constant_tsc arch_perfmon pebs bts rep_good nopl xtopology nonstop_tsc aperfmperf eagerfpu pni pclmulqdq dtes64 monitor ds_cpl vmx est tm2 ssse3 sdbg fma cx16 xtpr pdcm pcid sse4_1 sse4_2 x2apic movbe popcnt tsc_deadline_timer aes xsave avx f16c rdrand lahf_lm abm epb tpr_shadow vnmi flexpriority ept vpid fsgsbase tsc_adjust bmi1 avx2 smep bmi2 erms invpcid xsaveopt dtherm ida arat pln pts
bugs		:
bogomips	: 4988.95
clflush size	: 64
cache_alignment	: 64
address sizes	: 39 bits physical, 48 bits virtual
power management:

processor	: 4
vendor_id	: GenuineIntel
cpu family	: 6
model		: 60
model name	: Intel(R) Core(TM) i7-4710HQ CPU @ 2.50GHz
stepping	: 3
microcode	: 0x22
cpu MHz		: 2500.000
cache size	: 6144 KB
physical id	: 0
siblings	: 8
core id		: 2
cpu cores	: 4
apicid		: 4
initial apicid	: 4
fpu		: yes
fpu_exception	: yes
cpuid level	: 13
wp		: yes
flags		: fpu vme de pse tsc msr pae mce cx8 apic sep mtrr pge mca cmov pat pse36 clflush dts acpi mmx fxsr sse sse2 ss ht tm pbe syscall nx pdpe1gb rdtscp lm constant_tsc arch_perfmon pebs bts rep_good nopl xtopology nonstop_tsc aperfmperf eagerfpu pni pclmulqdq dtes64 monitor ds_cpl vmx est tm2 ssse3 sdbg fma cx16 xtpr pdcm pcid sse4_1 sse4_2 x2apic movbe popcnt tsc_deadline_timer aes xsave avx f16c rdrand lahf_lm abm epb tpr_shadow vnmi flexpriority ept vpid fsgsbase tsc_adjust bmi1 avx2 smep bmi2 erms invpcid xsaveopt dtherm ida arat pln pts
bugs		:
bogomips	: 4988.95
clflush size	: 64
cache_alignment	: 64
address sizes	: 39 bits physical, 48 bits virtual
power management:

processor	: 5
vendor_id	: GenuineIntel
cpu family	: 6
model		: 60
model name	: Intel(R) Core(TM) i7-4710HQ CPU @ 2.50GHz
stepping	: 3
microcode	: 0x22
cpu MHz		: 2668.066
cache size	: 6144 KB
physical id	: 0
siblings	: 8
core id		: 2
cpu cores	: 4
apicid		: 5
initial apicid	: 5
fpu		: yes
fpu_exception	: yes
cpuid level	: 13
wp		: yes
flags		: fpu vme de pse tsc msr pae mce cx8 apic sep mtrr pge mca cmov pat pse36 clflush dts acpi mmx fxsr sse sse2 ss ht tm pbe syscall nx pdpe1gb rdtscp lm constant_tsc arch_perfmon pebs bts rep_good nopl xtopology nonstop_tsc aperfmperf eagerfpu pni pclmulqdq dtes64 monitor ds_cpl vmx est tm2 ssse3 sdbg fma cx16 xtpr pdcm pcid sse4_1 sse4_2 x2apic movbe popcnt tsc_deadline_timer aes xsave avx f16c rdrand lahf_lm abm epb tpr_shadow vnmi flexpriority ept vpid fsgsbase tsc_adjust bmi1 avx2 smep bmi2 erms invpcid xsaveopt dtherm ida arat pln pts
bugs		:
bogomips	: 4988.95
clflush size	: 64
cache_alignment	: 64
address sizes	: 39 bits physical, 48 bits virtual
power management:

processor	: 6
vendor_id	: GenuineIntel
cpu family	: 6
model		: 60
model name	: Intel(R) Core(TM) i7-4710HQ CPU @ 2.50GHz
stepping	: 3
microcode	: 0x22
cpu MHz		: 2500.000
cache size	: 6144 KB
physical id	: 0
siblings	: 8
core id		: 3
cpu cores	: 4
apicid		: 6
initial apicid	: 6
fpu		: yes
fpu_exception	: yes
cpuid level	: 13
wp		: yes
flags		: fpu vme de pse tsc msr pae mce cx8 apic sep mtrr pge mca cmov pat pse36 clflush dts acpi mmx fxsr sse sse2 ss ht tm pbe syscall nx pdpe1gb rdtscp lm constant_tsc arch_perfmon pebs bts rep_good nopl xtopology nonstop_tsc aperfmperf eagerfpu pni pclmulqdq dtes64 monitor ds_cpl vmx est tm2 ssse3 sdbg fma cx16 xtpr pdcm pcid sse4_1 sse4_2 x2apic movbe popcnt tsc_deadline_timer aes xsave avx f16c rdrand lahf_lm abm epb tpr_shadow vnmi flexpriority ept vpid fsgsbase tsc_adjust bmi1 avx2 smep bmi2 erms invpcid xsaveopt dtherm ida arat pln pts
bugs		:
bogomips	: 4988.95
clflush size	: 64
cache_alignment	: 64
address sizes	: 39 bits physical, 48 bits virtual
power management:

processor	: 7
vendor_id	: GenuineIntel
cpu family	: 6
model		: 60
model name	: Intel(R) Core(TM) i7-4710HQ CPU @ 2.50GHz
stepping	: 3
microcode	: 0x22
cpu MHz		: 2500.097
cache size	: 6144 KB
physical id	: 0
siblings	: 8
core id		: 3
cpu cores	: 4
apicid		: 7
initial apicid	: 7
fpu		: yes
fpu_exception	: yes
cpuid level	: 13
wp		: yes
flags		: fpu vme de pse tsc msr pae mce cx8 apic sep mtrr pge mca cmov pat pse36 clflush dts acpi mmx fxsr sse sse2 ss ht tm pbe syscall nx pdpe1gb rdtscp lm constant_tsc arch_perfmon pebs bts rep_good nopl xtopology nonstop_tsc aperfmperf eagerfpu pni pclmulqdq dtes64 monitor ds_cpl vmx est tm2 ssse3 sdbg fma cx16 xtpr pdcm pcid sse4_1 sse4_2 x2apic movbe popcnt tsc_deadline_timer aes xsave avx f16c rdrand lahf_lm abm epb tpr_shadow vnmi flexpriority ept vpid fsgsbase tsc_adjust bmi1 avx2 smep bmi2 erms invpcid xsaveopt dtherm ida arat pln pts
bugs		:
bogomips	: 4988.95
clflush size	: 64
cache_alignment	: 64
address sizes	: 39 bits physical, 48 bits virtual
power management:



Memory: 4k page, physical 8085072k(1145948k free), swap 8298492k(7762352k free)

vm_info: Java HotSpot(TM) 64-Bit Server VM (25.91-b14) for linux-amd64 JRE (1.8.0_91-b14), built on Apr  1 2016 00:57:21 by "java_re" with gcc 4.3.0 20080428 (Red Hat 4.3.0-8)

time: Wed Sep 27 22:43:20 2017
elapsed time: 0 seconds (0d 0h 0m 0s)

