#
# A fatal error has been detected by the Java Runtime Environment:
#
#  SIGSEGV (0xb) at pc=0x00007f47a43c5746, pid=2686, tid=139945686771456
#
# JRE version: Java(TM) SE Runtime Environment (8.0_91-b14) (build 1.8.0_91-b14)
# Java VM: Java HotSpot(TM) 64-Bit Server VM (25.91-b14 mixed mode linux-amd64 compressed oops)
# Problematic frame:
# C  [libc.so.6+0x8b746]  strlen+0x26
#
# Failed to write core dump. Core dumps have been disabled. To enable core dumping, try "ulimit -c unlimited" before starting Java again
#
# If you would like to submit a bug report, please visit:
#   http://bugreport.java.com/bugreport/crash.jsp
# The crash happened outside the Java Virtual Machine in native code.
# See problematic frame for where to report the bug.
#

---------------  T H R E A D  ---------------

Current thread (0x00007f479c009800):  JavaThread "main" [_thread_in_native, id=2687, stack(0x00007f47a4e2a000,0x00007f47a4f2b000)]

siginfo: si_signo: 11 (SIGSEGV), si_code: 1 (SEGV_MAPERR), si_addr: 0x0000000000000070

Registers:
RAX=0x0000000000000070, RBX=0xffffffffffffffff, RCX=0x0000000000000070, RDX=0x0000000000000015
RSP=0x00007f47a4f28b78, RBP=0x00007f47a4f290f0, RSI=0x00007f47a4f28b80, RDI=0x0000000000000070
R8 =0x0000000000000070, R9 =0x0000000000000073, R10=0x0000000000000073, R11=0x0000000000000000
R12=0x0000000000000000, R13=0x00007f47a46ff620, R14=0x00007f47a4f28d08, R15=0x000000000000000a
RIP=0x00007f47a43c5746, EFLAGS=0x0000000000010293, CSGSFS=0x0000000000000033, ERR=0x0000000000000004
  TRAPNO=0x000000000000000e

Top of Stack: (sp=0x00007f47a4f28b78)
0x00007f47a4f28b78:   00007f47a4386980 0000000100000036
0x00007f47a4f28b88:   00007f47a43a649b 0000000000000070
0x00007f47a4f28b98:   00007f47662ea423 ffffffffffffffff
0x00007f47a4f28ba8:   0000000300000000 000000000000000e
0x00007f47a4f28bb8:   00007f47a4384e29 00007f47a4f28cac
0x00007f47a4f28bc8:   00007f47a4f28c90 00007f47a4f28ca0
0x00007f47a4f28bd8:   00007f47662ea417 00007f47a4f29668
0x00007f47a4f28be8:   0000000000000000 0000000000000002
0x00007f47a4f28bf8:   0000002000000000 0000000300000000
0x00007f47a4f28c08:   0000000000000036 0000000000000020
0x00007f47a4f28c18:   00000000a4384e00 00007f4700000000
0x00007f47a4f28c28:   00007f4700000000 0000000000000000
0x00007f47a4f28c38:   00007f47664ecc3a 00007f47a4f29668
0x00007f47a4f28c48:   0000000000000070 00007f4700000000
0x00007f47a4f28c58:   0000000000000073 0000000000000001
0x00007f47a4f28c68:   00007f47a4f28cb0 00007f47a4f28b80
0x00007f47a4f28c78:   0000000000000000 00007f4700000000
0x00007f47a4f28c88:   0000000000000000 0000000000000000
0x00007f47a4f28c98:   00007f47a4d43a6d 00007f47a4f296c8
0x00007f47a4f28ca8:   00007f47664ecc1c 00007f47a4f28cc0
0x00007f47a4f28cb8:   0000000000000400 00000000ffffffff
0x00007f47a4f28cc8:   0000700000000064 00007f4700000020
0x00007f47a4f28cd8:   00007f47662ea41e 00007f47662ea421
0x00007f47a4f28ce8:   ffffffffffffffff 0000000000000000
0x00007f47a4f28cf8:   0000000000000001 00000000ffffffff
0x00007f47a4f28d08:   00000000ffffffff 0000700000000073
0x00007f47a4f28d18:   0000000000000020 00007f47662ea423
0x00007f47a4f28d28:   00007f47662ea423 ffffffffffffffff
0x00007f47a4f28d38:   0000000300000001 0000000000000001
0x00007f47a4f28d48:   ffffffffffffffff 0000000300000000
0x00007f47a4f28d58:   0000000000000001 00007f47ffffffff
0x00007f47a4f28d68:   00007f47a4f28f20 0000000003011725 

Instructions: (pc=0x00007f47a43c5746)
0x00007f47a43c5726:   ef c9 66 0f ef d2 66 0f ef db 48 89 f8 48 89 f9
0x00007f47a43c5736:   48 81 e1 ff 0f 00 00 48 81 f9 cf 0f 00 00 77 6a
0x00007f47a43c5746:   f3 0f 6f 20 66 0f 74 e0 66 0f d7 d4 85 d2 74 04
0x00007f47a43c5756:   0f bc c2 c3 48 83 e0 f0 66 0f 74 48 10 66 0f 74 

Register to memory mapping:

RAX=0x0000000000000070 is an unknown value
RBX=0xffffffffffffffff is an unknown value
RCX=0x0000000000000070 is an unknown value
RDX=0x0000000000000015 is an unknown value
RSP=0x00007f47a4f28b78 is pointing into the stack for thread: 0x00007f479c009800
RBP=0x00007f47a4f290f0 is pointing into the stack for thread: 0x00007f479c009800
RSI=0x00007f47a4f28b80 is pointing into the stack for thread: 0x00007f479c009800
RDI=0x0000000000000070 is an unknown value
R8 =0x0000000000000070 is an unknown value
R9 =0x0000000000000073 is an unknown value
R10=0x0000000000000073 is an unknown value
R11=0x0000000000000000 is an unknown value
R12=0x0000000000000000 is an unknown value
R13=0x00007f47a46ff620: _IO_2_1_stdout_+0 in /lib/x86_64-linux-gnu/libc.so.6 at 0x00007f47a433a000
R14=0x00007f47a4f28d08 is pointing into the stack for thread: 0x00007f479c009800
R15=0x000000000000000a is an unknown value


Stack: [0x00007f47a4e2a000,0x00007f47a4f2b000],  sp=0x00007f47a4f28b78,  free space=1018k
Native frames: (J=compiled Java code, j=interpreted, Vv=VM code, C=native code)
C  [libc.so.6+0x8b746]  strlen+0x26
C  [libc.so.6+0x4d4a6]  _IO_vfprintf+0x336
C  [libc.so.6+0x55899]  _IO_printf+0x99
C  [libTorchMain.so+0xb57]  Java_Servidor_startTorch+0x91
j  Servidor.startTorch(I)V+0
j  Servidor._startTorch(I)V+2
j  Main.main([Ljava/lang/String;)V+14
v  ~StubRoutines::call_stub
V  [libjvm.so+0x68dbc6]  JavaCalls::call_helper(JavaValue*, methodHandle*, JavaCallArguments*, Thread*)+0x1056
V  [libjvm.so+0x6cf232]  jni_invoke_static(JNIEnv_*, JavaValue*, _jobject*, JNICallType, _jmethodID*, JNI_ArgumentPusher*, Thread*)+0x362
V  [libjvm.so+0x6eba9a]  jni_CallStaticVoidMethod+0x17a
C  [libjli.so+0x7bcc]  JavaMain+0x80c
C  [libpthread.so.0+0x76ba]  start_thread+0xca

Java frames: (J=compiled Java code, j=interpreted, Vv=VM code)
j  Servidor.startTorch(I)V+0
j  Servidor._startTorch(I)V+2
j  Main.main([Ljava/lang/String;)V+14
v  ~StubRoutines::call_stub

---------------  P R O C E S S  ---------------

Java Threads: ( => current thread )
  0x00007f479c0cb800 JavaThread "Service Thread" daemon [_thread_blocked, id=2704, stack(0x00007f47667ef000,0x00007f47668f0000)]
  0x00007f479c0c8000 JavaThread "C1 CompilerThread3" daemon [_thread_blocked, id=2703, stack(0x00007f47668f0000,0x00007f47669f1000)]
  0x00007f479c0c6000 JavaThread "C2 CompilerThread2" daemon [_thread_blocked, id=2702, stack(0x00007f47669f1000,0x00007f4766af2000)]
  0x00007f479c0c4800 JavaThread "C2 CompilerThread1" daemon [_thread_blocked, id=2701, stack(0x00007f4766af2000,0x00007f4766bf3000)]
  0x00007f479c0c1800 JavaThread "C2 CompilerThread0" daemon [_thread_blocked, id=2700, stack(0x00007f4766bf3000,0x00007f4766cf4000)]
  0x00007f479c0c0000 JavaThread "Signal Dispatcher" daemon [_thread_blocked, id=2699, stack(0x00007f4766cf4000,0x00007f4766df5000)]
  0x00007f479c08c000 JavaThread "Finalizer" daemon [_thread_blocked, id=2698, stack(0x00007f47671fe000,0x00007f47672ff000)]
  0x00007f479c087000 JavaThread "Reference Handler" daemon [_thread_blocked, id=2697, stack(0x00007f47672ff000,0x00007f4767400000)]
=>0x00007f479c009800 JavaThread "main" [_thread_in_native, id=2687, stack(0x00007f47a4e2a000,0x00007f47a4f2b000)]

Other Threads:
  0x00007f479c07f800 VMThread [stack: 0x00007f4767400000,0x00007f4767501000] [id=2696]
  0x00007f479c0ce000 WatcherThread [stack: 0x00007f47666ee000,0x00007f47667ef000] [id=2705]

VM state:not at safepoint (normal execution)

VM Mutex/Monitor currently owned by a thread: None

Heap:
 PSYoungGen      total 36864K, used 1269K [0x00000000d6e00000, 0x00000000d9700000, 0x0000000100000000)
  eden space 31744K, 4% used [0x00000000d6e00000,0x00000000d6f3d728,0x00000000d8d00000)
  from space 5120K, 0% used [0x00000000d9200000,0x00000000d9200000,0x00000000d9700000)
  to   space 5120K, 0% used [0x00000000d8d00000,0x00000000d8d00000,0x00000000d9200000)
 ParOldGen       total 84992K, used 0K [0x0000000084a00000, 0x0000000089d00000, 0x00000000d6e00000)
  object space 84992K, 0% used [0x0000000084a00000,0x0000000084a00000,0x0000000089d00000)
 Metaspace       used 2478K, capacity 4490K, committed 4864K, reserved 1056768K
  class space    used 268K, capacity 386K, committed 512K, reserved 1048576K

Card table byte_map: [0x00007f47a1814000,0x00007f47a1bf0000] byte_map_base: 0x00007f47a13ef000

Marking Bits: (ParMarkBitMap*) 0x00007f47a430dd60
 Begin Bits: [0x00007f4768250000, 0x00007f476a128000)
 End Bits:   [0x00007f476a128000, 0x00007f476c000000)

Polling page: 0x00007f47a4f5d000

CodeCache: size=245760Kb used=1078Kb max_used=1078Kb free=244681Kb
 bounds [0x00007f478d000000, 0x00007f478d270000, 0x00007f479c000000]
 total_blobs=241 nmethods=13 adapters=143
 compilation: enabled

Compilation events (10 events):
Event: 0.045 Thread 0x00007f479c0c8000   10       3       java.lang.Math::min (11 bytes)
Event: 0.045 Thread 0x00007f479c0c8000 nmethod 10 0x00007f478d101f90 code [0x00007f478d102100, 0x00007f478d102290]
Event: 0.045 Thread 0x00007f479c0c8000   11       1       java.lang.ref.Reference::get (5 bytes)
Event: 0.045 Thread 0x00007f479c0c8000 nmethod 11 0x00007f478d10c4d0 code [0x00007f478d10c620, 0x00007f478d10c730]
Event: 0.045 Thread 0x00007f479c0c8000    9       3       java.util.Arrays::copyOfRange (63 bytes)
Event: 0.046 Thread 0x00007f479c0c8000 nmethod 9 0x00007f478d10b250 code [0x00007f478d10b460, 0x00007f478d10bf78]
Event: 0.046 Thread 0x00007f479c0c8000   12       1       java.lang.ThreadLocal::access$400 (5 bytes)
Event: 0.046 Thread 0x00007f479c0c8000 nmethod 12 0x00007f478d10c990 code [0x00007f478d10cae0, 0x00007f478d10cbd0]
Event: 0.047 Thread 0x00007f479c0c8000   13       3       java.lang.String::getChars (62 bytes)
Event: 0.047 Thread 0x00007f479c0c8000 nmethod 13 0x00007f478d10d050 code [0x00007f478d10d200, 0x00007f478d10d638]

GC Heap History (0 events):
No events

Deoptimization events (0 events):
No events

Internal exceptions (2 events):
Event: 0.020 Thread 0x00007f479c009800 Exception <a 'java/lang/NoSuchMethodError': Method sun.misc.Unsafe.defineClass(Ljava/lang/String;[BII)Ljava/lang/Class; name or signature does not match> (0x00000000d6e07cc0) thrown at [/HUDSON/workspace/8-2-build-linux-amd64/jdk8u91/6644/hotspot/src/shar
Event: 0.020 Thread 0x00007f479c009800 Exception <a 'java/lang/NoSuchMethodError': Method sun.misc.Unsafe.prefetchRead(Ljava/lang/Object;J)V name or signature does not match> (0x00000000d6e07fa8) thrown at [/HUDSON/workspace/8-2-build-linux-amd64/jdk8u91/6644/hotspot/src/share/vm/prims/jni.cpp

Events (10 events):
Event: 0.048 loading class java/lang/Void
Event: 0.048 loading class java/lang/Void done
Event: 0.048 loading class Servidor
Event: 0.048 loading class Servidor done
Event: 0.048 loading class java/io/IOException
Event: 0.048 loading class java/io/IOException done
Event: 0.048 loading class java/util/concurrent/ConcurrentHashMap$ForwardingNode
Event: 0.048 loading class java/util/concurrent/ConcurrentHashMap$ForwardingNode done
Event: 0.049 loading class java/lang/ClassLoaderHelper
Event: 0.049 loading class java/lang/ClassLoaderHelper done


Dynamic libraries:
00400000-00401000 r-xp 00000000 08:08 11278465                           /usr/lib/jvm/java-8-oracle/jre/bin/java
00600000-00601000 rw-p 00000000 08:08 11278465                           /usr/lib/jvm/java-8-oracle/jre/bin/java
01c75000-01c96000 rw-p 00000000 00:00 0                                  [heap]
84a00000-89d00000 rw-p 00000000 00:00 0 
89d00000-d6e00000 ---p 00000000 00:00 0 
d6e00000-d9700000 rw-p 00000000 00:00 0 
d9700000-100000000 ---p 00000000 00:00 0 
100000000-100080000 rw-p 00000000 00:00 0 
100080000-140000000 ---p 00000000 00:00 0 
7f472a000000-7f4738000000 rw-p 00000000 00:00 0 
7f4738000000-7f4738021000 rw-p 00000000 00:00 0 
7f4738021000-7f473c000000 ---p 00000000 00:00 0 
7f473d900000-7f473da96000 rw-p 00000000 00:00 0 
7f473da96000-7f473fa96000 rw-p 00000000 00:00 0 
7f473fa96000-7f473fad4000 r-xp 00000000 08:08 8917176                    /usr/lib/x86_64-linux-gnu/libquadmath.so.0.0.0
7f473fad4000-7f473fcd3000 ---p 0003e000 08:08 8917176                    /usr/lib/x86_64-linux-gnu/libquadmath.so.0.0.0
7f473fcd3000-7f473fcd4000 r--p 0003d000 08:08 8917176                    /usr/lib/x86_64-linux-gnu/libquadmath.so.0.0.0
7f473fcd4000-7f473fcd5000 rw-p 0003e000 08:08 8917176                    /usr/lib/x86_64-linux-gnu/libquadmath.so.0.0.0
7f473fcd5000-7f473fdfe000 r-xp 00000000 08:08 8913010                    /usr/lib/x86_64-linux-gnu/libgfortran.so.3.0.0
7f473fdfe000-7f473fffd000 ---p 00129000 08:08 8913010                    /usr/lib/x86_64-linux-gnu/libgfortran.so.3.0.0
7f473fffd000-7f473fffe000 r--p 00128000 08:08 8913010                    /usr/lib/x86_64-linux-gnu/libgfortran.so.3.0.0
7f473fffe000-7f4740000000 rw-p 00129000 08:08 8913010                    /usr/lib/x86_64-linux-gnu/libgfortran.so.3.0.0
7f4740000000-7f4740035000 rw-p 00000000 00:00 0 
7f4740035000-7f4744000000 ---p 00000000 00:00 0 
7f4744000000-7f4744021000 rw-p 00000000 00:00 0 
7f4744021000-7f4748000000 ---p 00000000 00:00 0 
7f4748000000-7f4748021000 rw-p 00000000 00:00 0 
7f4748021000-7f474c000000 ---p 00000000 00:00 0 
7f474c000000-7f474c021000 rw-p 00000000 00:00 0 
7f474c021000-7f4750000000 ---p 00000000 00:00 0 
7f4750000000-7f4750021000 rw-p 00000000 00:00 0 
7f4750021000-7f4754000000 ---p 00000000 00:00 0 
7f4754000000-7f4754046000 rw-p 00000000 00:00 0 
7f4754046000-7f4758000000 ---p 00000000 00:00 0 
7f4758000000-7f4758021000 rw-p 00000000 00:00 0 
7f4758021000-7f475c000000 ---p 00000000 00:00 0 
7f475c000000-7f475c021000 rw-p 00000000 00:00 0 
7f475c021000-7f4760000000 ---p 00000000 00:00 0 
7f4760000000-7f4760021000 rw-p 00000000 00:00 0 
7f4760021000-7f4764000000 ---p 00000000 00:00 0 
7f4764148000-7f4764237000 rw-p 00000000 00:00 0 
7f4764237000-7f4764258000 r-xp 00000000 08:08 8923087                    /usr/lib/x86_64-linux-gnu/libgomp.so.1.0.0
7f4764258000-7f4764457000 ---p 00021000 08:08 8923087                    /usr/lib/x86_64-linux-gnu/libgomp.so.1.0.0
7f4764457000-7f4764458000 r--p 00020000 08:08 8923087                    /usr/lib/x86_64-linux-gnu/libgomp.so.1.0.0
7f4764458000-7f4764459000 rw-p 00021000 08:08 8923087                    /usr/lib/x86_64-linux-gnu/libgomp.so.1.0.0
7f4764459000-7f476517f000 r-xp 00000000 08:08 6309223                    /opt/OpenBLAS/lib/libopenblas_haswellp-r0.2.20.dev.so
7f476517f000-7f476537e000 ---p 00d26000 08:08 6309223                    /opt/OpenBLAS/lib/libopenblas_haswellp-r0.2.20.dev.so
7f476537e000-7f4765384000 r--p 00d25000 08:08 6309223                    /opt/OpenBLAS/lib/libopenblas_haswellp-r0.2.20.dev.so
7f4765384000-7f476538e000 rw-p 00d2b000 08:08 6309223                    /opt/OpenBLAS/lib/libopenblas_haswellp-r0.2.20.dev.so
7f476538e000-7f47653e7000 rw-p 00000000 00:00 0 
7f47653e7000-7f47653fd000 r-xp 00000000 08:08 17960833                   /lib/x86_64-linux-gnu/libgcc_s.so.1
7f47653fd000-7f47655fc000 ---p 00016000 08:08 17960833                   /lib/x86_64-linux-gnu/libgcc_s.so.1
7f47655fc000-7f47655fd000 rw-p 00015000 08:08 17960833                   /lib/x86_64-linux-gnu/libgcc_s.so.1
7f47655fd000-7f4765899000 r-xp 00000000 08:08 2769611                    /home/alberto/torch/install/lib/libTH.so.0
7f4765899000-7f4765a98000 ---p 0029c000 08:08 2769611                    /home/alberto/torch/install/lib/libTH.so.0
7f4765a98000-7f4765a99000 r--p 0029b000 08:08 2769611                    /home/alberto/torch/install/lib/libTH.so.0
7f4765a99000-7f4765a9b000 rw-p 0029c000 08:08 2769611                    /home/alberto/torch/install/lib/libTH.so.0
7f4765a9b000-7f4765aa4000 r-xp 00000000 08:08 2769671                    /home/alberto/torch/install/lib/libluaT.so.0
7f4765aa4000-7f4765ca3000 ---p 00009000 08:08 2769671                    /home/alberto/torch/install/lib/libluaT.so.0
7f4765ca3000-7f4765ca4000 r--p 00008000 08:08 2769671                    /home/alberto/torch/install/lib/libluaT.so.0
7f4765ca4000-7f4765ca5000 rw-p 00009000 08:08 2769671                    /home/alberto/torch/install/lib/libluaT.so.0
7f4765ca5000-7f4765d35000 r-xp 00000000 08:08 2768624                    /home/alberto/torch/install/lib/libluajit.so
7f4765d35000-7f4765f35000 ---p 00090000 08:08 2768624                    /home/alberto/torch/install/lib/libluajit.so
7f4765f35000-7f4765f37000 r--p 00090000 08:08 2768624                    /home/alberto/torch/install/lib/libluajit.so
7f4765f37000-7f4765f38000 rw-p 00092000 08:08 2768624                    /home/alberto/torch/install/lib/libluajit.so
7f4765f38000-7f47660aa000 r-xp 00000000 08:08 8914155                    /usr/lib/x86_64-linux-gnu/libstdc++.so.6.0.21
7f47660aa000-7f47662aa000 ---p 00172000 08:08 8914155                    /usr/lib/x86_64-linux-gnu/libstdc++.so.6.0.21
7f47662aa000-7f47662b4000 r--p 00172000 08:08 8914155                    /usr/lib/x86_64-linux-gnu/libstdc++.so.6.0.21
7f47662b4000-7f47662b6000 rw-p 0017c000 08:08 8914155                    /usr/lib/x86_64-linux-gnu/libstdc++.so.6.0.21
7f47662b6000-7f47662ba000 rw-p 00000000 00:00 0 
7f47662e9000-7f47662eb000 r-xp 00000000 08:08 2621694                    /home/alberto/Desktop/servidor/libcluaf.so
7f47662eb000-7f47664ea000 ---p 00002000 08:08 2621694                    /home/alberto/Desktop/servidor/libcluaf.so
7f47664ea000-7f47664eb000 r--p 00001000 08:08 2621694                    /home/alberto/Desktop/servidor/libcluaf.so
7f47664eb000-7f47664ec000 rw-p 00002000 08:08 2621694                    /home/alberto/Desktop/servidor/libcluaf.so
7f47664ec000-7f47664ed000 r-xp 00000000 08:08 2621717                    /home/alberto/Desktop/servidor/libTorchMain.so
7f47664ed000-7f47666ec000 ---p 00001000 08:08 2621717                    /home/alberto/Desktop/servidor/libTorchMain.so
7f47666ec000-7f47666ed000 r--p 00000000 08:08 2621717                    /home/alberto/Desktop/servidor/libTorchMain.so
7f47666ed000-7f47666ee000 rw-p 00001000 08:08 2621717                    /home/alberto/Desktop/servidor/libTorchMain.so
7f47666ee000-7f47666ef000 ---p 00000000 00:00 0 
7f47666ef000-7f47667ef000 rw-p 00000000 00:00 0 
7f47667ef000-7f47667f2000 ---p 00000000 00:00 0 
7f47667f2000-7f47668f0000 rw-p 00000000 00:00 0 
7f47668f0000-7f47668f3000 ---p 00000000 00:00 0 
7f47668f3000-7f47669f1000 rw-p 00000000 00:00 0 
7f47669f1000-7f47669f4000 ---p 00000000 00:00 0 
7f47669f4000-7f4766af2000 rw-p 00000000 00:00 0 
7f4766af2000-7f4766af5000 ---p 00000000 00:00 0 
7f4766af5000-7f4766bf3000 rw-p 00000000 00:00 0 
7f4766bf3000-7f4766bf6000 ---p 00000000 00:00 0 
7f4766bf6000-7f4766cf4000 rw-p 00000000 00:00 0 
7f4766cf4000-7f4766cf7000 ---p 00000000 00:00 0 
7f4766cf7000-7f4766df5000 rw-p 00000000 00:00 0 
7f4766df5000-7f47671fe000 r--p 00000000 08:08 8919864                    /usr/lib/locale/locale-archive
7f47671fe000-7f4767201000 ---p 00000000 00:00 0 
7f4767201000-7f47672ff000 rw-p 00000000 00:00 0 
7f47672ff000-7f4767302000 ---p 00000000 00:00 0 
7f4767302000-7f4767400000 rw-p 00000000 00:00 0 
7f4767400000-7f4767401000 ---p 00000000 00:00 0 
7f4767401000-7f476c000000 rw-p 00000000 00:00 0 
7f476c000000-7f476c021000 rw-p 00000000 00:00 0 
7f476c021000-7f4770000000 ---p 00000000 00:00 0 
7f4770000000-7f4770021000 rw-p 00000000 00:00 0 
7f4770021000-7f4774000000 ---p 00000000 00:00 0 
7f4774000000-7f4774021000 rw-p 00000000 00:00 0 
7f4774021000-7f4778000000 ---p 00000000 00:00 0 
7f4778000000-7f4778021000 rw-p 00000000 00:00 0 
7f4778021000-7f477c000000 ---p 00000000 00:00 0 
7f477c000000-7f477c021000 rw-p 00000000 00:00 0 
7f477c021000-7f4780000000 ---p 00000000 00:00 0 
7f4780000000-7f4780021000 rw-p 00000000 00:00 0 
7f4780021000-7f4784000000 ---p 00000000 00:00 0 
7f4784000000-7f4784021000 rw-p 00000000 00:00 0 
7f4784021000-7f4788000000 ---p 00000000 00:00 0 
7f4788000000-7f4788021000 rw-p 00000000 00:00 0 
7f4788021000-7f478c000000 ---p 00000000 00:00 0 
7f478c019000-7f478ce27000 rw-p 00000000 00:00 0 
7f478ce27000-7f478d000000 r--s 03d1f000 08:08 11281157                   /usr/lib/jvm/java-8-oracle/jre/lib/rt.jar
7f478d000000-7f478d270000 rwxp 00000000 00:00 0 
7f478d270000-7f479c000000 ---p 00000000 00:00 0 
7f479c000000-7f479c11d000 rw-p 00000000 00:00 0 
7f479c11d000-7f47a0000000 ---p 00000000 00:00 0 
7f47a0014000-7f47a05df000 rw-p 00000000 00:00 0 
7f47a05df000-7f47a099f000 ---p 00000000 00:00 0 
7f47a099f000-7f47a0d7a000 rw-p 00000000 00:00 0 
7f47a0d7a000-7f47a0d7b000 ---p 00000000 00:00 0 
7f47a0d7b000-7f47a0e7b000 rw-p 00000000 00:00 0 
7f47a0e7b000-7f47a0e7c000 ---p 00000000 00:00 0 
7f47a0e7c000-7f47a0f7c000 rw-p 00000000 00:00 0 
7f47a0f7c000-7f47a0f7d000 ---p 00000000 00:00 0 
7f47a0f7d000-7f47a107d000 rw-p 00000000 00:00 0 
7f47a107d000-7f47a107e000 ---p 00000000 00:00 0 
7f47a107e000-7f47a117e000 rw-p 00000000 00:00 0 
7f47a117e000-7f47a117f000 ---p 00000000 00:00 0 
7f47a117f000-7f47a127f000 rw-p 00000000 00:00 0 
7f47a127f000-7f47a1280000 ---p 00000000 00:00 0 
7f47a1280000-7f47a1380000 rw-p 00000000 00:00 0 
7f47a1380000-7f47a1381000 ---p 00000000 00:00 0 
7f47a1381000-7f47a1481000 rw-p 00000000 00:00 0 
7f47a1481000-7f47a1482000 ---p 00000000 00:00 0 
7f47a1482000-7f47a15ac000 rw-p 00000000 00:00 0 
7f47a15ac000-7f47a1814000 ---p 00000000 00:00 0 
7f47a1814000-7f47a183e000 rw-p 00000000 00:00 0 
7f47a183e000-7f47a1aa6000 ---p 00000000 00:00 0 
7f47a1aa6000-7f47a1abb000 rw-p 00000000 00:00 0 
7f47a1abb000-7f47a1bef000 ---p 00000000 00:00 0 
7f47a1bef000-7f47a1bfa000 rw-p 00000000 00:00 0 
7f47a1bfa000-7f47a1fb0000 ---p 00000000 00:00 0 
7f47a1fb0000-7f47a1fca000 r-xp 00000000 08:08 11536453                   /usr/lib/jvm/java-8-oracle/jre/lib/amd64/libzip.so
7f47a1fca000-7f47a21ca000 ---p 0001a000 08:08 11536453                   /usr/lib/jvm/java-8-oracle/jre/lib/amd64/libzip.so
7f47a21ca000-7f47a21cb000 rw-p 0001a000 08:08 11536453                   /usr/lib/jvm/java-8-oracle/jre/lib/amd64/libzip.so
7f47a21cb000-7f47a21d6000 r-xp 00000000 08:08 17957127                   /lib/x86_64-linux-gnu/libnss_files-2.23.so
7f47a21d6000-7f47a23d5000 ---p 0000b000 08:08 17957127                   /lib/x86_64-linux-gnu/libnss_files-2.23.so
7f47a23d5000-7f47a23d6000 r--p 0000a000 08:08 17957127                   /lib/x86_64-linux-gnu/libnss_files-2.23.so
7f47a23d6000-7f47a23d7000 rw-p 0000b000 08:08 17957127                   /lib/x86_64-linux-gnu/libnss_files-2.23.so
7f47a23d7000-7f47a23dd000 rw-p 00000000 00:00 0 
7f47a23dd000-7f47a23e8000 r-xp 00000000 08:08 17957133                   /lib/x86_64-linux-gnu/libnss_nis-2.23.so
7f47a23e8000-7f47a25e7000 ---p 0000b000 08:08 17957133                   /lib/x86_64-linux-gnu/libnss_nis-2.23.so
7f47a25e7000-7f47a25e8000 r--p 0000a000 08:08 17957133                   /lib/x86_64-linux-gnu/libnss_nis-2.23.so
7f47a25e8000-7f47a25e9000 rw-p 0000b000 08:08 17957133                   /lib/x86_64-linux-gnu/libnss_nis-2.23.so
7f47a25e9000-7f47a25ff000 r-xp 00000000 08:08 17957119                   /lib/x86_64-linux-gnu/libnsl-2.23.so
7f47a25ff000-7f47a27fe000 ---p 00016000 08:08 17957119                   /lib/x86_64-linux-gnu/libnsl-2.23.so
7f47a27fe000-7f47a27ff000 r--p 00015000 08:08 17957119                   /lib/x86_64-linux-gnu/libnsl-2.23.so
7f47a27ff000-7f47a2800000 rw-p 00016000 08:08 17957119                   /lib/x86_64-linux-gnu/libnsl-2.23.so
7f47a2800000-7f47a2802000 rw-p 00000000 00:00 0 
7f47a2802000-7f47a280a000 r-xp 00000000 08:08 17957145                   /lib/x86_64-linux-gnu/libnss_compat-2.23.so
7f47a280a000-7f47a2a09000 ---p 00008000 08:08 17957145                   /lib/x86_64-linux-gnu/libnss_compat-2.23.so
7f47a2a09000-7f47a2a0a000 r--p 00007000 08:08 17957145                   /lib/x86_64-linux-gnu/libnss_compat-2.23.so
7f47a2a0a000-7f47a2a0b000 rw-p 00008000 08:08 17957145                   /lib/x86_64-linux-gnu/libnss_compat-2.23.so
7f47a2a0b000-7f47a2a35000 r-xp 00000000 08:08 11536479                   /usr/lib/jvm/java-8-oracle/jre/lib/amd64/libjava.so
7f47a2a35000-7f47a2c35000 ---p 0002a000 08:08 11536479                   /usr/lib/jvm/java-8-oracle/jre/lib/amd64/libjava.so
7f47a2c35000-7f47a2c37000 rw-p 0002a000 08:08 11536479                   /usr/lib/jvm/java-8-oracle/jre/lib/amd64/libjava.so
7f47a2c37000-7f47a2c44000 r-xp 00000000 08:08 11536457                   /usr/lib/jvm/java-8-oracle/jre/lib/amd64/libverify.so
7f47a2c44000-7f47a2e44000 ---p 0000d000 08:08 11536457                   /usr/lib/jvm/java-8-oracle/jre/lib/amd64/libverify.so
7f47a2e44000-7f47a2e46000 rw-p 0000d000 08:08 11536457                   /usr/lib/jvm/java-8-oracle/jre/lib/amd64/libverify.so
7f47a2e46000-7f47a2e4d000 r-xp 00000000 08:08 17957137                   /lib/x86_64-linux-gnu/librt-2.23.so
7f47a2e4d000-7f47a304c000 ---p 00007000 08:08 17957137                   /lib/x86_64-linux-gnu/librt-2.23.so
7f47a304c000-7f47a304d000 r--p 00006000 08:08 17957137                   /lib/x86_64-linux-gnu/librt-2.23.so
7f47a304d000-7f47a304e000 rw-p 00007000 08:08 17957137                   /lib/x86_64-linux-gnu/librt-2.23.so
7f47a304e000-7f47a3156000 r-xp 00000000 08:08 17957155                   /lib/x86_64-linux-gnu/libm-2.23.so
7f47a3156000-7f47a3355000 ---p 00108000 08:08 17957155                   /lib/x86_64-linux-gnu/libm-2.23.so
7f47a3355000-7f47a3356000 r--p 00107000 08:08 17957155                   /lib/x86_64-linux-gnu/libm-2.23.so
7f47a3356000-7f47a3357000 rw-p 00108000 08:08 17957155                   /lib/x86_64-linux-gnu/libm-2.23.so
7f47a3357000-7f47a4017000 r-xp 00000000 08:08 11536488                   /usr/lib/jvm/java-8-oracle/jre/lib/amd64/server/libjvm.so
7f47a4017000-7f47a4217000 ---p 00cc0000 08:08 11536488                   /usr/lib/jvm/java-8-oracle/jre/lib/amd64/server/libjvm.so
7f47a4217000-7f47a42ef000 rw-p 00cc0000 08:08 11536488                   /usr/lib/jvm/java-8-oracle/jre/lib/amd64/server/libjvm.so
7f47a42ef000-7f47a433a000 rw-p 00000000 00:00 0 
7f47a433a000-7f47a44fa000 r-xp 00000000 08:08 17957162                   /lib/x86_64-linux-gnu/libc-2.23.so
7f47a44fa000-7f47a46fa000 ---p 001c0000 08:08 17957162                   /lib/x86_64-linux-gnu/libc-2.23.so
7f47a46fa000-7f47a46fe000 r--p 001c0000 08:08 17957162                   /lib/x86_64-linux-gnu/libc-2.23.so
7f47a46fe000-7f47a4700000 rw-p 001c4000 08:08 17957162                   /lib/x86_64-linux-gnu/libc-2.23.so
7f47a4700000-7f47a4704000 rw-p 00000000 00:00 0 
7f47a4704000-7f47a4707000 r-xp 00000000 08:08 17957143                   /lib/x86_64-linux-gnu/libdl-2.23.so
7f47a4707000-7f47a4906000 ---p 00003000 08:08 17957143                   /lib/x86_64-linux-gnu/libdl-2.23.so
7f47a4906000-7f47a4907000 r--p 00002000 08:08 17957143                   /lib/x86_64-linux-gnu/libdl-2.23.so
7f47a4907000-7f47a4908000 rw-p 00003000 08:08 17957143                   /lib/x86_64-linux-gnu/libdl-2.23.so
7f47a4908000-7f47a491d000 r-xp 00000000 08:08 11536451                   /usr/lib/jvm/java-8-oracle/jre/lib/amd64/jli/libjli.so
7f47a491d000-7f47a4b1d000 ---p 00015000 08:08 11536451                   /usr/lib/jvm/java-8-oracle/jre/lib/amd64/jli/libjli.so
7f47a4b1d000-7f47a4b1e000 rw-p 00015000 08:08 11536451                   /usr/lib/jvm/java-8-oracle/jre/lib/amd64/jli/libjli.so
7f47a4b1e000-7f47a4b36000 r-xp 00000000 08:08 17957131                   /lib/x86_64-linux-gnu/libpthread-2.23.so
7f47a4b36000-7f47a4d35000 ---p 00018000 08:08 17957131                   /lib/x86_64-linux-gnu/libpthread-2.23.so
7f47a4d35000-7f47a4d36000 r--p 00017000 08:08 17957131                   /lib/x86_64-linux-gnu/libpthread-2.23.so
7f47a4d36000-7f47a4d37000 rw-p 00018000 08:08 17957131                   /lib/x86_64-linux-gnu/libpthread-2.23.so
7f47a4d37000-7f47a4d3b000 rw-p 00000000 00:00 0 
7f47a4d3b000-7f47a4d61000 r-xp 00000000 08:08 17957121                   /lib/x86_64-linux-gnu/ld-2.23.so
7f47a4d80000-7f47a4e2a000 rw-p 00000000 00:00 0 
7f47a4e2a000-7f47a4e2d000 ---p 00000000 00:00 0 
7f47a4e2d000-7f47a4f2f000 rw-p 00000000 00:00 0 
7f47a4f33000-7f47a4f54000 rw-p 00000000 00:00 0 
7f47a4f54000-7f47a4f5c000 rw-s 00000000 08:08 16122031                   /tmp/hsperfdata_alberto/2686
7f47a4f5c000-7f47a4f5d000 rw-p 00000000 00:00 0 
7f47a4f5d000-7f47a4f5e000 r--p 00000000 00:00 0 
7f47a4f5e000-7f47a4f60000 rw-p 00000000 00:00 0 
7f47a4f60000-7f47a4f61000 r--p 00025000 08:08 17957121                   /lib/x86_64-linux-gnu/ld-2.23.so
7f47a4f61000-7f47a4f62000 rw-p 00026000 08:08 17957121                   /lib/x86_64-linux-gnu/ld-2.23.so
7f47a4f62000-7f47a4f63000 rw-p 00000000 00:00 0 
7ffcdcb50000-7ffcdcb72000 rw-p 00000000 00:00 0                          [stack]
7ffcdcbd9000-7ffcdcbdb000 r--p 00000000 00:00 0                          [vvar]
7ffcdcbdb000-7ffcdcbdd000 r-xp 00000000 00:00 0                          [vdso]
ffffffffff600000-ffffffffff601000 r-xp 00000000 00:00 0                  [vsyscall]

VM Arguments:
java_command: Main
java_class_path (initial): .
Launcher Type: SUN_STANDARD

Environment Variables:
PATH=/home/alberto/torch/install/bin:/home/alberto/torch/install/bin:/usr/local/cuda-8.0/bin:/home/alberto/torch/install/bin:/home/alberto/torch/install/bin:/home/alberto/torch/install/bin:/usr/local/sbin:/usr/local/bin:/usr/sbin:/usr/bin:/sbin:/bin:/usr/games:/usr/local/games:/snap/bin
USERNAME=alberto
LD_LIBRARY_PATH=/home/alberto/torch/install/lib:/home/alberto/torch/install/lib:/usr/local/cuda-8.0/lib64:/home/alberto/torch/install/lib:/home/alberto/torch/install/lib:/home/alberto/torch/install/lib:
SHELL=/bin/bash
DISPLAY=:1
DYLD_LIBRARY_PATH=/home/alberto/torch/install/lib:/home/alberto/torch/install/lib:/home/alberto/torch/install/lib:/home/alberto/torch/install/lib:/home/alberto/torch/install/lib:

Signal Handlers:
SIGSEGV: [libjvm.so+0xabca10], sa_mask[0]=11111111011111111101111111111110, sa_flags=SA_RESTART|SA_SIGINFO
SIGBUS: [libjvm.so+0xabca10], sa_mask[0]=11111111011111111101111111111110, sa_flags=SA_RESTART|SA_SIGINFO
SIGFPE: [libjvm.so+0x919a20], sa_mask[0]=11111111011111111101111111111110, sa_flags=SA_RESTART|SA_SIGINFO
SIGPIPE: [libjvm.so+0x919a20], sa_mask[0]=11111111011111111101111111111110, sa_flags=SA_RESTART|SA_SIGINFO
SIGXFSZ: [libjvm.so+0x919a20], sa_mask[0]=11111111011111111101111111111110, sa_flags=SA_RESTART|SA_SIGINFO
SIGILL: [libjvm.so+0x919a20], sa_mask[0]=11111111011111111101111111111110, sa_flags=SA_RESTART|SA_SIGINFO
SIGUSR1: SIG_DFL, sa_mask[0]=00000000000000000000000000000000, sa_flags=none
SIGUSR2: [libjvm.so+0x91b050], sa_mask[0]=00000000000000000000000000000000, sa_flags=SA_RESTART|SA_SIGINFO
SIGHUP: [libjvm.so+0x91c450], sa_mask[0]=11111111011111111101111111111110, sa_flags=SA_RESTART|SA_SIGINFO
SIGINT: [libjvm.so+0x91c450], sa_mask[0]=11111111011111111101111111111110, sa_flags=SA_RESTART|SA_SIGINFO
SIGTERM: [libjvm.so+0x91c450], sa_mask[0]=11111111011111111101111111111110, sa_flags=SA_RESTART|SA_SIGINFO
SIGQUIT: [libjvm.so+0x91c450], sa_mask[0]=11111111011111111101111111111110, sa_flags=SA_RESTART|SA_SIGINFO


---------------  S Y S T E M  ---------------

OS:DISTRIB_ID=Ubuntu
DISTRIB_RELEASE=16.04
DISTRIB_CODENAME=xenial
DISTRIB_DESCRIPTION="Ubuntu 16.04.3 LTS"

uname:Linux 4.4.0-96-generic #119-Ubuntu SMP Tue Sep 12 14:59:54 UTC 2017 x86_64
libc:glibc 2.23 NPTL 2.23 
rlimit: STACK 8192k, CORE 0k, NPROC 31112, NOFILE 1048576, AS infinity
load average:2.15 1.74 1.77

/proc/meminfo:
MemTotal:        8085072 kB
MemFree:          998932 kB
MemAvailable:    1230808 kB
Buffers:           28740 kB
Cached:           824584 kB
SwapCached:        40896 kB
Active:          5376900 kB
Inactive:        1407016 kB
Active(anon):    5130904 kB
Inactive(anon):  1234680 kB
Active(file):     245996 kB
Inactive(file):   172336 kB
Unevictable:          32 kB
Mlocked:              32 kB
SwapTotal:       8298492 kB
SwapFree:        7763520 kB
Dirty:              2808 kB
Writeback:             0 kB
AnonPages:       5895840 kB
Mapped:           351184 kB
Shmem:            434984 kB
Slab:             126804 kB
SReclaimable:      73944 kB
SUnreclaim:        52860 kB
KernelStack:       15040 kB
PageTables:        65552 kB
NFS_Unstable:          0 kB
Bounce:                0 kB
WritebackTmp:          0 kB
CommitLimit:    12341028 kB
Committed_AS:   13660880 kB
VmallocTotal:   34359738367 kB
VmallocUsed:           0 kB
VmallocChunk:          0 kB
HardwareCorrupted:     0 kB
AnonHugePages:   2756608 kB
CmaTotal:              0 kB
CmaFree:               0 kB
HugePages_Total:       0
HugePages_Free:        0
HugePages_Rsvd:        0
HugePages_Surp:        0
Hugepagesize:       2048 kB
DirectMap4k:      166656 kB
DirectMap2M:     7084032 kB
DirectMap1G:     2097152 kB


CPU:total 8 (4 cores per cpu, 2 threads per core) family 6 model 60 stepping 3, cmov, cx8, fxsr, mmx, sse, sse2, sse3, ssse3, sse4.1, sse4.2, popcnt, avx, avx2, aes, clmul, erms, lzcnt, ht, tsc, tscinvbit, bmi1, bmi2

/proc/cpuinfo:
processor	: 0
vendor_id	: GenuineIntel
cpu family	: 6
model		: 60
model name	: Intel(R) Core(TM) i7-4710HQ CPU @ 2.50GHz
stepping	: 3
microcode	: 0x22
cpu MHz		: 3304.003
cache size	: 6144 KB
physical id	: 0
siblings	: 8
core id		: 0
cpu cores	: 4
apicid		: 0
initial apicid	: 0
fpu		: yes
fpu_exception	: yes
cpuid level	: 13
wp		: yes
flags		: fpu vme de pse tsc msr pae mce cx8 apic sep mtrr pge mca cmov pat pse36 clflush dts acpi mmx fxsr sse sse2 ss ht tm pbe syscall nx pdpe1gb rdtscp lm constant_tsc arch_perfmon pebs bts rep_good nopl xtopology nonstop_tsc aperfmperf eagerfpu pni pclmulqdq dtes64 monitor ds_cpl vmx est tm2 ssse3 sdbg fma cx16 xtpr pdcm pcid sse4_1 sse4_2 x2apic movbe popcnt tsc_deadline_timer aes xsave avx f16c rdrand lahf_lm abm epb tpr_shadow vnmi flexpriority ept vpid fsgsbase tsc_adjust bmi1 avx2 smep bmi2 erms invpcid xsaveopt dtherm ida arat pln pts
bugs		:
bogomips	: 4988.95
clflush size	: 64
cache_alignment	: 64
address sizes	: 39 bits physical, 48 bits virtual
power management:

processor	: 1
vendor_id	: GenuineIntel
cpu family	: 6
model		: 60
model name	: Intel(R) Core(TM) i7-4710HQ CPU @ 2.50GHz
stepping	: 3
microcode	: 0x22
cpu MHz		: 3307.421
cache size	: 6144 KB
physical id	: 0
siblings	: 8
core id		: 0
cpu cores	: 4
apicid		: 1
initial apicid	: 1
fpu		: yes
fpu_exception	: yes
cpuid level	: 13
wp		: yes
flags		: fpu vme de pse tsc msr pae mce cx8 apic sep mtrr pge mca cmov pat pse36 clflush dts acpi mmx fxsr sse sse2 ss ht tm pbe syscall nx pdpe1gb rdtscp lm constant_tsc arch_perfmon pebs bts rep_good nopl xtopology nonstop_tsc aperfmperf eagerfpu pni pclmulqdq dtes64 monitor ds_cpl vmx est tm2 ssse3 sdbg fma cx16 xtpr pdcm pcid sse4_1 sse4_2 x2apic movbe popcnt tsc_deadline_timer aes xsave avx f16c rdrand lahf_lm abm epb tpr_shadow vnmi flexpriority ept vpid fsgsbase tsc_adjust bmi1 avx2 smep bmi2 erms invpcid xsaveopt dtherm ida arat pln pts
bugs		:
bogomips	: 4988.95
clflush size	: 64
cache_alignment	: 64
address sizes	: 39 bits physical, 48 bits virtual
power management:

processor	: 2
vendor_id	: GenuineIntel
cpu family	: 6
model		: 60
model name	: Intel(R) Core(TM) i7-4710HQ CPU @ 2.50GHz
stepping	: 3
microcode	: 0x22
cpu MHz		: 3299.902
cache size	: 6144 KB
physical id	: 0
siblings	: 8
core id		: 1
cpu cores	: 4
apicid		: 2
initial apicid	: 2
fpu		: yes
fpu_exception	: yes
cpuid level	: 13
wp		: yes
flags		: fpu vme de pse tsc msr pae mce cx8 apic sep mtrr pge mca cmov pat pse36 clflush dts acpi mmx fxsr sse sse2 ss ht tm pbe syscall nx pdpe1gb rdtscp lm constant_tsc arch_perfmon pebs bts rep_good nopl xtopology nonstop_tsc aperfmperf eagerfpu pni pclmulqdq dtes64 monitor ds_cpl vmx est tm2 ssse3 sdbg fma cx16 xtpr pdcm pcid sse4_1 sse4_2 x2apic movbe popcnt tsc_deadline_timer aes xsave avx f16c rdrand lahf_lm abm epb tpr_shadow vnmi flexpriority ept vpid fsgsbase tsc_adjust bmi1 avx2 smep bmi2 erms invpcid xsaveopt dtherm ida arat pln pts
bugs		:
bogomips	: 4988.95
clflush size	: 64
cache_alignment	: 64
address sizes	: 39 bits physical, 48 bits virtual
power management:

processor	: 3
vendor_id	: GenuineIntel
cpu family	: 6
model		: 60
model name	: Intel(R) Core(TM) i7-4710HQ CPU @ 2.50GHz
stepping	: 3
microcode	: 0x22
cpu MHz		: 3321.484
cache size	: 6144 KB
physical id	: 0
siblings	: 8
core id		: 1
cpu cores	: 4
apicid		: 3
initial apicid	: 3
fpu		: yes
fpu_exception	: yes
cpuid level	: 13
wp		: yes
flags		: fpu vme de pse tsc msr pae mce cx8 apic sep mtrr pge mca cmov pat pse36 clflush dts acpi mmx fxsr sse sse2 ss ht tm pbe syscall nx pdpe1gb rdtscp lm constant_tsc arch_perfmon pebs bts rep_good nopl xtopology nonstop_tsc aperfmperf eagerfpu pni pclmulqdq dtes64 monitor ds_cpl vmx est tm2 ssse3 sdbg fma cx16 xtpr pdcm pcid sse4_1 sse4_2 x2apic movbe popcnt tsc_deadline_timer aes xsave avx f16c rdrand lahf_lm abm epb tpr_shadow vnmi flexpriority ept vpid fsgsbase tsc_adjust bmi1 avx2 smep bmi2 erms invpcid xsaveopt dtherm ida arat pln pts
bugs		:
bogomips	: 4988.95
clflush size	: 64
cache_alignment	: 64
address sizes	: 39 bits physical, 48 bits virtual
power management:

processor	: 4
vendor_id	: GenuineIntel
cpu family	: 6
model		: 60
model name	: Intel(R) Core(TM) i7-4710HQ CPU @ 2.50GHz
stepping	: 3
microcode	: 0x22
cpu MHz		: 3299.902
cache size	: 6144 KB
physical id	: 0
siblings	: 8
core id		: 2
cpu cores	: 4
apicid		: 4
initial apicid	: 4
fpu		: yes
fpu_exception	: yes
cpuid level	: 13
wp		: yes
flags		: fpu vme de pse tsc msr pae mce cx8 apic sep mtrr pge mca cmov pat pse36 clflush dts acpi mmx fxsr sse sse2 ss ht tm pbe syscall nx pdpe1gb rdtscp lm constant_tsc arch_perfmon pebs bts rep_good nopl xtopology nonstop_tsc aperfmperf eagerfpu pni pclmulqdq dtes64 monitor ds_cpl vmx est tm2 ssse3 sdbg fma cx16 xtpr pdcm pcid sse4_1 sse4_2 x2apic movbe popcnt tsc_deadline_timer aes xsave avx f16c rdrand lahf_lm abm epb tpr_shadow vnmi flexpriority ept vpid fsgsbase tsc_adjust bmi1 avx2 smep bmi2 erms invpcid xsaveopt dtherm ida arat pln pts
bugs		:
bogomips	: 4988.95
clflush size	: 64
cache_alignment	: 64
address sizes	: 39 bits physical, 48 bits virtual
power management:

processor	: 5
vendor_id	: GenuineIntel
cpu family	: 6
model		: 60
model name	: Intel(R) Core(TM) i7-4710HQ CPU @ 2.50GHz
stepping	: 3
microcode	: 0x22
cpu MHz		: 3298.730
cache size	: 6144 KB
physical id	: 0
siblings	: 8
core id		: 2
cpu cores	: 4
apicid		: 5
initial apicid	: 5
fpu		: yes
fpu_exception	: yes
cpuid level	: 13
wp		: yes
flags		: fpu vme de pse tsc msr pae mce cx8 apic sep mtrr pge mca cmov pat pse36 clflush dts acpi mmx fxsr sse sse2 ss ht tm pbe syscall nx pdpe1gb rdtscp lm constant_tsc arch_perfmon pebs bts rep_good nopl xtopology nonstop_tsc aperfmperf eagerfpu pni pclmulqdq dtes64 monitor ds_cpl vmx est tm2 ssse3 sdbg fma cx16 xtpr pdcm pcid sse4_1 sse4_2 x2apic movbe popcnt tsc_deadline_timer aes xsave avx f16c rdrand lahf_lm abm epb tpr_shadow vnmi flexpriority ept vpid fsgsbase tsc_adjust bmi1 avx2 smep bmi2 erms invpcid xsaveopt dtherm ida arat pln pts
bugs		:
bogomips	: 4988.95
clflush size	: 64
cache_alignment	: 64
address sizes	: 39 bits physical, 48 bits virtual
power management:

processor	: 6
vendor_id	: GenuineIntel
cpu family	: 6
model		: 60
model name	: Intel(R) Core(TM) i7-4710HQ CPU @ 2.50GHz
stepping	: 3
microcode	: 0x22
cpu MHz		: 3310.156
cache size	: 6144 KB
physical id	: 0
siblings	: 8
core id		: 3
cpu cores	: 4
apicid		: 6
initial apicid	: 6
fpu		: yes
fpu_exception	: yes
cpuid level	: 13
wp		: yes
flags		: fpu vme de pse tsc msr pae mce cx8 apic sep mtrr pge mca cmov pat pse36 clflush dts acpi mmx fxsr sse sse2 ss ht tm pbe syscall nx pdpe1gb rdtscp lm constant_tsc arch_perfmon pebs bts rep_good nopl xtopology nonstop_tsc aperfmperf eagerfpu pni pclmulqdq dtes64 monitor ds_cpl vmx est tm2 ssse3 sdbg fma cx16 xtpr pdcm pcid sse4_1 sse4_2 x2apic movbe popcnt tsc_deadline_timer aes xsave avx f16c rdrand lahf_lm abm epb tpr_shadow vnmi flexpriority ept vpid fsgsbase tsc_adjust bmi1 avx2 smep bmi2 erms invpcid xsaveopt dtherm ida arat pln pts
bugs		:
bogomips	: 4988.95
clflush size	: 64
cache_alignment	: 64
address sizes	: 39 bits physical, 48 bits virtual
power management:

processor	: 7
vendor_id	: GenuineIntel
cpu family	: 6
model		: 60
model name	: Intel(R) Core(TM) i7-4710HQ CPU @ 2.50GHz
stepping	: 3
microcode	: 0x22
cpu MHz		: 3300.195
cache size	: 6144 KB
physical id	: 0
siblings	: 8
core id		: 3
cpu cores	: 4
apicid		: 7
initial apicid	: 7
fpu		: yes
fpu_exception	: yes
cpuid level	: 13
wp		: yes
flags		: fpu vme de pse tsc msr pae mce cx8 apic sep mtrr pge mca cmov pat pse36 clflush dts acpi mmx fxsr sse sse2 ss ht tm pbe syscall nx pdpe1gb rdtscp lm constant_tsc arch_perfmon pebs bts rep_good nopl xtopology nonstop_tsc aperfmperf eagerfpu pni pclmulqdq dtes64 monitor ds_cpl vmx est tm2 ssse3 sdbg fma cx16 xtpr pdcm pcid sse4_1 sse4_2 x2apic movbe popcnt tsc_deadline_timer aes xsave avx f16c rdrand lahf_lm abm epb tpr_shadow vnmi flexpriority ept vpid fsgsbase tsc_adjust bmi1 avx2 smep bmi2 erms invpcid xsaveopt dtherm ida arat pln pts
bugs		:
bogomips	: 4988.95
clflush size	: 64
cache_alignment	: 64
address sizes	: 39 bits physical, 48 bits virtual
power management:



Memory: 4k page, physical 8085072k(998932k free), swap 8298492k(7763520k free)

vm_info: Java HotSpot(TM) 64-Bit Server VM (25.91-b14) for linux-amd64 JRE (1.8.0_91-b14), built on Apr  1 2016 00:57:21 by "java_re" with gcc 4.3.0 20080428 (Red Hat 4.3.0-8)

time: Wed Sep 27 22:57:15 2017
elapsed time: 0 seconds (0d 0h 0m 0s)

