#
# A fatal error has been detected by the Java Runtime Environment:
#
#  SIGSEGV (0xb) at pc=0x00007fd97c34a8df, pid=7428, tid=140572080355072
#
# JRE version: Java(TM) SE Runtime Environment (8.0_91-b14) (build 1.8.0_91-b14)
# Java VM: Java HotSpot(TM) 64-Bit Server VM (25.91-b14 mixed mode linux-amd64 compressed oops)
# Problematic frame:
# C  [libc.so.6+0x968df]  strchrnul+0x17f
#
# Failed to write core dump. Core dumps have been disabled. To enable core dumping, try "ulimit -c unlimited" before starting Java again
#
# If you would like to submit a bug report, please visit:
#   http://bugreport.java.com/bugreport/crash.jsp
# The crash happened outside the Java Virtual Machine in native code.
# See problematic frame for where to report the bug.
#

---------------  T H R E A D  ---------------

Current thread (0x00007fd974009800):  JavaThread "main" [_thread_in_native, id=7429, stack(0x00007fd97cda3000,0x00007fd97cea4000)]

siginfo: si_signo: 11 (SIGSEGV), si_code: 2 (SEGV_ACCERR), si_addr: 0x00000000ffffffc0

Registers:
RAX=0x0000000000000ff7, RBX=0x00007fd97ce9fff0, RCX=0x00000000fbad8004, RDX=0x00000000ffffffc0
RSP=0x00007fd97ce9fa48, RBP=0x00007fd97ce9ffc0, RSI=0x0000000000000025, RDI=0x00000000fffffff7
R8 =0x00007fd97cea3700, R9 =0x0000000000000006, R10=0x0000000000000073, R11=0x0000000000000001
R12=0x00000000fffffff7, R13=0x00007fd97cea2718, R14=0x0000000000000000, R15=0x00007fd974009800
RIP=0x00007fd97c34a8df, EFLAGS=0x0000000000010206, CSGSFS=0xffff000000000033, ERR=0x0000000000000004
  TRAPNO=0x000000000000000e

Top of Stack: (sp=0x00007fd97ce9fa48)
0x00007fd97ce9fa48:   00007fd97c301208 00000000000000c0
0x00007fd97ce9fa58:   00000000000000e0 0000000000000100
0x00007fd97ce9fa68:   0000000040979378 00007fd97ce9fb10
0x00007fd97ce9fa78:   0000000000000000 ffffffffffffffff
0x00007fd97ce9fa88:   0000000200000000 00007fd97ce9f9d0
0x00007fd97ce9fa98:   00007fd97c4436f9 00007fd915a96000
0x00007fd97ce9faa8:   00007fd915bb6000 00007fd97ce9fb18
0x00007fd97ce9fab8:   000000000000011f 00007fd93dc45fc1
0x00007fd97ce9fac8:   00007fd93dc352ce 00007fd97cea0590
0x00007fd97ce9fad8:   0000003000000018 00007fd97cea2710
0x00007fd97ce9fae8:   00007fd97cea2630 00007fd97cea0580
0x00007fd97ce9faf8:   00007fd97ce9fd80 00007fd97ce9fdb0
0x00007fd97ce9fb08:   00007fd97ce9fbc0 00000000fbad8004
0x00007fd97ce9fb18:   000000023c4db920 0000000000000001
0x00007fd97ce9fb28:   00007fd93dc3a1b9 00007fd97ce9f950
0x00007fd97ce9fb38:   00007fd97ce9f9d8 00007fd97ce9fa20
0x00007fd97ce9fb48:   00007fd90e000000 00007fd90e120000
0x00007fd97ce9fb58:   00007fd97ce9fbc0 00007fd97ce9fcc0
0x00007fd97ce9fb68:   0000003000000018 00007fd97cea2800
0x00007fd97ce9fb78:   00007fd97cea2730 000000000000011f
0x00007fd97ce9fb88:   00007fd97cea0580 00007fd97cea05bc
0x00007fd97ce9fb98:   9024be906e000f00 00007fd97cea05bc
0x00007fd97ce9fba8:   00007fd93dc05fbd 00007fd97cea0580
0x00007fd97ce9fbb8:   0000000000002000 00007fd93c4db920
0x00007fd97ce9fbc8:   0000000000000002 00007fd97cea0590
0x00007fd97ce9fbd8:   00007fd97ce9f950 00007fd97ce9f9e0
0x00007fd97ce9fbe8:   00007fd97ce9fa20 00007fd904000000
0x00007fd97ce9fbf8:   00007fd904120000 00007fd97ce9fc68
0x00007fd97ce9fc08:   00007fd97ce9fcc0 0000000000000001
0x00007fd97ce9fc18:   00007fd93dc3560d 0000000000000033
0x00007fd97ce9fc28:   00007fd93dc3a1b9 000000a900000030
0x00007fd97ce9fc38:   00007fd97ce9fc80 00000000409793b8 

Instructions: (pc=0x00007fd97c34a8df)
0x00007fd97c34a8bf:   d0 48 0f bc c0 48 8d 04 07 c3 0f 1f 80 00 00 00
0x00007fd97c34a8cf:   00 48 89 fa 66 0f ef d2 48 83 e2 c0 66 0f 6f c1
0x00007fd97c34a8df:   66 0f 6f 1a 66 0f 6f e3 66 0f 74 d9 66 0f 74 e2
0x00007fd97c34a8ef:   66 0f eb dc 66 44 0f d7 c3 66 0f 6f 5a 10 66 0f 

Register to memory mapping:

RAX=0x0000000000000ff7 is an unknown value
RBX=0x00007fd97ce9fff0 is pointing into the stack for thread: 0x00007fd974009800
RCX=0x00000000fbad8004 is an unallocated location in the heap
RDX=0x00000000ffffffc0 is an unallocated location in the heap
RSP=0x00007fd97ce9fa48 is pointing into the stack for thread: 0x00007fd974009800
RBP=0x00007fd97ce9ffc0 is pointing into the stack for thread: 0x00007fd974009800
RSI=0x0000000000000025 is an unknown value
RDI=0x00000000fffffff7 is an unallocated location in the heap
R8 =0x00007fd97cea3700 is pointing into the stack for thread: 0x00007fd974009800
R9 =0x0000000000000006 is an unknown value
R10=0x0000000000000073 is an unknown value
R11=0x0000000000000001 is an unknown value
R12=0x00000000fffffff7 is an unallocated location in the heap
R13=0x00007fd97cea2718 is pointing into the stack for thread: 0x00007fd974009800
R14=0x0000000000000000 is an unknown value
R15=0x00007fd974009800 is a thread


Stack: [0x00007fd97cda3000,0x00007fd97cea4000],  sp=0x00007fd97ce9fa48,  free space=1010k
Native frames: (J=compiled Java code, j=interpreted, Vv=VM code, C=native code)
C  [libc.so.6+0x968df]  strchrnul+0x17f
C  [libc.so.6+0x4fef1]
C  [libc.so.6+0x10530b]
C  [libc.so.6+0x10541e]  error+0xce

Java frames: (J=compiled Java code, j=interpreted, Vv=VM code)
j  Servidor.startTorch()V+0
j  Servidor._startTorch()V+1
j  Main.main([Ljava/lang/String;)V+12
v  ~StubRoutines::call_stub

---------------  P R O C E S S  ---------------

Java Threads: ( => current thread )
  0x00007fd9740d3800 JavaThread "Service Thread" daemon [_thread_blocked, id=7446, stack(0x00007fd93e6e2000,0x00007fd93e7e3000)]
  0x00007fd9740c8000 JavaThread "C1 CompilerThread3" daemon [_thread_blocked, id=7445, stack(0x00007fd93e7e3000,0x00007fd93e8e4000)]
  0x00007fd9740c6000 JavaThread "C2 CompilerThread2" daemon [_thread_blocked, id=7444, stack(0x00007fd93e8e4000,0x00007fd93e9e5000)]
  0x00007fd9740c4800 JavaThread "C2 CompilerThread1" daemon [_thread_blocked, id=7443, stack(0x00007fd93e9e5000,0x00007fd93eae6000)]
  0x00007fd9740c1800 JavaThread "C2 CompilerThread0" daemon [_thread_blocked, id=7442, stack(0x00007fd93eae6000,0x00007fd93ebe7000)]
  0x00007fd9740c0000 JavaThread "Signal Dispatcher" daemon [_thread_blocked, id=7441, stack(0x00007fd93ebe7000,0x00007fd93ece8000)]
  0x00007fd97408c000 JavaThread "Finalizer" daemon [_thread_blocked, id=7440, stack(0x00007fd93f0f1000,0x00007fd93f1f2000)]
  0x00007fd974087000 JavaThread "Reference Handler" daemon [_thread_blocked, id=7439, stack(0x00007fd93f1f2000,0x00007fd93f2f3000)]
=>0x00007fd974009800 JavaThread "main" [_thread_in_native, id=7429, stack(0x00007fd97cda3000,0x00007fd97cea4000)]

Other Threads:
  0x00007fd97407f800 VMThread [stack: 0x00007fd93f2f3000,0x00007fd93f3f4000] [id=7438]
  0x00007fd9740d6000 WatcherThread [stack: 0x00007fd93e5e1000,0x00007fd93e6e2000] [id=7447]

VM state:not at safepoint (normal execution)

VM Mutex/Monitor currently owned by a thread: None

Heap:
 PSYoungGen      total 36864K, used 1269K [0x00000000d6e00000, 0x00000000d9700000, 0x0000000100000000)
  eden space 31744K, 4% used [0x00000000d6e00000,0x00000000d6f3d728,0x00000000d8d00000)
  from space 5120K, 0% used [0x00000000d9200000,0x00000000d9200000,0x00000000d9700000)
  to   space 5120K, 0% used [0x00000000d8d00000,0x00000000d8d00000,0x00000000d9200000)
 ParOldGen       total 84992K, used 0K [0x0000000084a00000, 0x0000000089d00000, 0x00000000d6e00000)
  object space 84992K, 0% used [0x0000000084a00000,0x0000000084a00000,0x0000000089d00000)
 Metaspace       used 2478K, capacity 4490K, committed 4864K, reserved 1056768K
  class space    used 268K, capacity 386K, committed 512K, reserved 1048576K

Card table byte_map: [0x00007fd97978e000,0x00007fd979b6a000] byte_map_base: 0x00007fd979369000

Marking Bits: (ParMarkBitMap*) 0x00007fd97c287d60
 Begin Bits: [0x00007fd94c250000, 0x00007fd94e128000)
 End Bits:   [0x00007fd94e128000, 0x00007fd950000000)

Polling page: 0x00007fd97ced7000

CodeCache: size=245760Kb used=1080Kb max_used=1080Kb free=244679Kb
 bounds [0x00007fd965000000, 0x00007fd965270000, 0x00007fd974000000]
 total_blobs=242 nmethods=14 adapters=143
 compilation: enabled

Compilation events (10 events):
Event: 0.039 Thread 0x00007fd9740c8000   10       3       java.lang.Math::min (11 bytes)
Event: 0.040 Thread 0x00007fd9740c8000 nmethod 10 0x00007fd96510bc90 code [0x00007fd96510be00, 0x00007fd96510bf90]
Event: 0.040 Thread 0x00007fd9740c8000   12       1       java.lang.ref.Reference::get (5 bytes)
Event: 0.040 Thread 0x00007fd9740c8000 nmethod 12 0x00007fd96510b9d0 code [0x00007fd96510bb20, 0x00007fd96510bc30]
Event: 0.040 Thread 0x00007fd9740c8000   11       3       java.lang.String::<init> (82 bytes)
Event: 0.040 Thread 0x00007fd9740c8000 nmethod 11 0x00007fd96510b090 code [0x00007fd96510b260, 0x00007fd96510b738]
Event: 0.040 Thread 0x00007fd9740c8000   13       1       java.lang.ThreadLocal::access$400 (5 bytes)
Event: 0.040 Thread 0x00007fd9740c8000 nmethod 13 0x00007fd96510add0 code [0x00007fd96510af20, 0x00007fd96510b010]
Event: 0.041 Thread 0x00007fd9740c8000   14       3       java.lang.String::getChars (62 bytes)
Event: 0.041 Thread 0x00007fd9740c8000 nmethod 14 0x00007fd96510dd10 code [0x00007fd96510dec0, 0x00007fd96510e2f8]

GC Heap History (0 events):
No events

Deoptimization events (0 events):
No events

Internal exceptions (2 events):
Event: 0.018 Thread 0x00007fd974009800 Exception <a 'java/lang/NoSuchMethodError': Method sun.misc.Unsafe.defineClass(Ljava/lang/String;[BII)Ljava/lang/Class; name or signature does not match> (0x00000000d6e07cc0) thrown at [/HUDSON/workspace/8-2-build-linux-amd64/jdk8u91/6644/hotspot/src/shar
Event: 0.018 Thread 0x00007fd974009800 Exception <a 'java/lang/NoSuchMethodError': Method sun.misc.Unsafe.prefetchRead(Ljava/lang/Object;J)V name or signature does not match> (0x00000000d6e07fa8) thrown at [/HUDSON/workspace/8-2-build-linux-amd64/jdk8u91/6644/hotspot/src/share/vm/prims/jni.cpp

Events (10 events):
Event: 0.042 loading class java/lang/Void
Event: 0.042 loading class java/lang/Void done
Event: 0.042 loading class Servidor
Event: 0.042 loading class Servidor done
Event: 0.042 loading class java/io/IOException
Event: 0.042 loading class java/io/IOException done
Event: 0.042 loading class java/util/concurrent/ConcurrentHashMap$ForwardingNode
Event: 0.042 loading class java/util/concurrent/ConcurrentHashMap$ForwardingNode done
Event: 0.042 loading class java/lang/ClassLoaderHelper
Event: 0.042 loading class java/lang/ClassLoaderHelper done


Dynamic libraries:
00400000-00401000 r-xp 00000000 08:08 11278465                           /usr/lib/jvm/java-8-oracle/jre/bin/java
00600000-00601000 rw-p 00000000 08:08 11278465                           /usr/lib/jvm/java-8-oracle/jre/bin/java
0082c000-0084d000 rw-p 00000000 00:00 0                                  [heap]
40023000-40043000 rw-p 00000000 00:00 0 
403ad000-403cd000 rw-p 00000000 00:00 0 
404af000-404cf000 rw-p 00000000 00:00 0 
40637000-40657000 rw-p 00000000 00:00 0 
407ee000-4080e000 rw-p 00000000 00:00 0 
40848000-40868000 rw-p 00000000 00:00 0 
40979000-40999000 rw-p 00000000 00:00 0 
40b2f000-40b6f000 rw-p 00000000 00:00 0 
40c3e000-40c5e000 rw-p 00000000 00:00 0 
40cc0000-40d00000 rw-p 00000000 00:00 0 
40e36000-40e56000 rw-p 00000000 00:00 0 
40ece000-40eee000 rw-p 00000000 00:00 0 
41018000-41038000 rw-p 00000000 00:00 0 
41055000-41075000 rw-p 00000000 00:00 0 
413be000-413de000 rw-p 00000000 00:00 0 
414a6000-414c6000 rw-p 00000000 00:00 0 
4155d000-4157d000 rw-p 00000000 00:00 0 
4168f000-416af000 rw-p 00000000 00:00 0 
417b3000-417d3000 rw-p 00000000 00:00 0 
41842000-41862000 rw-p 00000000 00:00 0 
4186b000-4188b000 rw-p 00000000 00:00 0 
41be1000-41c01000 rw-p 00000000 00:00 0 
41c70000-41c90000 rw-p 00000000 00:00 0 
41e5f000-41e7f000 rw-p 00000000 00:00 0 
84a00000-89d00000 rw-p 00000000 00:00 0 
89d00000-d6e00000 ---p 00000000 00:00 0 
d6e00000-d9700000 rw-p 00000000 00:00 0 
d9700000-100000000 ---p 00000000 00:00 0 
100000000-100080000 rw-p 00000000 00:00 0 
100080000-140000000 ---p 00000000 00:00 0 
7fd8fba0a000-7fd8fba0b000 ---p 00000000 00:00 0 
7fd8fba0b000-7fd8fc20b000 rw-p 00000000 00:00 0 
7fd8fc20b000-7fd8fc20c000 ---p 00000000 00:00 0 
7fd8fc20c000-7fd8fca0c000 rw-p 00000000 00:00 0 
7fd8fca0c000-7fd8fca0d000 ---p 00000000 00:00 0 
7fd8fca0d000-7fd8fd20d000 rw-p 00000000 00:00 0 
7fd8fd20d000-7fd8fd20e000 ---p 00000000 00:00 0 
7fd8fd20e000-7fd8fda0e000 rw-p 00000000 00:00 0 
7fd8fda0e000-7fd8fda0f000 ---p 00000000 00:00 0 
7fd8fda0f000-7fd8fe20f000 rw-p 00000000 00:00 0 
7fd8fe20f000-7fd8fe210000 ---p 00000000 00:00 0 
7fd8fe210000-7fd8fea10000 rw-p 00000000 00:00 0 
7fd8fea10000-7fd8fea11000 ---p 00000000 00:00 0 
7fd8fea11000-7fd8ff211000 rw-p 00000000 00:00 0 
7fd8ff211000-7fd8ff268000 r-xp 00000000 08:08 8932234                    /usr/lib/x86_64-linux-gnu/libjpeg.so.8.0.2
7fd8ff268000-7fd8ff468000 ---p 00057000 08:08 8932234                    /usr/lib/x86_64-linux-gnu/libjpeg.so.8.0.2
7fd8ff468000-7fd8ff469000 r--p 00057000 08:08 8932234                    /usr/lib/x86_64-linux-gnu/libjpeg.so.8.0.2
7fd8ff469000-7fd8ff46a000 rw-p 00058000 08:08 8932234                    /usr/lib/x86_64-linux-gnu/libjpeg.so.8.0.2
7fd8ff46a000-7fd8ff473000 r-xp 00000000 08:08 2770212                    /home/alberto/torch/install/lib/lua/5.1/libjpeg.so
7fd8ff473000-7fd8ff673000 ---p 00009000 08:08 2770212                    /home/alberto/torch/install/lib/lua/5.1/libjpeg.so
7fd8ff673000-7fd8ff674000 r--p 00009000 08:08 2770212                    /home/alberto/torch/install/lib/lua/5.1/libjpeg.so
7fd8ff674000-7fd8ff675000 rw-p 0000a000 08:08 2770212                    /home/alberto/torch/install/lib/lua/5.1/libjpeg.so
7fd8ff675000-7fd8ff68e000 r-xp 00000000 08:08 17957164                   /lib/x86_64-linux-gnu/libz.so.1.2.8
7fd8ff68e000-7fd8ff88d000 ---p 00019000 08:08 17957164                   /lib/x86_64-linux-gnu/libz.so.1.2.8
7fd8ff88d000-7fd8ff88e000 r--p 00018000 08:08 17957164                   /lib/x86_64-linux-gnu/libz.so.1.2.8
7fd8ff88e000-7fd8ff88f000 rw-p 00019000 08:08 17957164                   /lib/x86_64-linux-gnu/libz.so.1.2.8
7fd8ff88f000-7fd8ff8b3000 r-xp 00000000 08:08 17956943                   /lib/x86_64-linux-gnu/libpng12.so.0.54.0
7fd8ff8b3000-7fd8ffab2000 ---p 00024000 08:08 17956943                   /lib/x86_64-linux-gnu/libpng12.so.0.54.0
7fd8ffab2000-7fd8ffab3000 r--p 00023000 08:08 17956943                   /lib/x86_64-linux-gnu/libpng12.so.0.54.0
7fd8ffab3000-7fd8ffab4000 rw-p 00024000 08:08 17956943                   /lib/x86_64-linux-gnu/libpng12.so.0.54.0
7fd8ffab4000-7fd8ffabd000 r-xp 00000000 08:08 2762756                    /home/alberto/torch/install/lib/lua/5.1/libpng.so
7fd8ffabd000-7fd8ffcbc000 ---p 00009000 08:08 2762756                    /home/alberto/torch/install/lib/lua/5.1/libpng.so
7fd8ffcbc000-7fd8ffcbd000 r--p 00008000 08:08 2762756                    /home/alberto/torch/install/lib/lua/5.1/libpng.so
7fd8ffcbd000-7fd8ffcbe000 rw-p 00009000 08:08 2762756                    /home/alberto/torch/install/lib/lua/5.1/libpng.so
7fd8ffcbe000-7fd902000000 rw-p 00000000 00:00 0 
7fd902000000-7fd910000000 rw-p 00000000 00:00 0 
7fd910000000-7fd910021000 rw-p 00000000 00:00 0 
7fd910021000-7fd914000000 ---p 00000000 00:00 0 
7fd914007000-7fd9149bb000 rw-p 00000000 00:00 0 
7fd9149bb000-7fd914a10000 r-xp 00000000 08:08 2770136                    /home/alberto/torch/install/lib/lua/5.1/libimage.so
7fd914a10000-7fd914c10000 ---p 00055000 08:08 2770136                    /home/alberto/torch/install/lib/lua/5.1/libimage.so
7fd914c10000-7fd914c11000 r--p 00055000 08:08 2770136                    /home/alberto/torch/install/lib/lua/5.1/libimage.so
7fd914c11000-7fd914c12000 rw-p 00056000 08:08 2770136                    /home/alberto/torch/install/lib/lua/5.1/libimage.so
7fd914c12000-7fd914c1f000 r-xp 00000000 08:08 2769412                    /home/alberto/torch/install/lib/lua/5.1/libsundown.so
7fd914c1f000-7fd914e1f000 ---p 0000d000 08:08 2769412                    /home/alberto/torch/install/lib/lua/5.1/libsundown.so
7fd914e1f000-7fd914e20000 r--p 0000d000 08:08 2769412                    /home/alberto/torch/install/lib/lua/5.1/libsundown.so
7fd914e20000-7fd914e21000 rw-p 0000e000 08:08 2769412                    /home/alberto/torch/install/lib/lua/5.1/libsundown.so
7fd914e21000-7fd914e36000 r-xp 00000000 08:08 2771027                    /home/alberto/torch/install/lib/lua/5.1/libnnx.so
7fd914e36000-7fd915036000 ---p 00015000 08:08 2771027                    /home/alberto/torch/install/lib/lua/5.1/libnnx.so
7fd915036000-7fd915037000 r--p 00015000 08:08 2771027                    /home/alberto/torch/install/lib/lua/5.1/libnnx.so
7fd915037000-7fd915038000 rw-p 00016000 08:08 2771027                    /home/alberto/torch/install/lib/lua/5.1/libnnx.so
7fd915038000-7fd915039000 r-xp 00000000 08:08 2769744                    /home/alberto/torch/install/lib/lua/5.1/libsys.so
7fd915039000-7fd915238000 ---p 00001000 08:08 2769744                    /home/alberto/torch/install/lib/lua/5.1/libsys.so
7fd915238000-7fd915239000 r--p 00000000 08:08 2769744                    /home/alberto/torch/install/lib/lua/5.1/libsys.so
7fd915239000-7fd91523a000 rw-p 00001000 08:08 2769744                    /home/alberto/torch/install/lib/lua/5.1/libsys.so
7fd91523a000-7fd91530d000 r-xp 00000000 08:08 2769867                    /home/alberto/torch/install/lib/lua/5.1/libTHNN.so
7fd91530d000-7fd91550c000 ---p 000d3000 08:08 2769867                    /home/alberto/torch/install/lib/lua/5.1/libTHNN.so
7fd91550c000-7fd91550d000 r--p 000d2000 08:08 2769867                    /home/alberto/torch/install/lib/lua/5.1/libTHNN.so
7fd91550d000-7fd91550e000 rw-p 000d3000 08:08 2769867                    /home/alberto/torch/install/lib/lua/5.1/libTHNN.so
7fd91550e000-7fd915685000 r-xp 00000000 08:08 2769559                    /home/alberto/torch/install/lib/lua/5.1/libtorch.so
7fd915685000-7fd915884000 ---p 00177000 08:08 2769559                    /home/alberto/torch/install/lib/lua/5.1/libtorch.so
7fd915884000-7fd91588d000 r--p 00176000 08:08 2769559                    /home/alberto/torch/install/lib/lua/5.1/libtorch.so
7fd91588d000-7fd915891000 rw-p 0017f000 08:08 2769559                    /home/alberto/torch/install/lib/lua/5.1/libtorch.so
7fd915891000-7fd915895000 r-xp 00000000 08:08 2769448                    /home/alberto/torch/install/lib/lua/5.1/libpaths.so
7fd915895000-7fd915a94000 ---p 00004000 08:08 2769448                    /home/alberto/torch/install/lib/lua/5.1/libpaths.so
7fd915a94000-7fd915a95000 r--p 00003000 08:08 2769448                    /home/alberto/torch/install/lib/lua/5.1/libpaths.so
7fd915a95000-7fd915a96000 rw-p 00004000 08:08 2769448                    /home/alberto/torch/install/lib/lua/5.1/libpaths.so
7fd915a96000-7fd917a96000 rw-p 00000000 00:00 0 
7fd917a96000-7fd917ad4000 r-xp 00000000 08:08 8917176                    /usr/lib/x86_64-linux-gnu/libquadmath.so.0.0.0
7fd917ad4000-7fd917cd3000 ---p 0003e000 08:08 8917176                    /usr/lib/x86_64-linux-gnu/libquadmath.so.0.0.0
7fd917cd3000-7fd917cd4000 r--p 0003d000 08:08 8917176                    /usr/lib/x86_64-linux-gnu/libquadmath.so.0.0.0
7fd917cd4000-7fd917cd5000 rw-p 0003e000 08:08 8917176                    /usr/lib/x86_64-linux-gnu/libquadmath.so.0.0.0
7fd917cd5000-7fd917dfe000 r-xp 00000000 08:08 8913010                    /usr/lib/x86_64-linux-gnu/libgfortran.so.3.0.0
7fd917dfe000-7fd917ffd000 ---p 00129000 08:08 8913010                    /usr/lib/x86_64-linux-gnu/libgfortran.so.3.0.0
7fd917ffd000-7fd917ffe000 r--p 00128000 08:08 8913010                    /usr/lib/x86_64-linux-gnu/libgfortran.so.3.0.0
7fd917ffe000-7fd918000000 rw-p 00129000 08:08 8913010                    /usr/lib/x86_64-linux-gnu/libgfortran.so.3.0.0
7fd918000000-7fd918025000 rw-p 00000000 00:00 0 
7fd918025000-7fd91c000000 ---p 00000000 00:00 0 
7fd91c000000-7fd91c021000 rw-p 00000000 00:00 0 
7fd91c021000-7fd920000000 ---p 00000000 00:00 0 
7fd920000000-7fd920021000 rw-p 00000000 00:00 0 
7fd920021000-7fd924000000 ---p 00000000 00:00 0 
7fd924000000-7fd924021000 rw-p 00000000 00:00 0 
7fd924021000-7fd928000000 ---p 00000000 00:00 0 
7fd928000000-7fd928021000 rw-p 00000000 00:00 0 
7fd928021000-7fd92c000000 ---p 00000000 00:00 0 
7fd92c000000-7fd92c04e000 rw-p 00000000 00:00 0 
7fd92c04e000-7fd930000000 ---p 00000000 00:00 0 
7fd930000000-7fd930021000 rw-p 00000000 00:00 0 
7fd930021000-7fd934000000 ---p 00000000 00:00 0 
7fd934000000-7fd934021000 rw-p 00000000 00:00 0 
7fd934021000-7fd938000000 ---p 00000000 00:00 0 
7fd938000000-7fd938021000 rw-p 00000000 00:00 0 
7fd938021000-7fd93c000000 ---p 00000000 00:00 0 
7fd93c077000-7fd93c159000 rw-p 00000000 00:00 0 
7fd93c159000-7fd93c17a000 r-xp 00000000 08:08 8923087                    /usr/lib/x86_64-linux-gnu/libgomp.so.1.0.0
7fd93c17a000-7fd93c379000 ---p 00021000 08:08 8923087                    /usr/lib/x86_64-linux-gnu/libgomp.so.1.0.0
7fd93c379000-7fd93c37a000 r--p 00020000 08:08 8923087                    /usr/lib/x86_64-linux-gnu/libgomp.so.1.0.0
7fd93c37a000-7fd93c37b000 rw-p 00021000 08:08 8923087                    /usr/lib/x86_64-linux-gnu/libgomp.so.1.0.0
7fd93c37b000-7fd93d0a1000 r-xp 00000000 08:08 6309223                    /opt/OpenBLAS/lib/libopenblas_haswellp-r0.2.20.dev.so
7fd93d0a1000-7fd93d2a0000 ---p 00d26000 08:08 6309223                    /opt/OpenBLAS/lib/libopenblas_haswellp-r0.2.20.dev.so
7fd93d2a0000-7fd93d2a6000 r--p 00d25000 08:08 6309223                    /opt/OpenBLAS/lib/libopenblas_haswellp-r0.2.20.dev.so
7fd93d2a6000-7fd93d2b0000 rw-p 00d2b000 08:08 6309223                    /opt/OpenBLAS/lib/libopenblas_haswellp-r0.2.20.dev.so
7fd93d2b0000-7fd93d309000 rw-p 00000000 00:00 0 
7fd93d309000-7fd93d31f000 r-xp 00000000 08:08 17960833                   /lib/x86_64-linux-gnu/libgcc_s.so.1
7fd93d31f000-7fd93d51e000 ---p 00016000 08:08 17960833                   /lib/x86_64-linux-gnu/libgcc_s.so.1
7fd93d51e000-7fd93d51f000 rw-p 00015000 08:08 17960833                   /lib/x86_64-linux-gnu/libgcc_s.so.1
7fd93d51f000-7fd93d7bb000 r-xp 00000000 08:08 2769611                    /home/alberto/torch/install/lib/libTH.so.0
7fd93d7bb000-7fd93d9ba000 ---p 0029c000 08:08 2769611                    /home/alberto/torch/install/lib/libTH.so.0
7fd93d9ba000-7fd93d9bb000 r--p 0029b000 08:08 2769611                    /home/alberto/torch/install/lib/libTH.so.0
7fd93d9bb000-7fd93d9bd000 rw-p 0029c000 08:08 2769611                    /home/alberto/torch/install/lib/libTH.so.0
7fd93d9bd000-7fd93d9c6000 r-xp 00000000 08:08 2769671                    /home/alberto/torch/install/lib/libluaT.so.0
7fd93d9c6000-7fd93dbc5000 ---p 00009000 08:08 2769671                    /home/alberto/torch/install/lib/libluaT.so.0
7fd93dbc5000-7fd93dbc6000 r--p 00008000 08:08 2769671                    /home/alberto/torch/install/lib/libluaT.so.0
7fd93dbc6000-7fd93dbc7000 rw-p 00009000 08:08 2769671                    /home/alberto/torch/install/lib/libluaT.so.0
7fd93dbc7000-7fd93dc57000 r-xp 00000000 08:08 2768624                    /home/alberto/torch/install/lib/libluajit.so
7fd93dc57000-7fd93de57000 ---p 00090000 08:08 2768624                    /home/alberto/torch/install/lib/libluajit.so
7fd93de57000-7fd93de59000 r--p 00090000 08:08 2768624                    /home/alberto/torch/install/lib/libluajit.so
7fd93de59000-7fd93de5a000 rw-p 00092000 08:08 2768624                    /home/alberto/torch/install/lib/libluajit.so
7fd93de5a000-7fd93dfcc000 r-xp 00000000 08:08 8914155                    /usr/lib/x86_64-linux-gnu/libstdc++.so.6.0.21
7fd93dfcc000-7fd93e1cc000 ---p 00172000 08:08 8914155                    /usr/lib/x86_64-linux-gnu/libstdc++.so.6.0.21
7fd93e1cc000-7fd93e1d6000 r--p 00172000 08:08 8914155                    /usr/lib/x86_64-linux-gnu/libstdc++.so.6.0.21
7fd93e1d6000-7fd93e1d8000 rw-p 0017c000 08:08 8914155                    /usr/lib/x86_64-linux-gnu/libstdc++.so.6.0.21
7fd93e1d8000-7fd93e1dc000 rw-p 00000000 00:00 0 
7fd93e1dc000-7fd93e1de000 r-xp 00000000 08:08 2621694                    /home/alberto/Desktop/servidor/libcluaf.so
7fd93e1de000-7fd93e3dd000 ---p 00002000 08:08 2621694                    /home/alberto/Desktop/servidor/libcluaf.so
7fd93e3dd000-7fd93e3de000 r--p 00001000 08:08 2621694                    /home/alberto/Desktop/servidor/libcluaf.so
7fd93e3de000-7fd93e3df000 rw-p 00002000 08:08 2621694                    /home/alberto/Desktop/servidor/libcluaf.so
7fd93e3df000-7fd93e3e0000 r-xp 00000000 08:08 2621717                    /home/alberto/Desktop/servidor/libTorchMain.so
7fd93e3e0000-7fd93e5df000 ---p 00001000 08:08 2621717                    /home/alberto/Desktop/servidor/libTorchMain.so
7fd93e5df000-7fd93e5e0000 r--p 00000000 08:08 2621717                    /home/alberto/Desktop/servidor/libTorchMain.so
7fd93e5e0000-7fd93e5e1000 rw-p 00001000 08:08 2621717                    /home/alberto/Desktop/servidor/libTorchMain.so
7fd93e5e1000-7fd93e5e2000 ---p 00000000 00:00 0 
7fd93e5e2000-7fd93e6e2000 rw-p 00000000 00:00 0 
7fd93e6e2000-7fd93e6e5000 ---p 00000000 00:00 0 
7fd93e6e5000-7fd93e7e3000 rw-p 00000000 00:00 0 
7fd93e7e3000-7fd93e7e6000 ---p 00000000 00:00 0 
7fd93e7e6000-7fd93e8e4000 rw-p 00000000 00:00 0 
7fd93e8e4000-7fd93e8e7000 ---p 00000000 00:00 0 
7fd93e8e7000-7fd93e9e5000 rw-p 00000000 00:00 0 
7fd93e9e5000-7fd93e9e8000 ---p 00000000 00:00 0 
7fd93e9e8000-7fd93eae6000 rw-p 00000000 00:00 0 
7fd93eae6000-7fd93eae9000 ---p 00000000 00:00 0 
7fd93eae9000-7fd93ebe7000 rw-p 00000000 00:00 0 
7fd93ebe7000-7fd93ebea000 ---p 00000000 00:00 0 
7fd93ebea000-7fd93ece8000 rw-p 00000000 00:00 0 
7fd93ece8000-7fd93f0f1000 r--p 00000000 08:08 8919864                    /usr/lib/locale/locale-archive
7fd93f0f1000-7fd93f0f4000 ---p 00000000 00:00 0 
7fd93f0f4000-7fd93f1f2000 rw-p 00000000 00:00 0 
7fd93f1f2000-7fd93f1f5000 ---p 00000000 00:00 0 
7fd93f1f5000-7fd93f2f3000 rw-p 00000000 00:00 0 
7fd93f2f3000-7fd93f2f4000 ---p 00000000 00:00 0 
7fd93f2f4000-7fd940000000 rw-p 00000000 00:00 0 
7fd940000000-7fd940021000 rw-p 00000000 00:00 0 
7fd940021000-7fd944000000 ---p 00000000 00:00 0 
7fd944000000-7fd944021000 rw-p 00000000 00:00 0 
7fd944021000-7fd948000000 ---p 00000000 00:00 0 
7fd948000000-7fd948021000 rw-p 00000000 00:00 0 
7fd948021000-7fd94c000000 ---p 00000000 00:00 0 
7fd94c026000-7fd950000000 rw-p 00000000 00:00 0 
7fd950000000-7fd950021000 rw-p 00000000 00:00 0 
7fd950021000-7fd954000000 ---p 00000000 00:00 0 
7fd954000000-7fd954021000 rw-p 00000000 00:00 0 
7fd954021000-7fd958000000 ---p 00000000 00:00 0 
7fd958000000-7fd958021000 rw-p 00000000 00:00 0 
7fd958021000-7fd95c000000 ---p 00000000 00:00 0 
7fd95c000000-7fd95c021000 rw-p 00000000 00:00 0 
7fd95c021000-7fd960000000 ---p 00000000 00:00 0 
7fd960000000-7fd960021000 rw-p 00000000 00:00 0 
7fd960021000-7fd964000000 ---p 00000000 00:00 0 
7fd96401a000-7fd964e27000 rw-p 00000000 00:00 0 
7fd964e27000-7fd965000000 r--s 03d1f000 08:08 11281157                   /usr/lib/jvm/java-8-oracle/jre/lib/rt.jar
7fd965000000-7fd965270000 rwxp 00000000 00:00 0 
7fd965270000-7fd974000000 ---p 00000000 00:00 0 
7fd974000000-7fd974279000 rw-p 00000000 00:00 0 
7fd974279000-7fd978000000 ---p 00000000 00:00 0 
7fd978012000-7fd978559000 rw-p 00000000 00:00 0 
7fd978559000-7fd978919000 ---p 00000000 00:00 0 
7fd978919000-7fd978cf4000 rw-p 00000000 00:00 0 
7fd978cf4000-7fd978cf5000 ---p 00000000 00:00 0 
7fd978cf5000-7fd978df5000 rw-p 00000000 00:00 0 
7fd978df5000-7fd978df6000 ---p 00000000 00:00 0 
7fd978df6000-7fd978ef6000 rw-p 00000000 00:00 0 
7fd978ef6000-7fd978ef7000 ---p 00000000 00:00 0 
7fd978ef7000-7fd978ff7000 rw-p 00000000 00:00 0 
7fd978ff7000-7fd978ff8000 ---p 00000000 00:00 0 
7fd978ff8000-7fd9790f8000 rw-p 00000000 00:00 0 
7fd9790f8000-7fd9790f9000 ---p 00000000 00:00 0 
7fd9790f9000-7fd9791f9000 rw-p 00000000 00:00 0 
7fd9791f9000-7fd9791fa000 ---p 00000000 00:00 0 
7fd9791fa000-7fd9792fa000 rw-p 00000000 00:00 0 
7fd9792fa000-7fd9792fb000 ---p 00000000 00:00 0 
7fd9792fb000-7fd9793fb000 rw-p 00000000 00:00 0 
7fd9793fb000-7fd9793fc000 ---p 00000000 00:00 0 
7fd9793fc000-7fd979526000 rw-p 00000000 00:00 0 
7fd979526000-7fd97978e000 ---p 00000000 00:00 0 
7fd97978e000-7fd9797b8000 rw-p 00000000 00:00 0 
7fd9797b8000-7fd979a20000 ---p 00000000 00:00 0 
7fd979a20000-7fd979a35000 rw-p 00000000 00:00 0 
7fd979a35000-7fd979b69000 ---p 00000000 00:00 0 
7fd979b69000-7fd979b74000 rw-p 00000000 00:00 0 
7fd979b74000-7fd979f2a000 ---p 00000000 00:00 0 
7fd979f2a000-7fd979f44000 r-xp 00000000 08:08 11536453                   /usr/lib/jvm/java-8-oracle/jre/lib/amd64/libzip.so
7fd979f44000-7fd97a144000 ---p 0001a000 08:08 11536453                   /usr/lib/jvm/java-8-oracle/jre/lib/amd64/libzip.so
7fd97a144000-7fd97a145000 rw-p 0001a000 08:08 11536453                   /usr/lib/jvm/java-8-oracle/jre/lib/amd64/libzip.so
7fd97a145000-7fd97a150000 r-xp 00000000 08:08 17957127                   /lib/x86_64-linux-gnu/libnss_files-2.23.so
7fd97a150000-7fd97a34f000 ---p 0000b000 08:08 17957127                   /lib/x86_64-linux-gnu/libnss_files-2.23.so
7fd97a34f000-7fd97a350000 r--p 0000a000 08:08 17957127                   /lib/x86_64-linux-gnu/libnss_files-2.23.so
7fd97a350000-7fd97a351000 rw-p 0000b000 08:08 17957127                   /lib/x86_64-linux-gnu/libnss_files-2.23.so
7fd97a351000-7fd97a357000 rw-p 00000000 00:00 0 
7fd97a357000-7fd97a362000 r-xp 00000000 08:08 17957133                   /lib/x86_64-linux-gnu/libnss_nis-2.23.so
7fd97a362000-7fd97a561000 ---p 0000b000 08:08 17957133                   /lib/x86_64-linux-gnu/libnss_nis-2.23.so
7fd97a561000-7fd97a562000 r--p 0000a000 08:08 17957133                   /lib/x86_64-linux-gnu/libnss_nis-2.23.so
7fd97a562000-7fd97a563000 rw-p 0000b000 08:08 17957133                   /lib/x86_64-linux-gnu/libnss_nis-2.23.so
7fd97a563000-7fd97a579000 r-xp 00000000 08:08 17957119                   /lib/x86_64-linux-gnu/libnsl-2.23.so
7fd97a579000-7fd97a778000 ---p 00016000 08:08 17957119                   /lib/x86_64-linux-gnu/libnsl-2.23.so
7fd97a778000-7fd97a779000 r--p 00015000 08:08 17957119                   /lib/x86_64-linux-gnu/libnsl-2.23.so
7fd97a779000-7fd97a77a000 rw-p 00016000 08:08 17957119                   /lib/x86_64-linux-gnu/libnsl-2.23.so
7fd97a77a000-7fd97a77c000 rw-p 00000000 00:00 0 
7fd97a77c000-7fd97a784000 r-xp 00000000 08:08 17957145                   /lib/x86_64-linux-gnu/libnss_compat-2.23.so
7fd97a784000-7fd97a983000 ---p 00008000 08:08 17957145                   /lib/x86_64-linux-gnu/libnss_compat-2.23.so
7fd97a983000-7fd97a984000 r--p 00007000 08:08 17957145                   /lib/x86_64-linux-gnu/libnss_compat-2.23.so
7fd97a984000-7fd97a985000 rw-p 00008000 08:08 17957145                   /lib/x86_64-linux-gnu/libnss_compat-2.23.so
7fd97a985000-7fd97a9af000 r-xp 00000000 08:08 11536479                   /usr/lib/jvm/java-8-oracle/jre/lib/amd64/libjava.so
7fd97a9af000-7fd97abaf000 ---p 0002a000 08:08 11536479                   /usr/lib/jvm/java-8-oracle/jre/lib/amd64/libjava.so
7fd97abaf000-7fd97abb1000 rw-p 0002a000 08:08 11536479                   /usr/lib/jvm/java-8-oracle/jre/lib/amd64/libjava.so
7fd97abb1000-7fd97abbe000 r-xp 00000000 08:08 11536457                   /usr/lib/jvm/java-8-oracle/jre/lib/amd64/libverify.so
7fd97abbe000-7fd97adbe000 ---p 0000d000 08:08 11536457                   /usr/lib/jvm/java-8-oracle/jre/lib/amd64/libverify.so
7fd97adbe000-7fd97adc0000 rw-p 0000d000 08:08 11536457                   /usr/lib/jvm/java-8-oracle/jre/lib/amd64/libverify.so
7fd97adc0000-7fd97adc7000 r-xp 00000000 08:08 17957137                   /lib/x86_64-linux-gnu/librt-2.23.so
7fd97adc7000-7fd97afc6000 ---p 00007000 08:08 17957137                   /lib/x86_64-linux-gnu/librt-2.23.so
7fd97afc6000-7fd97afc7000 r--p 00006000 08:08 17957137                   /lib/x86_64-linux-gnu/librt-2.23.so
7fd97afc7000-7fd97afc8000 rw-p 00007000 08:08 17957137                   /lib/x86_64-linux-gnu/librt-2.23.so
7fd97afc8000-7fd97b0d0000 r-xp 00000000 08:08 17957155                   /lib/x86_64-linux-gnu/libm-2.23.so
7fd97b0d0000-7fd97b2cf000 ---p 00108000 08:08 17957155                   /lib/x86_64-linux-gnu/libm-2.23.so
7fd97b2cf000-7fd97b2d0000 r--p 00107000 08:08 17957155                   /lib/x86_64-linux-gnu/libm-2.23.so
7fd97b2d0000-7fd97b2d1000 rw-p 00108000 08:08 17957155                   /lib/x86_64-linux-gnu/libm-2.23.so
7fd97b2d1000-7fd97bf91000 r-xp 00000000 08:08 11536488                   /usr/lib/jvm/java-8-oracle/jre/lib/amd64/server/libjvm.so
7fd97bf91000-7fd97c191000 ---p 00cc0000 08:08 11536488                   /usr/lib/jvm/java-8-oracle/jre/lib/amd64/server/libjvm.so
7fd97c191000-7fd97c269000 rw-p 00cc0000 08:08 11536488                   /usr/lib/jvm/java-8-oracle/jre/lib/amd64/server/libjvm.so
7fd97c269000-7fd97c2b4000 rw-p 00000000 00:00 0 
7fd97c2b4000-7fd97c474000 r-xp 00000000 08:08 17957162                   /lib/x86_64-linux-gnu/libc-2.23.so
7fd97c474000-7fd97c674000 ---p 001c0000 08:08 17957162                   /lib/x86_64-linux-gnu/libc-2.23.so
7fd97c674000-7fd97c678000 r--p 001c0000 08:08 17957162                   /lib/x86_64-linux-gnu/libc-2.23.so
7fd97c678000-7fd97c67a000 rw-p 001c4000 08:08 17957162                   /lib/x86_64-linux-gnu/libc-2.23.so
7fd97c67a000-7fd97c67e000 rw-p 00000000 00:00 0 
7fd97c67e000-7fd97c681000 r-xp 00000000 08:08 17957143                   /lib/x86_64-linux-gnu/libdl-2.23.so
7fd97c681000-7fd97c880000 ---p 00003000 08:08 17957143                   /lib/x86_64-linux-gnu/libdl-2.23.so
7fd97c880000-7fd97c881000 r--p 00002000 08:08 17957143                   /lib/x86_64-linux-gnu/libdl-2.23.so
7fd97c881000-7fd97c882000 rw-p 00003000 08:08 17957143                   /lib/x86_64-linux-gnu/libdl-2.23.so
7fd97c882000-7fd97c897000 r-xp 00000000 08:08 11536451                   /usr/lib/jvm/java-8-oracle/jre/lib/amd64/jli/libjli.so
7fd97c897000-7fd97ca97000 ---p 00015000 08:08 11536451                   /usr/lib/jvm/java-8-oracle/jre/lib/amd64/jli/libjli.so
7fd97ca97000-7fd97ca98000 rw-p 00015000 08:08 11536451                   /usr/lib/jvm/java-8-oracle/jre/lib/amd64/jli/libjli.so
7fd97ca98000-7fd97cab0000 r-xp 00000000 08:08 17957131                   /lib/x86_64-linux-gnu/libpthread-2.23.so
7fd97cab0000-7fd97ccaf000 ---p 00018000 08:08 17957131                   /lib/x86_64-linux-gnu/libpthread-2.23.so
7fd97ccaf000-7fd97ccb0000 r--p 00017000 08:08 17957131                   /lib/x86_64-linux-gnu/libpthread-2.23.so
7fd97ccb0000-7fd97ccb1000 rw-p 00018000 08:08 17957131                   /lib/x86_64-linux-gnu/libpthread-2.23.so
7fd97ccb1000-7fd97ccb5000 rw-p 00000000 00:00 0 
7fd97ccb5000-7fd97ccdb000 r-xp 00000000 08:08 17957121                   /lib/x86_64-linux-gnu/ld-2.23.so
7fd97cce9000-7fd97ccf9000 r-xp 00000000 00:00 0 
7fd97ccf9000-7fd97cda3000 rw-p 00000000 00:00 0 
7fd97cda3000-7fd97cda6000 ---p 00000000 00:00 0 
7fd97cda6000-7fd97cea8000 rw-p 00000000 00:00 0 
7fd97cead000-7fd97cece000 rw-p 00000000 00:00 0 
7fd97cece000-7fd97ced6000 rw-s 00000000 08:08 16122677                   /tmp/hsperfdata_alberto/7428
7fd97ced6000-7fd97ced7000 rw-p 00000000 00:00 0 
7fd97ced7000-7fd97ced8000 r--p 00000000 00:00 0 
7fd97ced8000-7fd97ceda000 rw-p 00000000 00:00 0 
7fd97ceda000-7fd97cedb000 r--p 00025000 08:08 17957121                   /lib/x86_64-linux-gnu/ld-2.23.so
7fd97cedb000-7fd97cedc000 rw-p 00026000 08:08 17957121                   /lib/x86_64-linux-gnu/ld-2.23.so
7fd97cedc000-7fd97cedd000 rw-p 00000000 00:00 0 
7ffe22747000-7ffe22769000 rw-p 00000000 00:00 0                          [stack]
7ffe227ab000-7ffe227ad000 r--p 00000000 00:00 0                          [vvar]
7ffe227ad000-7ffe227af000 r-xp 00000000 00:00 0                          [vdso]
ffffffffff600000-ffffffffff601000 r-xp 00000000 00:00 0                  [vsyscall]

VM Arguments:
java_command: Main
java_class_path (initial): .
Launcher Type: SUN_STANDARD

Environment Variables:
PATH=/home/alberto/torch/install/bin:/home/alberto/torch/install/bin:/usr/local/cuda-8.0/bin:/home/alberto/torch/install/bin:/home/alberto/torch/install/bin:/home/alberto/torch/install/bin:/usr/local/sbin:/usr/local/bin:/usr/sbin:/usr/bin:/sbin:/bin:/usr/games:/usr/local/games:/snap/bin
LD_LIBRARY_PATH=/home/alberto/torch/install/lib:/home/alberto/torch/install/lib:/usr/local/cuda-8.0/lib64:/home/alberto/torch/install/lib:/home/alberto/torch/install/lib:/home/alberto/torch/install/lib:
SHELL=/bin/bash
DISPLAY=:0
DYLD_LIBRARY_PATH=/home/alberto/torch/install/lib:/home/alberto/torch/install/lib:/home/alberto/torch/install/lib:/home/alberto/torch/install/lib:/home/alberto/torch/install/lib:

Signal Handlers:
SIGSEGV: [libjvm.so+0xabca10], sa_mask[0]=11111111011111111101111111111110, sa_flags=SA_RESTART|SA_SIGINFO
SIGBUS: [libjvm.so+0xabca10], sa_mask[0]=11111111011111111101111111111110, sa_flags=SA_RESTART|SA_SIGINFO
SIGFPE: [libjvm.so+0x919a20], sa_mask[0]=11111111011111111101111111111110, sa_flags=SA_RESTART|SA_SIGINFO
SIGPIPE: [libjvm.so+0x919a20], sa_mask[0]=11111111011111111101111111111110, sa_flags=SA_RESTART|SA_SIGINFO
SIGXFSZ: [libjvm.so+0x919a20], sa_mask[0]=11111111011111111101111111111110, sa_flags=SA_RESTART|SA_SIGINFO
SIGILL: [libjvm.so+0x919a20], sa_mask[0]=11111111011111111101111111111110, sa_flags=SA_RESTART|SA_SIGINFO
SIGUSR1: SIG_DFL, sa_mask[0]=00000000000000000000000000000000, sa_flags=none
SIGUSR2: [libjvm.so+0x91b050], sa_mask[0]=00000000000000000000000000000000, sa_flags=SA_RESTART|SA_SIGINFO
SIGHUP: [libjvm.so+0x91c450], sa_mask[0]=11111111011111111101111111111110, sa_flags=SA_RESTART|SA_SIGINFO
SIGINT: [libjvm.so+0x91c450], sa_mask[0]=11111111011111111101111111111110, sa_flags=SA_RESTART|SA_SIGINFO
SIGTERM: [libjvm.so+0x91c450], sa_mask[0]=11111111011111111101111111111110, sa_flags=SA_RESTART|SA_SIGINFO
SIGQUIT: [libjvm.so+0x91c450], sa_mask[0]=11111111011111111101111111111110, sa_flags=SA_RESTART|SA_SIGINFO


---------------  S Y S T E M  ---------------

OS:DISTRIB_ID=Ubuntu
DISTRIB_RELEASE=16.04
DISTRIB_CODENAME=xenial
DISTRIB_DESCRIPTION="Ubuntu 16.04.2 LTS"

uname:Linux 4.4.0-62-generic #83-Ubuntu SMP Wed Jan 18 14:10:15 UTC 2017 x86_64
libc:glibc 2.23 NPTL 2.23 
rlimit: STACK 8192k, CORE 0k, NPROC 31131, NOFILE 65536, AS infinity
load average:0.79 0.49 0.41

/proc/meminfo:
MemTotal:        8084940 kB
MemFree:         1920176 kB
MemAvailable:    4237516 kB
Buffers:          581664 kB
Cached:          2107876 kB
SwapCached:            0 kB
Active:          4427868 kB
Inactive:        1183504 kB
Active(anon):    2925716 kB
Inactive(anon):   431292 kB
Active(file):    1502152 kB
Inactive(file):   752212 kB
Unevictable:          32 kB
Mlocked:              32 kB
SwapTotal:       8298492 kB
SwapFree:        8298492 kB
Dirty:               552 kB
Writeback:          5352 kB
AnonPages:       2936216 kB
Mapped:           416076 kB
Shmem:            435392 kB
Slab:             416312 kB
SReclaimable:     370856 kB
SUnreclaim:        45456 kB
KernelStack:       11184 kB
PageTables:        38412 kB
NFS_Unstable:          0 kB
Bounce:                0 kB
WritebackTmp:          0 kB
CommitLimit:    12340960 kB
Committed_AS:    7842664 kB
VmallocTotal:   34359738367 kB
VmallocUsed:           0 kB
VmallocChunk:          0 kB
HardwareCorrupted:     0 kB
AnonHugePages:   1699840 kB
CmaTotal:              0 kB
CmaFree:               0 kB
HugePages_Total:       0
HugePages_Free:        0
HugePages_Rsvd:        0
HugePages_Surp:        0
Hugepagesize:       2048 kB
DirectMap4k:      146176 kB
DirectMap2M:     5007360 kB
DirectMap1G:     4194304 kB


CPU:total 8 (4 cores per cpu, 2 threads per core) family 6 model 60 stepping 3, cmov, cx8, fxsr, mmx, sse, sse2, sse3, ssse3, sse4.1, sse4.2, popcnt, avx, avx2, aes, clmul, erms, lzcnt, ht, tsc, tscinvbit, bmi1, bmi2

/proc/cpuinfo:
processor	: 0
vendor_id	: GenuineIntel
cpu family	: 6
model		: 60
model name	: Intel(R) Core(TM) i7-4710HQ CPU @ 2.50GHz
stepping	: 3
microcode	: 0x1e
cpu MHz		: 3177.246
cache size	: 6144 KB
physical id	: 0
siblings	: 8
core id		: 0
cpu cores	: 4
apicid		: 0
initial apicid	: 0
fpu		: yes
fpu_exception	: yes
cpuid level	: 13
wp		: yes
flags		: fpu vme de pse tsc msr pae mce cx8 apic sep mtrr pge mca cmov pat pse36 clflush dts acpi mmx fxsr sse sse2 ss ht tm pbe syscall nx pdpe1gb rdtscp lm constant_tsc arch_perfmon pebs bts rep_good nopl xtopology nonstop_tsc aperfmperf eagerfpu pni pclmulqdq dtes64 monitor ds_cpl vmx est tm2 ssse3 sdbg fma cx16 xtpr pdcm pcid sse4_1 sse4_2 x2apic movbe popcnt tsc_deadline_timer aes xsave avx f16c rdrand lahf_lm abm epb tpr_shadow vnmi flexpriority ept vpid fsgsbase tsc_adjust bmi1 avx2 smep bmi2 erms invpcid xsaveopt dtherm ida arat pln pts
bugs		:
bogomips	: 4988.88
clflush size	: 64
cache_alignment	: 64
address sizes	: 39 bits physical, 48 bits virtual
power management:

processor	: 1
vendor_id	: GenuineIntel
cpu family	: 6
model		: 60
model name	: Intel(R) Core(TM) i7-4710HQ CPU @ 2.50GHz
stepping	: 3
microcode	: 0x1e
cpu MHz		: 3290.917
cache size	: 6144 KB
physical id	: 0
siblings	: 8
core id		: 0
cpu cores	: 4
apicid		: 1
initial apicid	: 1
fpu		: yes
fpu_exception	: yes
cpuid level	: 13
wp		: yes
flags		: fpu vme de pse tsc msr pae mce cx8 apic sep mtrr pge mca cmov pat pse36 clflush dts acpi mmx fxsr sse sse2 ss ht tm pbe syscall nx pdpe1gb rdtscp lm constant_tsc arch_perfmon pebs bts rep_good nopl xtopology nonstop_tsc aperfmperf eagerfpu pni pclmulqdq dtes64 monitor ds_cpl vmx est tm2 ssse3 sdbg fma cx16 xtpr pdcm pcid sse4_1 sse4_2 x2apic movbe popcnt tsc_deadline_timer aes xsave avx f16c rdrand lahf_lm abm epb tpr_shadow vnmi flexpriority ept vpid fsgsbase tsc_adjust bmi1 avx2 smep bmi2 erms invpcid xsaveopt dtherm ida arat pln pts
bugs		:
bogomips	: 4988.88
clflush size	: 64
cache_alignment	: 64
address sizes	: 39 bits physical, 48 bits virtual
power management:

processor	: 2
vendor_id	: GenuineIntel
cpu family	: 6
model		: 60
model name	: Intel(R) Core(TM) i7-4710HQ CPU @ 2.50GHz
stepping	: 3
microcode	: 0x1e
cpu MHz		: 3299.609
cache size	: 6144 KB
physical id	: 0
siblings	: 8
core id		: 1
cpu cores	: 4
apicid		: 2
initial apicid	: 2
fpu		: yes
fpu_exception	: yes
cpuid level	: 13
wp		: yes
flags		: fpu vme de pse tsc msr pae mce cx8 apic sep mtrr pge mca cmov pat pse36 clflush dts acpi mmx fxsr sse sse2 ss ht tm pbe syscall nx pdpe1gb rdtscp lm constant_tsc arch_perfmon pebs bts rep_good nopl xtopology nonstop_tsc aperfmperf eagerfpu pni pclmulqdq dtes64 monitor ds_cpl vmx est tm2 ssse3 sdbg fma cx16 xtpr pdcm pcid sse4_1 sse4_2 x2apic movbe popcnt tsc_deadline_timer aes xsave avx f16c rdrand lahf_lm abm epb tpr_shadow vnmi flexpriority ept vpid fsgsbase tsc_adjust bmi1 avx2 smep bmi2 erms invpcid xsaveopt dtherm ida arat pln pts
bugs		:
bogomips	: 4988.88
clflush size	: 64
cache_alignment	: 64
address sizes	: 39 bits physical, 48 bits virtual
power management:

processor	: 3
vendor_id	: GenuineIntel
cpu family	: 6
model		: 60
model name	: Intel(R) Core(TM) i7-4710HQ CPU @ 2.50GHz
stepping	: 3
microcode	: 0x1e
cpu MHz		: 3298.144
cache size	: 6144 KB
physical id	: 0
siblings	: 8
core id		: 1
cpu cores	: 4
apicid		: 3
initial apicid	: 3
fpu		: yes
fpu_exception	: yes
cpuid level	: 13
wp		: yes
flags		: fpu vme de pse tsc msr pae mce cx8 apic sep mtrr pge mca cmov pat pse36 clflush dts acpi mmx fxsr sse sse2 ss ht tm pbe syscall nx pdpe1gb rdtscp lm constant_tsc arch_perfmon pebs bts rep_good nopl xtopology nonstop_tsc aperfmperf eagerfpu pni pclmulqdq dtes64 monitor ds_cpl vmx est tm2 ssse3 sdbg fma cx16 xtpr pdcm pcid sse4_1 sse4_2 x2apic movbe popcnt tsc_deadline_timer aes xsave avx f16c rdrand lahf_lm abm epb tpr_shadow vnmi flexpriority ept vpid fsgsbase tsc_adjust bmi1 avx2 smep bmi2 erms invpcid xsaveopt dtherm ida arat pln pts
bugs		:
bogomips	: 4988.88
clflush size	: 64
cache_alignment	: 64
address sizes	: 39 bits physical, 48 bits virtual
power management:

processor	: 4
vendor_id	: GenuineIntel
cpu family	: 6
model		: 60
model name	: Intel(R) Core(TM) i7-4710HQ CPU @ 2.50GHz
stepping	: 3
microcode	: 0x1e
cpu MHz		: 3340.429
cache size	: 6144 KB
physical id	: 0
siblings	: 8
core id		: 2
cpu cores	: 4
apicid		: 4
initial apicid	: 4
fpu		: yes
fpu_exception	: yes
cpuid level	: 13
wp		: yes
flags		: fpu vme de pse tsc msr pae mce cx8 apic sep mtrr pge mca cmov pat pse36 clflush dts acpi mmx fxsr sse sse2 ss ht tm pbe syscall nx pdpe1gb rdtscp lm constant_tsc arch_perfmon pebs bts rep_good nopl xtopology nonstop_tsc aperfmperf eagerfpu pni pclmulqdq dtes64 monitor ds_cpl vmx est tm2 ssse3 sdbg fma cx16 xtpr pdcm pcid sse4_1 sse4_2 x2apic movbe popcnt tsc_deadline_timer aes xsave avx f16c rdrand lahf_lm abm epb tpr_shadow vnmi flexpriority ept vpid fsgsbase tsc_adjust bmi1 avx2 smep bmi2 erms invpcid xsaveopt dtherm ida arat pln pts
bugs		:
bogomips	: 4988.88
clflush size	: 64
cache_alignment	: 64
address sizes	: 39 bits physical, 48 bits virtual
power management:

processor	: 5
vendor_id	: GenuineIntel
cpu family	: 6
model		: 60
model name	: Intel(R) Core(TM) i7-4710HQ CPU @ 2.50GHz
stepping	: 3
microcode	: 0x1e
cpu MHz		: 3286.035
cache size	: 6144 KB
physical id	: 0
siblings	: 8
core id		: 2
cpu cores	: 4
apicid		: 5
initial apicid	: 5
fpu		: yes
fpu_exception	: yes
cpuid level	: 13
wp		: yes
flags		: fpu vme de pse tsc msr pae mce cx8 apic sep mtrr pge mca cmov pat pse36 clflush dts acpi mmx fxsr sse sse2 ss ht tm pbe syscall nx pdpe1gb rdtscp lm constant_tsc arch_perfmon pebs bts rep_good nopl xtopology nonstop_tsc aperfmperf eagerfpu pni pclmulqdq dtes64 monitor ds_cpl vmx est tm2 ssse3 sdbg fma cx16 xtpr pdcm pcid sse4_1 sse4_2 x2apic movbe popcnt tsc_deadline_timer aes xsave avx f16c rdrand lahf_lm abm epb tpr_shadow vnmi flexpriority ept vpid fsgsbase tsc_adjust bmi1 avx2 smep bmi2 erms invpcid xsaveopt dtherm ida arat pln pts
bugs		:
bogomips	: 4988.88
clflush size	: 64
cache_alignment	: 64
address sizes	: 39 bits physical, 48 bits virtual
power management:

processor	: 6
vendor_id	: GenuineIntel
cpu family	: 6
model		: 60
model name	: Intel(R) Core(TM) i7-4710HQ CPU @ 2.50GHz
stepping	: 3
microcode	: 0x1e
cpu MHz		: 3396.484
cache size	: 6144 KB
physical id	: 0
siblings	: 8
core id		: 3
cpu cores	: 4
apicid		: 6
initial apicid	: 6
fpu		: yes
fpu_exception	: yes
cpuid level	: 13
wp		: yes
flags		: fpu vme de pse tsc msr pae mce cx8 apic sep mtrr pge mca cmov pat pse36 clflush dts acpi mmx fxsr sse sse2 ss ht tm pbe syscall nx pdpe1gb rdtscp lm constant_tsc arch_perfmon pebs bts rep_good nopl xtopology nonstop_tsc aperfmperf eagerfpu pni pclmulqdq dtes64 monitor ds_cpl vmx est tm2 ssse3 sdbg fma cx16 xtpr pdcm pcid sse4_1 sse4_2 x2apic movbe popcnt tsc_deadline_timer aes xsave avx f16c rdrand lahf_lm abm epb tpr_shadow vnmi flexpriority ept vpid fsgsbase tsc_adjust bmi1 avx2 smep bmi2 erms invpcid xsaveopt dtherm ida arat pln pts
bugs		:
bogomips	: 4988.88
clflush size	: 64
cache_alignment	: 64
address sizes	: 39 bits physical, 48 bits virtual
power management:

processor	: 7
vendor_id	: GenuineIntel
cpu family	: 6
model		: 60
model name	: Intel(R) Core(TM) i7-4710HQ CPU @ 2.50GHz
stepping	: 3
microcode	: 0x1e
cpu MHz		: 3209.375
cache size	: 6144 KB
physical id	: 0
siblings	: 8
core id		: 3
cpu cores	: 4
apicid		: 7
initial apicid	: 7
fpu		: yes
fpu_exception	: yes
cpuid level	: 13
wp		: yes
flags		: fpu vme de pse tsc msr pae mce cx8 apic sep mtrr pge mca cmov pat pse36 clflush dts acpi mmx fxsr sse sse2 ss ht tm pbe syscall nx pdpe1gb rdtscp lm constant_tsc arch_perfmon pebs bts rep_good nopl xtopology nonstop_tsc aperfmperf eagerfpu pni pclmulqdq dtes64 monitor ds_cpl vmx est tm2 ssse3 sdbg fma cx16 xtpr pdcm pcid sse4_1 sse4_2 x2apic movbe popcnt tsc_deadline_timer aes xsave avx f16c rdrand lahf_lm abm epb tpr_shadow vnmi flexpriority ept vpid fsgsbase tsc_adjust bmi1 avx2 smep bmi2 erms invpcid xsaveopt dtherm ida arat pln pts
bugs		:
bogomips	: 4988.88
clflush size	: 64
cache_alignment	: 64
address sizes	: 39 bits physical, 48 bits virtual
power management:



Memory: 4k page, physical 8084940k(1920176k free), swap 8298492k(8298492k free)

vm_info: Java HotSpot(TM) 64-Bit Server VM (25.91-b14) for linux-amd64 JRE (1.8.0_91-b14), built on Apr  1 2016 00:57:21 by "java_re" with gcc 4.3.0 20080428 (Red Hat 4.3.0-8)

time: Thu Jul 20 16:23:12 2017
elapsed time: 0 seconds (0d 0h 0m 0s)

