#
# A fatal error has been detected by the Java Runtime Environment:
#
#  SIGSEGV (0xb) at pc=0x00007f7fb79c1746, pid=29915, tid=140186529982208
#
# JRE version: Java(TM) SE Runtime Environment (8.0_91-b14) (build 1.8.0_91-b14)
# Java VM: Java HotSpot(TM) 64-Bit Server VM (25.91-b14 mixed mode linux-amd64 compressed oops)
# Problematic frame:
# C  [libc.so.6+0x8b746]  strlen+0x26
#
# Failed to write core dump. Core dumps have been disabled. To enable core dumping, try "ulimit -c unlimited" before starting Java again
#
# If you would like to submit a bug report, please visit:
#   http://bugreport.java.com/bugreport/crash.jsp
# The crash happened outside the Java Virtual Machine in native code.
# See problematic frame for where to report the bug.
#

---------------  T H R E A D  ---------------

Current thread (0x00007f7fb0009800):  JavaThread "main" [_thread_in_native, id=29916, stack(0x00007f7fb8426000,0x00007f7fb8527000)]

siginfo: si_signo: 11 (SIGSEGV), si_code: 1 (SEGV_MAPERR), si_addr: 0xffffffff898d2540

Registers:
RAX=0xffffffff898d2540, RBX=0xffffffff898d2540, RCX=0x0000000000000540, RDX=0xffffffff898d2540
RSP=0x00007f7fb85257c8, RBP=0x00000000410e2378, RSI=0xffffffff898d2540, RDI=0xffffffff898d2540
R8 =0x00007f7fb0243250, R9 =0xffffffffffffff00, R10=0x000000000000009e, R11=0x00007f7f892f6ef0
R12=0x0000000000000000, R13=0x00007f7fa0825c48, R14=0x00007f7fb85258c8, R15=0x00007f7fb0009800
RIP=0x00007f7fb79c1746, EFLAGS=0x0000000000010297, CSGSFS=0x0000000000000033, ERR=0x0000000000000005
  TRAPNO=0x000000000000000e

Top of Stack: (sp=0x00007f7fb85257c8)
0x00007f7fb85257c8:   00007f7f892f6f04 00007f7fa0825c48
0x00007f7fb85257d8:   00007f7fa0825c48 00007f7fb8525810
0x00007f7fb85257e8:   00007f7f898d21ad 898d254000000018
0x00007f7fb85257f8:   00000000410e2378 00007f7fa0825c48
0x00007f7fb8525808:   00007f7fb00f0350 00007f7fb8525850
0x00007f7fb8525818:   00007f7f89ad5b8f 00007f7fb85258c8
0x00007f7fb8525828:   00007f7fb00099f8 0000000000000000
0x00007f7fb8525838:   00007f7fb00f1e10 00007f7fb85258a8
0x00007f7fb8525848:   00007f7fa0825c48 00007f7fb85258a8
0x00007f7fb8525858:   00007f7fa1017a14 00007f7fa1017762
0x00007f7fb8525868:   00007f7fb8525868 00007f7fa0825c48
0x00007f7fb8525878:   00007f7fb85258c8 00007f7fa08263a0
0x00007f7fb8525888:   0000000000000000 00007f7fa0825c48
0x00007f7fb8525898:   0000000000000000 00007f7fb85258c8
0x00007f7fb85258a8:   00007f7fb8525910 00007f7fa10082bd
0x00007f7fb85258b8:   0000000000000000 00007f7fa1011538
0x00007f7fb85258c8:   00000000d6e62bc8 00007f7fb85258d0
0x00007f7fb85258d8:   00007f7fa0825e36 00007f7fb8525920
0x00007f7fb85258e8:   00007f7fa08263a0 0000000000000000
0x00007f7fb85258f8:   00007f7fa0825e40 00007f7fb85258c8
0x00007f7fb8525908:   00007f7fb8525920 00007f7fb8525968
0x00007f7fb8525918:   00007f7fa10082bd 00000000d6e62bc8
0x00007f7fb8525928:   00007f7fb8525928 00007f7fa08252a4
0x00007f7fb8525938:   00007f7fb8525988 00007f7fa0825338
0x00007f7fb8525948:   0000000000000000 00007f7fa08252c0
0x00007f7fb8525958:   00007f7fb8525920 00007f7fb8525988
0x00007f7fb8525968:   00007f7fb85259f0 00007f7fa10007a7
0x00007f7fb8525978:   0000000000000000 00000000d6e62bc8
0x00007f7fb8525988:   00000000d6e5dbd8 0000000000001fa0
0x00007f7fb8525998:   0000000000000000 00007f7fb0009800
0x00007f7fb85259a8:   00007f7fb8525a70 00007f7fb8525c30
0x00007f7fb85259b8:   00007f7fb8525a30 00007f7fb8525a30 

Instructions: (pc=0x00007f7fb79c1746)
0x00007f7fb79c1726:   ef c9 66 0f ef d2 66 0f ef db 48 89 f8 48 89 f9
0x00007f7fb79c1736:   48 81 e1 ff 0f 00 00 48 81 f9 cf 0f 00 00 77 6a
0x00007f7fb79c1746:   f3 0f 6f 20 66 0f 74 e0 66 0f d7 d4 85 d2 74 04
0x00007f7fb79c1756:   0f bc c2 c3 48 83 e0 f0 66 0f 74 48 10 66 0f 74 

Register to memory mapping:

RAX=0xffffffff898d2540 is an unknown value
RBX=0xffffffff898d2540 is an unknown value
RCX=0x0000000000000540 is an unknown value
RDX=0xffffffff898d2540 is an unknown value
RSP=0x00007f7fb85257c8 is pointing into the stack for thread: 0x00007f7fb0009800
RBP=0x00000000410e2378 is an unknown value
RSI=0xffffffff898d2540 is an unknown value
RDI=0xffffffff898d2540 is an unknown value
R8 =0x00007f7fb0243250 is an unknown value
R9 =0xffffffffffffff00 is an unknown value
R10=0x000000000000009e is an unknown value
R11=0x00007f7f892f6ef0: luaL_loadstring+0 in /home/alberto/torch/install/lib/libluajit.so at 0x00007f7f8928d000
R12=0x0000000000000000 is an unknown value
R13={method} {0x00007f7fa0825c48} 'startTorch' '()V' in 'Servidor'
R14=0x00007f7fb85258c8 is pointing into the stack for thread: 0x00007f7fb0009800
R15=0x00007f7fb0009800 is a thread


Stack: [0x00007f7fb8426000,0x00007f7fb8527000],  sp=0x00007f7fb85257c8,  free space=1021k
Native frames: (J=compiled Java code, j=interpreted, Vv=VM code, C=native code)
C  [libc.so.6+0x8b746]  strlen+0x26

Java frames: (J=compiled Java code, j=interpreted, Vv=VM code)
j  Servidor.startTorch()V+0
j  Servidor._startTorch()V+6
j  Main.main([Ljava/lang/String;)V+12
v  ~StubRoutines::call_stub

---------------  P R O C E S S  ---------------

Java Threads: ( => current thread )
  0x00007f7fb00d3800 JavaThread "Service Thread" daemon [_thread_blocked, id=29933, stack(0x00007f7f89dd9000,0x00007f7f89eda000)]
  0x00007f7fb00c8000 JavaThread "C1 CompilerThread3" daemon [_thread_blocked, id=29932, stack(0x00007f7f89eda000,0x00007f7f89fdb000)]
  0x00007f7fb00c6000 JavaThread "C2 CompilerThread2" daemon [_thread_blocked, id=29931, stack(0x00007f7f89fdb000,0x00007f7f8a0dc000)]
  0x00007f7fb00c4800 JavaThread "C2 CompilerThread1" daemon [_thread_blocked, id=29930, stack(0x00007f7f8a0dc000,0x00007f7f8a1dd000)]
  0x00007f7fb00c1800 JavaThread "C2 CompilerThread0" daemon [_thread_blocked, id=29929, stack(0x00007f7f8a1dd000,0x00007f7f8a2de000)]
  0x00007f7fb00c0000 JavaThread "Signal Dispatcher" daemon [_thread_blocked, id=29928, stack(0x00007f7f8a2de000,0x00007f7f8a3df000)]
  0x00007f7fb008c000 JavaThread "Finalizer" daemon [_thread_blocked, id=29927, stack(0x00007f7f8a7e8000,0x00007f7f8a8e9000)]
  0x00007f7fb0087000 JavaThread "Reference Handler" daemon [_thread_blocked, id=29926, stack(0x00007f7f8a8e9000,0x00007f7f8a9ea000)]
=>0x00007f7fb0009800 JavaThread "main" [_thread_in_native, id=29916, stack(0x00007f7fb8426000,0x00007f7fb8527000)]

Other Threads:
  0x00007f7fb007f800 VMThread [stack: 0x00007f7f8a9ea000,0x00007f7f8aaeb000] [id=29925]
  0x00007f7fb00d6000 WatcherThread [stack: 0x00007f7f89cd8000,0x00007f7f89dd9000] [id=29934]

VM state:not at safepoint (normal execution)

VM Mutex/Monitor currently owned by a thread: None

Heap:
 PSYoungGen      total 36864K, used 1269K [0x00000000d6e00000, 0x00000000d9700000, 0x0000000100000000)
  eden space 31744K, 4% used [0x00000000d6e00000,0x00000000d6f3d728,0x00000000d8d00000)
  from space 5120K, 0% used [0x00000000d9200000,0x00000000d9200000,0x00000000d9700000)
  to   space 5120K, 0% used [0x00000000d8d00000,0x00000000d8d00000,0x00000000d9200000)
 ParOldGen       total 84992K, used 0K [0x0000000084a00000, 0x0000000089d00000, 0x00000000d6e00000)
  object space 84992K, 0% used [0x0000000084a00000,0x0000000084a00000,0x0000000089d00000)
 Metaspace       used 2479K, capacity 4490K, committed 4864K, reserved 1056768K
  class space    used 268K, capacity 386K, committed 512K, reserved 1048576K

Card table byte_map: [0x00007f7fb4e10000,0x00007f7fb51ec000] byte_map_base: 0x00007f7fb49eb000

Marking Bits: (ParMarkBitMap*) 0x00007f7fb7909d60
 Begin Bits: [0x00007f7f98250000, 0x00007f7f9a128000)
 End Bits:   [0x00007f7f9a128000, 0x00007f7f9c000000)

Polling page: 0x00007f7fb8559000

CodeCache: size=245760Kb used=1080Kb max_used=1080Kb free=244679Kb
 bounds [0x00007f7fa1000000, 0x00007f7fa1270000, 0x00007f7fb0000000]
 total_blobs=242 nmethods=14 adapters=143
 compilation: enabled

Compilation events (10 events):
Event: 0.039 Thread 0x00007f7fb00c8000   12       1       java.lang.ref.Reference::get (5 bytes)
Event: 0.039 Thread 0x00007f7fb00c8000 nmethod 12 0x00007f7fa110c350 code [0x00007f7fa110c4a0, 0x00007f7fa110c5b0]
Event: 0.039 Thread 0x00007f7fb00c8000    9       3       java.util.Arrays::copyOfRange (63 bytes)
Event: 0.039 Thread 0x00007f7fb00c8000 nmethod 9 0x00007f7fa110c990 code [0x00007f7fa110cba0, 0x00007f7fa110d6b8]
Event: 0.039 Thread 0x00007f7fb00c8000   11       3       java.lang.String::<init> (82 bytes)
Event: 0.040 Thread 0x00007f7fb00c8000 nmethod 11 0x00007f7fa110ba10 code [0x00007f7fa110bbe0, 0x00007f7fa110c0b8]
Event: 0.040 Thread 0x00007f7fb00c8000   13       1       java.lang.ThreadLocal::access$400 (5 bytes)
Event: 0.040 Thread 0x00007f7fb00c8000 nmethod 13 0x00007f7fa110b750 code [0x00007f7fa110b8a0, 0x00007f7fa110b990]
Event: 0.041 Thread 0x00007f7fb00c8000   14       3       java.lang.String::getChars (62 bytes)
Event: 0.041 Thread 0x00007f7fb00c8000 nmethod 14 0x00007f7fa110de10 code [0x00007f7fa110dfc0, 0x00007f7fa110e3f8]

GC Heap History (0 events):
No events

Deoptimization events (0 events):
No events

Internal exceptions (2 events):
Event: 0.019 Thread 0x00007f7fb0009800 Exception <a 'java/lang/NoSuchMethodError': Method sun.misc.Unsafe.defineClass(Ljava/lang/String;[BII)Ljava/lang/Class; name or signature does not match> (0x00000000d6e07cc0) thrown at [/HUDSON/workspace/8-2-build-linux-amd64/jdk8u91/6644/hotspot/src/shar
Event: 0.019 Thread 0x00007f7fb0009800 Exception <a 'java/lang/NoSuchMethodError': Method sun.misc.Unsafe.prefetchRead(Ljava/lang/Object;J)V name or signature does not match> (0x00000000d6e07fa8) thrown at [/HUDSON/workspace/8-2-build-linux-amd64/jdk8u91/6644/hotspot/src/share/vm/prims/jni.cpp

Events (10 events):
Event: 0.042 loading class java/lang/Void
Event: 0.042 loading class java/lang/Void done
Event: 0.042 loading class Servidor
Event: 0.042 loading class Servidor done
Event: 0.042 loading class java/io/IOException
Event: 0.042 loading class java/io/IOException done
Event: 0.042 loading class java/util/concurrent/ConcurrentHashMap$ForwardingNode
Event: 0.042 loading class java/util/concurrent/ConcurrentHashMap$ForwardingNode done
Event: 0.042 loading class java/lang/ClassLoaderHelper
Event: 0.042 loading class java/lang/ClassLoaderHelper done


Dynamic libraries:
00400000-00401000 r-xp 00000000 08:08 11278465                           /usr/lib/jvm/java-8-oracle/jre/bin/java
00600000-00601000 rw-p 00000000 08:08 11278465                           /usr/lib/jvm/java-8-oracle/jre/bin/java
015e2000-01603000 rw-p 00000000 00:00 0                                  [heap]
40067000-40087000 rw-p 00000000 00:00 0 
403c6000-403e6000 rw-p 00000000 00:00 0 
40455000-40475000 rw-p 00000000 00:00 0 
40519000-40539000 rw-p 00000000 00:00 0 
40668000-40688000 rw-p 00000000 00:00 0 
407b0000-407f0000 rw-p 00000000 00:00 0 
4082a000-4084a000 rw-p 00000000 00:00 0 
409b4000-409d4000 rw-p 00000000 00:00 0 
40f5f000-40f7f000 rw-p 00000000 00:00 0 
4107b000-4109b000 rw-p 00000000 00:00 0 
410be000-410de000 rw-p 00000000 00:00 0 
410e2000-41122000 rw-p 00000000 00:00 0 
41151000-41171000 rw-p 00000000 00:00 0 
4119f000-411df000 rw-p 00000000 00:00 0 
413d4000-413f4000 rw-p 00000000 00:00 0 
41462000-41482000 rw-p 00000000 00:00 0 
414d7000-414f7000 rw-p 00000000 00:00 0 
4154c000-4156c000 rw-p 00000000 00:00 0 
415af000-415cf000 rw-p 00000000 00:00 0 
418ae000-418ce000 rw-p 00000000 00:00 0 
41bb3000-41bd3000 rw-p 00000000 00:00 0 
41dd8000-41df8000 rw-p 00000000 00:00 0 
41f29000-41f49000 rw-p 00000000 00:00 0 
84a00000-89d00000 rw-p 00000000 00:00 0 
89d00000-d6e00000 ---p 00000000 00:00 0 
d6e00000-d9700000 rw-p 00000000 00:00 0 
d9700000-100000000 ---p 00000000 00:00 0 
100000000-100080000 rw-p 00000000 00:00 0 
100080000-140000000 ---p 00000000 00:00 0 
7f7f37056000-7f7f37057000 ---p 00000000 00:00 0 
7f7f37057000-7f7f37857000 rw-p 00000000 00:00 0 
7f7f37857000-7f7f37858000 ---p 00000000 00:00 0 
7f7f37858000-7f7f38058000 rw-p 00000000 00:00 0 
7f7f38058000-7f7f38059000 ---p 00000000 00:00 0 
7f7f38059000-7f7f38859000 rw-p 00000000 00:00 0 
7f7f38859000-7f7f3885a000 ---p 00000000 00:00 0 
7f7f3885a000-7f7f3905a000 rw-p 00000000 00:00 0 
7f7f3905a000-7f7f3905b000 ---p 00000000 00:00 0 
7f7f3905b000-7f7f3985b000 rw-p 00000000 00:00 0 
7f7f3985b000-7f7f3985c000 ---p 00000000 00:00 0 
7f7f3985c000-7f7f3a05c000 rw-p 00000000 00:00 0 
7f7f3a05c000-7f7f3a05d000 ---p 00000000 00:00 0 
7f7f3a05d000-7f7f3a85d000 rw-p 00000000 00:00 0 
7f7f3a85d000-7f7f3a8b4000 r-xp 00000000 08:08 8932234                    /usr/lib/x86_64-linux-gnu/libjpeg.so.8.0.2
7f7f3a8b4000-7f7f3aab4000 ---p 00057000 08:08 8932234                    /usr/lib/x86_64-linux-gnu/libjpeg.so.8.0.2
7f7f3aab4000-7f7f3aab5000 r--p 00057000 08:08 8932234                    /usr/lib/x86_64-linux-gnu/libjpeg.so.8.0.2
7f7f3aab5000-7f7f3aab6000 rw-p 00058000 08:08 8932234                    /usr/lib/x86_64-linux-gnu/libjpeg.so.8.0.2
7f7f3aab6000-7f7f3aabf000 r-xp 00000000 08:08 2770212                    /home/alberto/torch/install/lib/lua/5.1/libjpeg.so
7f7f3aabf000-7f7f3acbf000 ---p 00009000 08:08 2770212                    /home/alberto/torch/install/lib/lua/5.1/libjpeg.so
7f7f3acbf000-7f7f3acc0000 r--p 00009000 08:08 2770212                    /home/alberto/torch/install/lib/lua/5.1/libjpeg.so
7f7f3acc0000-7f7f3acc1000 rw-p 0000a000 08:08 2770212                    /home/alberto/torch/install/lib/lua/5.1/libjpeg.so
7f7f3acc1000-7f7f3acda000 r-xp 00000000 08:08 17957164                   /lib/x86_64-linux-gnu/libz.so.1.2.8
7f7f3acda000-7f7f3aed9000 ---p 00019000 08:08 17957164                   /lib/x86_64-linux-gnu/libz.so.1.2.8
7f7f3aed9000-7f7f3aeda000 r--p 00018000 08:08 17957164                   /lib/x86_64-linux-gnu/libz.so.1.2.8
7f7f3aeda000-7f7f3aedb000 rw-p 00019000 08:08 17957164                   /lib/x86_64-linux-gnu/libz.so.1.2.8
7f7f3aedb000-7f7f3aeff000 r-xp 00000000 08:08 17956943                   /lib/x86_64-linux-gnu/libpng12.so.0.54.0
7f7f3aeff000-7f7f3b0fe000 ---p 00024000 08:08 17956943                   /lib/x86_64-linux-gnu/libpng12.so.0.54.0
7f7f3b0fe000-7f7f3b0ff000 r--p 00023000 08:08 17956943                   /lib/x86_64-linux-gnu/libpng12.so.0.54.0
7f7f3b0ff000-7f7f3b100000 rw-p 00024000 08:08 17956943                   /lib/x86_64-linux-gnu/libpng12.so.0.54.0
7f7f3b100000-7f7f3b109000 r-xp 00000000 08:08 2762756                    /home/alberto/torch/install/lib/lua/5.1/libpng.so
7f7f3b109000-7f7f3b308000 ---p 00009000 08:08 2762756                    /home/alberto/torch/install/lib/lua/5.1/libpng.so
7f7f3b308000-7f7f3b309000 r--p 00008000 08:08 2762756                    /home/alberto/torch/install/lib/lua/5.1/libpng.so
7f7f3b309000-7f7f3b30a000 rw-p 00009000 08:08 2762756                    /home/alberto/torch/install/lib/lua/5.1/libpng.so
7f7f3b30a000-7f7f3e000000 rw-p 00000000 00:00 0 
7f7f3e000000-7f7f4c000000 rw-p 00000000 00:00 0 
7f7f4c000000-7f7f4c021000 rw-p 00000000 00:00 0 
7f7f4c021000-7f7f50000000 ---p 00000000 00:00 0 
7f7f500ba000-7f7f5019c000 rw-p 00000000 00:00 0 
7f7f5019c000-7f7f501f1000 r-xp 00000000 08:08 2770136                    /home/alberto/torch/install/lib/lua/5.1/libimage.so
7f7f501f1000-7f7f503f1000 ---p 00055000 08:08 2770136                    /home/alberto/torch/install/lib/lua/5.1/libimage.so
7f7f503f1000-7f7f503f2000 r--p 00055000 08:08 2770136                    /home/alberto/torch/install/lib/lua/5.1/libimage.so
7f7f503f2000-7f7f503f3000 rw-p 00056000 08:08 2770136                    /home/alberto/torch/install/lib/lua/5.1/libimage.so
7f7f503f3000-7f7f50400000 r-xp 00000000 08:08 2769412                    /home/alberto/torch/install/lib/lua/5.1/libsundown.so
7f7f50400000-7f7f50600000 ---p 0000d000 08:08 2769412                    /home/alberto/torch/install/lib/lua/5.1/libsundown.so
7f7f50600000-7f7f50601000 r--p 0000d000 08:08 2769412                    /home/alberto/torch/install/lib/lua/5.1/libsundown.so
7f7f50601000-7f7f50602000 rw-p 0000e000 08:08 2769412                    /home/alberto/torch/install/lib/lua/5.1/libsundown.so
7f7f50602000-7f7f50617000 r-xp 00000000 08:08 2771027                    /home/alberto/torch/install/lib/lua/5.1/libnnx.so
7f7f50617000-7f7f50817000 ---p 00015000 08:08 2771027                    /home/alberto/torch/install/lib/lua/5.1/libnnx.so
7f7f50817000-7f7f50818000 r--p 00015000 08:08 2771027                    /home/alberto/torch/install/lib/lua/5.1/libnnx.so
7f7f50818000-7f7f50819000 rw-p 00016000 08:08 2771027                    /home/alberto/torch/install/lib/lua/5.1/libnnx.so
7f7f50819000-7f7f5081a000 r-xp 00000000 08:08 2769744                    /home/alberto/torch/install/lib/lua/5.1/libsys.so
7f7f5081a000-7f7f50a19000 ---p 00001000 08:08 2769744                    /home/alberto/torch/install/lib/lua/5.1/libsys.so
7f7f50a19000-7f7f50a1a000 r--p 00000000 08:08 2769744                    /home/alberto/torch/install/lib/lua/5.1/libsys.so
7f7f50a1a000-7f7f50a1b000 rw-p 00001000 08:08 2769744                    /home/alberto/torch/install/lib/lua/5.1/libsys.so
7f7f50a1b000-7f7f50aee000 r-xp 00000000 08:08 2769867                    /home/alberto/torch/install/lib/lua/5.1/libTHNN.so
7f7f50aee000-7f7f50ced000 ---p 000d3000 08:08 2769867                    /home/alberto/torch/install/lib/lua/5.1/libTHNN.so
7f7f50ced000-7f7f50cee000 r--p 000d2000 08:08 2769867                    /home/alberto/torch/install/lib/lua/5.1/libTHNN.so
7f7f50cee000-7f7f50cef000 rw-p 000d3000 08:08 2769867                    /home/alberto/torch/install/lib/lua/5.1/libTHNN.so
7f7f50cef000-7f7f50e66000 r-xp 00000000 08:08 2769559                    /home/alberto/torch/install/lib/lua/5.1/libtorch.so
7f7f50e66000-7f7f51065000 ---p 00177000 08:08 2769559                    /home/alberto/torch/install/lib/lua/5.1/libtorch.so
7f7f51065000-7f7f5106e000 r--p 00176000 08:08 2769559                    /home/alberto/torch/install/lib/lua/5.1/libtorch.so
7f7f5106e000-7f7f51072000 rw-p 0017f000 08:08 2769559                    /home/alberto/torch/install/lib/lua/5.1/libtorch.so
7f7f51072000-7f7f53072000 rw-p 00000000 00:00 0 
7f7f53072000-7f7f53d98000 r-xp 00000000 08:08 6309223                    /opt/OpenBLAS/lib/libopenblas_haswellp-r0.2.20.dev.so
7f7f53d98000-7f7f53f97000 ---p 00d26000 08:08 6309223                    /opt/OpenBLAS/lib/libopenblas_haswellp-r0.2.20.dev.so
7f7f53f97000-7f7f53f9d000 r--p 00d25000 08:08 6309223                    /opt/OpenBLAS/lib/libopenblas_haswellp-r0.2.20.dev.so
7f7f53f9d000-7f7f53fa7000 rw-p 00d2b000 08:08 6309223                    /opt/OpenBLAS/lib/libopenblas_haswellp-r0.2.20.dev.so
7f7f53fa7000-7f7f54000000 rw-p 00000000 00:00 0 
7f7f54000000-7f7f5402d000 rw-p 00000000 00:00 0 
7f7f5402d000-7f7f58000000 ---p 00000000 00:00 0 
7f7f58000000-7f7f58021000 rw-p 00000000 00:00 0 
7f7f58021000-7f7f5c000000 ---p 00000000 00:00 0 
7f7f5c000000-7f7f5c021000 rw-p 00000000 00:00 0 
7f7f5c021000-7f7f60000000 ---p 00000000 00:00 0 
7f7f60000000-7f7f60021000 rw-p 00000000 00:00 0 
7f7f60021000-7f7f64000000 ---p 00000000 00:00 0 
7f7f64000000-7f7f64021000 rw-p 00000000 00:00 0 
7f7f64021000-7f7f68000000 ---p 00000000 00:00 0 
7f7f68000000-7f7f6804e000 rw-p 00000000 00:00 0 
7f7f6804e000-7f7f6c000000 ---p 00000000 00:00 0 
7f7f6c000000-7f7f6c021000 rw-p 00000000 00:00 0 
7f7f6c021000-7f7f70000000 ---p 00000000 00:00 0 
7f7f70000000-7f7f70021000 rw-p 00000000 00:00 0 
7f7f70021000-7f7f74000000 ---p 00000000 00:00 0 
7f7f74000000-7f7f74021000 rw-p 00000000 00:00 0 
7f7f74021000-7f7f78000000 ---p 00000000 00:00 0 
7f7f78000000-7f7f78021000 rw-p 00000000 00:00 0 
7f7f78021000-7f7f7c000000 ---p 00000000 00:00 0 
7f7f7c000000-7f7f7c021000 rw-p 00000000 00:00 0 
7f7f7c021000-7f7f80000000 ---p 00000000 00:00 0 
7f7f80000000-7f7f80021000 rw-p 00000000 00:00 0 
7f7f80021000-7f7f84000000 ---p 00000000 00:00 0 
7f7f84000000-7f7f84021000 rw-p 00000000 00:00 0 
7f7f84021000-7f7f88000000 ---p 00000000 00:00 0 
7f7f88004000-7f7f8803e000 rw-p 00000000 00:00 0 
7f7f8803e000-7f7f88042000 r-xp 00000000 08:08 2769448                    /home/alberto/torch/install/lib/lua/5.1/libpaths.so
7f7f88042000-7f7f88241000 ---p 00004000 08:08 2769448                    /home/alberto/torch/install/lib/lua/5.1/libpaths.so
7f7f88241000-7f7f88242000 r--p 00003000 08:08 2769448                    /home/alberto/torch/install/lib/lua/5.1/libpaths.so
7f7f88242000-7f7f88243000 rw-p 00004000 08:08 2769448                    /home/alberto/torch/install/lib/lua/5.1/libpaths.so
7f7f88243000-7f7f88281000 r-xp 00000000 08:08 8917176                    /usr/lib/x86_64-linux-gnu/libquadmath.so.0.0.0
7f7f88281000-7f7f88480000 ---p 0003e000 08:08 8917176                    /usr/lib/x86_64-linux-gnu/libquadmath.so.0.0.0
7f7f88480000-7f7f88481000 r--p 0003d000 08:08 8917176                    /usr/lib/x86_64-linux-gnu/libquadmath.so.0.0.0
7f7f88481000-7f7f88482000 rw-p 0003e000 08:08 8917176                    /usr/lib/x86_64-linux-gnu/libquadmath.so.0.0.0
7f7f88482000-7f7f885ab000 r-xp 00000000 08:08 8913010                    /usr/lib/x86_64-linux-gnu/libgfortran.so.3.0.0
7f7f885ab000-7f7f887aa000 ---p 00129000 08:08 8913010                    /usr/lib/x86_64-linux-gnu/libgfortran.so.3.0.0
7f7f887aa000-7f7f887ab000 r--p 00128000 08:08 8913010                    /usr/lib/x86_64-linux-gnu/libgfortran.so.3.0.0
7f7f887ab000-7f7f887ad000 rw-p 00129000 08:08 8913010                    /usr/lib/x86_64-linux-gnu/libgfortran.so.3.0.0
7f7f887ad000-7f7f887ce000 r-xp 00000000 08:08 8923087                    /usr/lib/x86_64-linux-gnu/libgomp.so.1.0.0
7f7f887ce000-7f7f889cd000 ---p 00021000 08:08 8923087                    /usr/lib/x86_64-linux-gnu/libgomp.so.1.0.0
7f7f889cd000-7f7f889ce000 r--p 00020000 08:08 8923087                    /usr/lib/x86_64-linux-gnu/libgomp.so.1.0.0
7f7f889ce000-7f7f889cf000 rw-p 00021000 08:08 8923087                    /usr/lib/x86_64-linux-gnu/libgomp.so.1.0.0
7f7f889cf000-7f7f889e5000 r-xp 00000000 08:08 17960833                   /lib/x86_64-linux-gnu/libgcc_s.so.1
7f7f889e5000-7f7f88be4000 ---p 00016000 08:08 17960833                   /lib/x86_64-linux-gnu/libgcc_s.so.1
7f7f88be4000-7f7f88be5000 rw-p 00015000 08:08 17960833                   /lib/x86_64-linux-gnu/libgcc_s.so.1
7f7f88be5000-7f7f88e81000 r-xp 00000000 08:08 2769611                    /home/alberto/torch/install/lib/libTH.so.0
7f7f88e81000-7f7f89080000 ---p 0029c000 08:08 2769611                    /home/alberto/torch/install/lib/libTH.so.0
7f7f89080000-7f7f89081000 r--p 0029b000 08:08 2769611                    /home/alberto/torch/install/lib/libTH.so.0
7f7f89081000-7f7f89083000 rw-p 0029c000 08:08 2769611                    /home/alberto/torch/install/lib/libTH.so.0
7f7f89083000-7f7f8908c000 r-xp 00000000 08:08 2769671                    /home/alberto/torch/install/lib/libluaT.so.0
7f7f8908c000-7f7f8928b000 ---p 00009000 08:08 2769671                    /home/alberto/torch/install/lib/libluaT.so.0
7f7f8928b000-7f7f8928c000 r--p 00008000 08:08 2769671                    /home/alberto/torch/install/lib/libluaT.so.0
7f7f8928c000-7f7f8928d000 rw-p 00009000 08:08 2769671                    /home/alberto/torch/install/lib/libluaT.so.0
7f7f8928d000-7f7f8931d000 r-xp 00000000 08:08 2768624                    /home/alberto/torch/install/lib/libluajit.so
7f7f8931d000-7f7f8951d000 ---p 00090000 08:08 2768624                    /home/alberto/torch/install/lib/libluajit.so
7f7f8951d000-7f7f8951f000 r--p 00090000 08:08 2768624                    /home/alberto/torch/install/lib/libluajit.so
7f7f8951f000-7f7f89520000 rw-p 00092000 08:08 2768624                    /home/alberto/torch/install/lib/libluajit.so
7f7f89520000-7f7f89692000 r-xp 00000000 08:08 8914155                    /usr/lib/x86_64-linux-gnu/libstdc++.so.6.0.21
7f7f89692000-7f7f89892000 ---p 00172000 08:08 8914155                    /usr/lib/x86_64-linux-gnu/libstdc++.so.6.0.21
7f7f89892000-7f7f8989c000 r--p 00172000 08:08 8914155                    /usr/lib/x86_64-linux-gnu/libstdc++.so.6.0.21
7f7f8989c000-7f7f8989e000 rw-p 0017c000 08:08 8914155                    /usr/lib/x86_64-linux-gnu/libstdc++.so.6.0.21
7f7f8989e000-7f7f898a2000 rw-p 00000000 00:00 0 
7f7f898d1000-7f7f898d3000 r-xp 00000000 08:08 2621694                    /home/alberto/Desktop/servidor/libcluaf.so
7f7f898d3000-7f7f89ad3000 ---p 00002000 08:08 2621694                    /home/alberto/Desktop/servidor/libcluaf.so
7f7f89ad3000-7f7f89ad4000 r--p 00002000 08:08 2621694                    /home/alberto/Desktop/servidor/libcluaf.so
7f7f89ad4000-7f7f89ad5000 rw-p 00003000 08:08 2621694                    /home/alberto/Desktop/servidor/libcluaf.so
7f7f89ad5000-7f7f89ad6000 r-xp 00000000 08:08 2621717                    /home/alberto/Desktop/servidor/libTorchMain.so
7f7f89ad6000-7f7f89cd6000 ---p 00001000 08:08 2621717                    /home/alberto/Desktop/servidor/libTorchMain.so
7f7f89cd6000-7f7f89cd7000 r--p 00001000 08:08 2621717                    /home/alberto/Desktop/servidor/libTorchMain.so
7f7f89cd7000-7f7f89cd8000 rw-p 00002000 08:08 2621717                    /home/alberto/Desktop/servidor/libTorchMain.so
7f7f89cd8000-7f7f89cd9000 ---p 00000000 00:00 0 
7f7f89cd9000-7f7f89dd9000 rw-p 00000000 00:00 0 
7f7f89dd9000-7f7f89ddc000 ---p 00000000 00:00 0 
7f7f89ddc000-7f7f89eda000 rw-p 00000000 00:00 0 
7f7f89eda000-7f7f89edd000 ---p 00000000 00:00 0 
7f7f89edd000-7f7f89fdb000 rw-p 00000000 00:00 0 
7f7f89fdb000-7f7f89fde000 ---p 00000000 00:00 0 
7f7f89fde000-7f7f8a0dc000 rw-p 00000000 00:00 0 
7f7f8a0dc000-7f7f8a0df000 ---p 00000000 00:00 0 
7f7f8a0df000-7f7f8a1dd000 rw-p 00000000 00:00 0 
7f7f8a1dd000-7f7f8a1e0000 ---p 00000000 00:00 0 
7f7f8a1e0000-7f7f8a2de000 rw-p 00000000 00:00 0 
7f7f8a2de000-7f7f8a2e1000 ---p 00000000 00:00 0 
7f7f8a2e1000-7f7f8a3df000 rw-p 00000000 00:00 0 
7f7f8a3df000-7f7f8a7e8000 r--p 00000000 08:08 8919864                    /usr/lib/locale/locale-archive
7f7f8a7e8000-7f7f8a7eb000 ---p 00000000 00:00 0 
7f7f8a7eb000-7f7f8a8e9000 rw-p 00000000 00:00 0 
7f7f8a8e9000-7f7f8a8ec000 ---p 00000000 00:00 0 
7f7f8a8ec000-7f7f8a9ea000 rw-p 00000000 00:00 0 
7f7f8a9ea000-7f7f8a9eb000 ---p 00000000 00:00 0 
7f7f8a9eb000-7f7f8c000000 rw-p 00000000 00:00 0 
7f7f8c000000-7f7f8c021000 rw-p 00000000 00:00 0 
7f7f8c021000-7f7f90000000 ---p 00000000 00:00 0 
7f7f90000000-7f7f90021000 rw-p 00000000 00:00 0 
7f7f90021000-7f7f94000000 ---p 00000000 00:00 0 
7f7f94000000-7f7f94021000 rw-p 00000000 00:00 0 
7f7f94021000-7f7f98000000 ---p 00000000 00:00 0 
7f7f98005000-7f7f9c000000 rw-p 00000000 00:00 0 
7f7f9c000000-7f7f9c021000 rw-p 00000000 00:00 0 
7f7f9c021000-7f7fa0000000 ---p 00000000 00:00 0 
7f7fa0000000-7f7fa0865000 rw-p 00000000 00:00 0 
7f7fa0865000-7f7fa0c25000 ---p 00000000 00:00 0 
7f7fa0c25000-7f7fa1000000 rw-p 00000000 00:00 0 
7f7fa1000000-7f7fa1270000 rwxp 00000000 00:00 0 
7f7fa1270000-7f7fb0000000 ---p 00000000 00:00 0 
7f7fb0000000-7f7fb025d000 rw-p 00000000 00:00 0 
7f7fb025d000-7f7fb4000000 ---p 00000000 00:00 0 
7f7fb4012000-7f7fb4127000 rw-p 00000000 00:00 0 
7f7fb4127000-7f7fb4300000 r--s 03d1f000 08:08 11281157                   /usr/lib/jvm/java-8-oracle/jre/lib/rt.jar
7f7fb4300000-7f7fb4376000 rw-p 00000000 00:00 0 
7f7fb4376000-7f7fb4377000 ---p 00000000 00:00 0 
7f7fb4377000-7f7fb4477000 rw-p 00000000 00:00 0 
7f7fb4477000-7f7fb4478000 ---p 00000000 00:00 0 
7f7fb4478000-7f7fb4578000 rw-p 00000000 00:00 0 
7f7fb4578000-7f7fb4579000 ---p 00000000 00:00 0 
7f7fb4579000-7f7fb4679000 rw-p 00000000 00:00 0 
7f7fb4679000-7f7fb467a000 ---p 00000000 00:00 0 
7f7fb467a000-7f7fb477a000 rw-p 00000000 00:00 0 
7f7fb477a000-7f7fb477b000 ---p 00000000 00:00 0 
7f7fb477b000-7f7fb487b000 rw-p 00000000 00:00 0 
7f7fb487b000-7f7fb487c000 ---p 00000000 00:00 0 
7f7fb487c000-7f7fb497c000 rw-p 00000000 00:00 0 
7f7fb497c000-7f7fb497d000 ---p 00000000 00:00 0 
7f7fb497d000-7f7fb4a7d000 rw-p 00000000 00:00 0 
7f7fb4a7d000-7f7fb4a7e000 ---p 00000000 00:00 0 
7f7fb4a7e000-7f7fb4ba8000 rw-p 00000000 00:00 0 
7f7fb4ba8000-7f7fb4e10000 ---p 00000000 00:00 0 
7f7fb4e10000-7f7fb4e3a000 rw-p 00000000 00:00 0 
7f7fb4e3a000-7f7fb50a2000 ---p 00000000 00:00 0 
7f7fb50a2000-7f7fb50b7000 rw-p 00000000 00:00 0 
7f7fb50b7000-7f7fb51eb000 ---p 00000000 00:00 0 
7f7fb51eb000-7f7fb51f6000 rw-p 00000000 00:00 0 
7f7fb51f6000-7f7fb55ac000 ---p 00000000 00:00 0 
7f7fb55ac000-7f7fb55c6000 r-xp 00000000 08:08 11536453                   /usr/lib/jvm/java-8-oracle/jre/lib/amd64/libzip.so
7f7fb55c6000-7f7fb57c6000 ---p 0001a000 08:08 11536453                   /usr/lib/jvm/java-8-oracle/jre/lib/amd64/libzip.so
7f7fb57c6000-7f7fb57c7000 rw-p 0001a000 08:08 11536453                   /usr/lib/jvm/java-8-oracle/jre/lib/amd64/libzip.so
7f7fb57c7000-7f7fb57d2000 r-xp 00000000 08:08 17957127                   /lib/x86_64-linux-gnu/libnss_files-2.23.so
7f7fb57d2000-7f7fb59d1000 ---p 0000b000 08:08 17957127                   /lib/x86_64-linux-gnu/libnss_files-2.23.so
7f7fb59d1000-7f7fb59d2000 r--p 0000a000 08:08 17957127                   /lib/x86_64-linux-gnu/libnss_files-2.23.so
7f7fb59d2000-7f7fb59d3000 rw-p 0000b000 08:08 17957127                   /lib/x86_64-linux-gnu/libnss_files-2.23.so
7f7fb59d3000-7f7fb59d9000 rw-p 00000000 00:00 0 
7f7fb59d9000-7f7fb59e4000 r-xp 00000000 08:08 17957133                   /lib/x86_64-linux-gnu/libnss_nis-2.23.so
7f7fb59e4000-7f7fb5be3000 ---p 0000b000 08:08 17957133                   /lib/x86_64-linux-gnu/libnss_nis-2.23.so
7f7fb5be3000-7f7fb5be4000 r--p 0000a000 08:08 17957133                   /lib/x86_64-linux-gnu/libnss_nis-2.23.so
7f7fb5be4000-7f7fb5be5000 rw-p 0000b000 08:08 17957133                   /lib/x86_64-linux-gnu/libnss_nis-2.23.so
7f7fb5be5000-7f7fb5bfb000 r-xp 00000000 08:08 17957119                   /lib/x86_64-linux-gnu/libnsl-2.23.so
7f7fb5bfb000-7f7fb5dfa000 ---p 00016000 08:08 17957119                   /lib/x86_64-linux-gnu/libnsl-2.23.so
7f7fb5dfa000-7f7fb5dfb000 r--p 00015000 08:08 17957119                   /lib/x86_64-linux-gnu/libnsl-2.23.so
7f7fb5dfb000-7f7fb5dfc000 rw-p 00016000 08:08 17957119                   /lib/x86_64-linux-gnu/libnsl-2.23.so
7f7fb5dfc000-7f7fb5dfe000 rw-p 00000000 00:00 0 
7f7fb5dfe000-7f7fb5e06000 r-xp 00000000 08:08 17957145                   /lib/x86_64-linux-gnu/libnss_compat-2.23.so
7f7fb5e06000-7f7fb6005000 ---p 00008000 08:08 17957145                   /lib/x86_64-linux-gnu/libnss_compat-2.23.so
7f7fb6005000-7f7fb6006000 r--p 00007000 08:08 17957145                   /lib/x86_64-linux-gnu/libnss_compat-2.23.so
7f7fb6006000-7f7fb6007000 rw-p 00008000 08:08 17957145                   /lib/x86_64-linux-gnu/libnss_compat-2.23.so
7f7fb6007000-7f7fb6031000 r-xp 00000000 08:08 11536479                   /usr/lib/jvm/java-8-oracle/jre/lib/amd64/libjava.so
7f7fb6031000-7f7fb6231000 ---p 0002a000 08:08 11536479                   /usr/lib/jvm/java-8-oracle/jre/lib/amd64/libjava.so
7f7fb6231000-7f7fb6233000 rw-p 0002a000 08:08 11536479                   /usr/lib/jvm/java-8-oracle/jre/lib/amd64/libjava.so
7f7fb6233000-7f7fb6240000 r-xp 00000000 08:08 11536457                   /usr/lib/jvm/java-8-oracle/jre/lib/amd64/libverify.so
7f7fb6240000-7f7fb6440000 ---p 0000d000 08:08 11536457                   /usr/lib/jvm/java-8-oracle/jre/lib/amd64/libverify.so
7f7fb6440000-7f7fb6442000 rw-p 0000d000 08:08 11536457                   /usr/lib/jvm/java-8-oracle/jre/lib/amd64/libverify.so
7f7fb6442000-7f7fb6449000 r-xp 00000000 08:08 17957137                   /lib/x86_64-linux-gnu/librt-2.23.so
7f7fb6449000-7f7fb6648000 ---p 00007000 08:08 17957137                   /lib/x86_64-linux-gnu/librt-2.23.so
7f7fb6648000-7f7fb6649000 r--p 00006000 08:08 17957137                   /lib/x86_64-linux-gnu/librt-2.23.so
7f7fb6649000-7f7fb664a000 rw-p 00007000 08:08 17957137                   /lib/x86_64-linux-gnu/librt-2.23.so
7f7fb664a000-7f7fb6752000 r-xp 00000000 08:08 17957155                   /lib/x86_64-linux-gnu/libm-2.23.so
7f7fb6752000-7f7fb6951000 ---p 00108000 08:08 17957155                   /lib/x86_64-linux-gnu/libm-2.23.so
7f7fb6951000-7f7fb6952000 r--p 00107000 08:08 17957155                   /lib/x86_64-linux-gnu/libm-2.23.so
7f7fb6952000-7f7fb6953000 rw-p 00108000 08:08 17957155                   /lib/x86_64-linux-gnu/libm-2.23.so
7f7fb6953000-7f7fb7613000 r-xp 00000000 08:08 11536488                   /usr/lib/jvm/java-8-oracle/jre/lib/amd64/server/libjvm.so
7f7fb7613000-7f7fb7813000 ---p 00cc0000 08:08 11536488                   /usr/lib/jvm/java-8-oracle/jre/lib/amd64/server/libjvm.so
7f7fb7813000-7f7fb78eb000 rw-p 00cc0000 08:08 11536488                   /usr/lib/jvm/java-8-oracle/jre/lib/amd64/server/libjvm.so
7f7fb78eb000-7f7fb7936000 rw-p 00000000 00:00 0 
7f7fb7936000-7f7fb7af6000 r-xp 00000000 08:08 17957162                   /lib/x86_64-linux-gnu/libc-2.23.so
7f7fb7af6000-7f7fb7cf6000 ---p 001c0000 08:08 17957162                   /lib/x86_64-linux-gnu/libc-2.23.so
7f7fb7cf6000-7f7fb7cfa000 r--p 001c0000 08:08 17957162                   /lib/x86_64-linux-gnu/libc-2.23.so
7f7fb7cfa000-7f7fb7cfc000 rw-p 001c4000 08:08 17957162                   /lib/x86_64-linux-gnu/libc-2.23.so
7f7fb7cfc000-7f7fb7d00000 rw-p 00000000 00:00 0 
7f7fb7d00000-7f7fb7d03000 r-xp 00000000 08:08 17957143                   /lib/x86_64-linux-gnu/libdl-2.23.so
7f7fb7d03000-7f7fb7f02000 ---p 00003000 08:08 17957143                   /lib/x86_64-linux-gnu/libdl-2.23.so
7f7fb7f02000-7f7fb7f03000 r--p 00002000 08:08 17957143                   /lib/x86_64-linux-gnu/libdl-2.23.so
7f7fb7f03000-7f7fb7f04000 rw-p 00003000 08:08 17957143                   /lib/x86_64-linux-gnu/libdl-2.23.so
7f7fb7f04000-7f7fb7f19000 r-xp 00000000 08:08 11536451                   /usr/lib/jvm/java-8-oracle/jre/lib/amd64/jli/libjli.so
7f7fb7f19000-7f7fb8119000 ---p 00015000 08:08 11536451                   /usr/lib/jvm/java-8-oracle/jre/lib/amd64/jli/libjli.so
7f7fb8119000-7f7fb811a000 rw-p 00015000 08:08 11536451                   /usr/lib/jvm/java-8-oracle/jre/lib/amd64/jli/libjli.so
7f7fb811a000-7f7fb8132000 r-xp 00000000 08:08 17957131                   /lib/x86_64-linux-gnu/libpthread-2.23.so
7f7fb8132000-7f7fb8331000 ---p 00018000 08:08 17957131                   /lib/x86_64-linux-gnu/libpthread-2.23.so
7f7fb8331000-7f7fb8332000 r--p 00017000 08:08 17957131                   /lib/x86_64-linux-gnu/libpthread-2.23.so
7f7fb8332000-7f7fb8333000 rw-p 00018000 08:08 17957131                   /lib/x86_64-linux-gnu/libpthread-2.23.so
7f7fb8333000-7f7fb8337000 rw-p 00000000 00:00 0 
7f7fb8337000-7f7fb835d000 r-xp 00000000 08:08 17957121                   /lib/x86_64-linux-gnu/ld-2.23.so
7f7fb836c000-7f7fb837c000 r-xp 00000000 00:00 0 
7f7fb837c000-7f7fb8426000 rw-p 00000000 00:00 0 
7f7fb8426000-7f7fb8429000 ---p 00000000 00:00 0 
7f7fb8429000-7f7fb852b000 rw-p 00000000 00:00 0 
7f7fb852f000-7f7fb8550000 rw-p 00000000 00:00 0 
7f7fb8550000-7f7fb8558000 rw-s 00000000 08:08 16122048                   /tmp/hsperfdata_alberto/29915
7f7fb8558000-7f7fb8559000 rw-p 00000000 00:00 0 
7f7fb8559000-7f7fb855a000 r--p 00000000 00:00 0 
7f7fb855a000-7f7fb855c000 rw-p 00000000 00:00 0 
7f7fb855c000-7f7fb855d000 r--p 00025000 08:08 17957121                   /lib/x86_64-linux-gnu/ld-2.23.so
7f7fb855d000-7f7fb855e000 rw-p 00026000 08:08 17957121                   /lib/x86_64-linux-gnu/ld-2.23.so
7f7fb855e000-7f7fb855f000 rw-p 00000000 00:00 0 
7fffabd16000-7fffabd38000 rw-p 00000000 00:00 0                          [stack]
7fffabdc6000-7fffabdc8000 r--p 00000000 00:00 0                          [vvar]
7fffabdc8000-7fffabdca000 r-xp 00000000 00:00 0                          [vdso]
ffffffffff600000-ffffffffff601000 r-xp 00000000 00:00 0                  [vsyscall]

VM Arguments:
java_command: Main
java_class_path (initial): .
Launcher Type: SUN_STANDARD

Environment Variables:
PATH=/home/alberto/torch/install/bin:/home/alberto/torch/install/bin:/usr/local/cuda-8.0/bin:/home/alberto/torch/install/bin:/home/alberto/torch/install/bin:/home/alberto/torch/install/bin:/usr/local/sbin:/usr/local/bin:/usr/sbin:/usr/bin:/sbin:/bin:/usr/games:/usr/local/games:/snap/bin
USERNAME=alberto
LD_LIBRARY_PATH=/home/alberto/torch/install/lib:/home/alberto/torch/install/lib:/usr/local/cuda-8.0/lib64:/home/alberto/torch/install/lib:/home/alberto/torch/install/lib:/home/alberto/torch/install/lib:
SHELL=/bin/bash
DISPLAY=:1
DYLD_LIBRARY_PATH=/home/alberto/torch/install/lib:/home/alberto/torch/install/lib:/home/alberto/torch/install/lib:/home/alberto/torch/install/lib:/home/alberto/torch/install/lib:

Signal Handlers:
SIGSEGV: [libjvm.so+0xabca10], sa_mask[0]=11111111011111111101111111111110, sa_flags=SA_RESTART|SA_SIGINFO
SIGBUS: [libjvm.so+0xabca10], sa_mask[0]=11111111011111111101111111111110, sa_flags=SA_RESTART|SA_SIGINFO
SIGFPE: [libjvm.so+0x919a20], sa_mask[0]=11111111011111111101111111111110, sa_flags=SA_RESTART|SA_SIGINFO
SIGPIPE: [libjvm.so+0x919a20], sa_mask[0]=11111111011111111101111111111110, sa_flags=SA_RESTART|SA_SIGINFO
SIGXFSZ: [libjvm.so+0x919a20], sa_mask[0]=11111111011111111101111111111110, sa_flags=SA_RESTART|SA_SIGINFO
SIGILL: [libjvm.so+0x919a20], sa_mask[0]=11111111011111111101111111111110, sa_flags=SA_RESTART|SA_SIGINFO
SIGUSR1: SIG_DFL, sa_mask[0]=00000000000000000000000000000000, sa_flags=none
SIGUSR2: [libjvm.so+0x91b050], sa_mask[0]=00000000000000000000000000000000, sa_flags=SA_RESTART|SA_SIGINFO
SIGHUP: [libjvm.so+0x91c450], sa_mask[0]=11111111011111111101111111111110, sa_flags=SA_RESTART|SA_SIGINFO
SIGINT: [libjvm.so+0x91c450], sa_mask[0]=11111111011111111101111111111110, sa_flags=SA_RESTART|SA_SIGINFO
SIGTERM: [libjvm.so+0x91c450], sa_mask[0]=11111111011111111101111111111110, sa_flags=SA_RESTART|SA_SIGINFO
SIGQUIT: [libjvm.so+0x91c450], sa_mask[0]=11111111011111111101111111111110, sa_flags=SA_RESTART|SA_SIGINFO


---------------  S Y S T E M  ---------------

OS:DISTRIB_ID=Ubuntu
DISTRIB_RELEASE=16.04
DISTRIB_CODENAME=xenial
DISTRIB_DESCRIPTION="Ubuntu 16.04.3 LTS"

uname:Linux 4.4.0-96-generic #119-Ubuntu SMP Tue Sep 12 14:59:54 UTC 2017 x86_64
libc:glibc 2.23 NPTL 2.23 
rlimit: STACK 8192k, CORE 0k, NPROC 31112, NOFILE 1048576, AS infinity
load average:0.90 1.42 1.62

/proc/meminfo:
MemTotal:        8085072 kB
MemFree:          301212 kB
MemAvailable:     905776 kB
Buffers:           72864 kB
Cached:          1198272 kB
SwapCached:        13952 kB
Active:          5885668 kB
Inactive:        1558164 kB
Active(anon):    5467148 kB
Inactive(anon):  1202492 kB
Active(file):     418520 kB
Inactive(file):   355672 kB
Unevictable:          32 kB
Mlocked:              32 kB
SwapTotal:       8298492 kB
SwapFree:        8024232 kB
Dirty:              1732 kB
Writeback:             0 kB
AnonPages:       6173480 kB
Mapped:           378808 kB
Shmem:            496748 kB
Slab:             159264 kB
SReclaimable:     107596 kB
SUnreclaim:        51668 kB
KernelStack:       14560 kB
PageTables:        64396 kB
NFS_Unstable:          0 kB
Bounce:                0 kB
WritebackTmp:          0 kB
CommitLimit:    12341028 kB
Committed_AS:   13557248 kB
VmallocTotal:   34359738367 kB
VmallocUsed:           0 kB
VmallocChunk:          0 kB
HardwareCorrupted:     0 kB
AnonHugePages:   2684928 kB
CmaTotal:              0 kB
CmaFree:               0 kB
HugePages_Total:       0
HugePages_Free:        0
HugePages_Rsvd:        0
HugePages_Surp:        0
Hugepagesize:       2048 kB
DirectMap4k:      156416 kB
DirectMap2M:     7094272 kB
DirectMap1G:     2097152 kB


CPU:total 8 (4 cores per cpu, 2 threads per core) family 6 model 60 stepping 3, cmov, cx8, fxsr, mmx, sse, sse2, sse3, ssse3, sse4.1, sse4.2, popcnt, avx, avx2, aes, clmul, erms, lzcnt, ht, tsc, tscinvbit, bmi1, bmi2

/proc/cpuinfo:
processor	: 0
vendor_id	: GenuineIntel
cpu family	: 6
model		: 60
model name	: Intel(R) Core(TM) i7-4710HQ CPU @ 2.50GHz
stepping	: 3
microcode	: 0x22
cpu MHz		: 3247.460
cache size	: 6144 KB
physical id	: 0
siblings	: 8
core id		: 0
cpu cores	: 4
apicid		: 0
initial apicid	: 0
fpu		: yes
fpu_exception	: yes
cpuid level	: 13
wp		: yes
flags		: fpu vme de pse tsc msr pae mce cx8 apic sep mtrr pge mca cmov pat pse36 clflush dts acpi mmx fxsr sse sse2 ss ht tm pbe syscall nx pdpe1gb rdtscp lm constant_tsc arch_perfmon pebs bts rep_good nopl xtopology nonstop_tsc aperfmperf eagerfpu pni pclmulqdq dtes64 monitor ds_cpl vmx est tm2 ssse3 sdbg fma cx16 xtpr pdcm pcid sse4_1 sse4_2 x2apic movbe popcnt tsc_deadline_timer aes xsave avx f16c rdrand lahf_lm abm epb tpr_shadow vnmi flexpriority ept vpid fsgsbase tsc_adjust bmi1 avx2 smep bmi2 erms invpcid xsaveopt dtherm ida arat pln pts
bugs		:
bogomips	: 4988.95
clflush size	: 64
cache_alignment	: 64
address sizes	: 39 bits physical, 48 bits virtual
power management:

processor	: 1
vendor_id	: GenuineIntel
cpu family	: 6
model		: 60
model name	: Intel(R) Core(TM) i7-4710HQ CPU @ 2.50GHz
stepping	: 3
microcode	: 0x22
cpu MHz		: 3224.609
cache size	: 6144 KB
physical id	: 0
siblings	: 8
core id		: 0
cpu cores	: 4
apicid		: 1
initial apicid	: 1
fpu		: yes
fpu_exception	: yes
cpuid level	: 13
wp		: yes
flags		: fpu vme de pse tsc msr pae mce cx8 apic sep mtrr pge mca cmov pat pse36 clflush dts acpi mmx fxsr sse sse2 ss ht tm pbe syscall nx pdpe1gb rdtscp lm constant_tsc arch_perfmon pebs bts rep_good nopl xtopology nonstop_tsc aperfmperf eagerfpu pni pclmulqdq dtes64 monitor ds_cpl vmx est tm2 ssse3 sdbg fma cx16 xtpr pdcm pcid sse4_1 sse4_2 x2apic movbe popcnt tsc_deadline_timer aes xsave avx f16c rdrand lahf_lm abm epb tpr_shadow vnmi flexpriority ept vpid fsgsbase tsc_adjust bmi1 avx2 smep bmi2 erms invpcid xsaveopt dtherm ida arat pln pts
bugs		:
bogomips	: 4988.95
clflush size	: 64
cache_alignment	: 64
address sizes	: 39 bits physical, 48 bits virtual
power management:

processor	: 2
vendor_id	: GenuineIntel
cpu family	: 6
model		: 60
model name	: Intel(R) Core(TM) i7-4710HQ CPU @ 2.50GHz
stepping	: 3
microcode	: 0x22
cpu MHz		: 3265.722
cache size	: 6144 KB
physical id	: 0
siblings	: 8
core id		: 1
cpu cores	: 4
apicid		: 2
initial apicid	: 2
fpu		: yes
fpu_exception	: yes
cpuid level	: 13
wp		: yes
flags		: fpu vme de pse tsc msr pae mce cx8 apic sep mtrr pge mca cmov pat pse36 clflush dts acpi mmx fxsr sse sse2 ss ht tm pbe syscall nx pdpe1gb rdtscp lm constant_tsc arch_perfmon pebs bts rep_good nopl xtopology nonstop_tsc aperfmperf eagerfpu pni pclmulqdq dtes64 monitor ds_cpl vmx est tm2 ssse3 sdbg fma cx16 xtpr pdcm pcid sse4_1 sse4_2 x2apic movbe popcnt tsc_deadline_timer aes xsave avx f16c rdrand lahf_lm abm epb tpr_shadow vnmi flexpriority ept vpid fsgsbase tsc_adjust bmi1 avx2 smep bmi2 erms invpcid xsaveopt dtherm ida arat pln pts
bugs		:
bogomips	: 4988.95
clflush size	: 64
cache_alignment	: 64
address sizes	: 39 bits physical, 48 bits virtual
power management:

processor	: 3
vendor_id	: GenuineIntel
cpu family	: 6
model		: 60
model name	: Intel(R) Core(TM) i7-4710HQ CPU @ 2.50GHz
stepping	: 3
microcode	: 0x22
cpu MHz		: 3250.390
cache size	: 6144 KB
physical id	: 0
siblings	: 8
core id		: 1
cpu cores	: 4
apicid		: 3
initial apicid	: 3
fpu		: yes
fpu_exception	: yes
cpuid level	: 13
wp		: yes
flags		: fpu vme de pse tsc msr pae mce cx8 apic sep mtrr pge mca cmov pat pse36 clflush dts acpi mmx fxsr sse sse2 ss ht tm pbe syscall nx pdpe1gb rdtscp lm constant_tsc arch_perfmon pebs bts rep_good nopl xtopology nonstop_tsc aperfmperf eagerfpu pni pclmulqdq dtes64 monitor ds_cpl vmx est tm2 ssse3 sdbg fma cx16 xtpr pdcm pcid sse4_1 sse4_2 x2apic movbe popcnt tsc_deadline_timer aes xsave avx f16c rdrand lahf_lm abm epb tpr_shadow vnmi flexpriority ept vpid fsgsbase tsc_adjust bmi1 avx2 smep bmi2 erms invpcid xsaveopt dtherm ida arat pln pts
bugs		:
bogomips	: 4988.95
clflush size	: 64
cache_alignment	: 64
address sizes	: 39 bits physical, 48 bits virtual
power management:

processor	: 4
vendor_id	: GenuineIntel
cpu family	: 6
model		: 60
model name	: Intel(R) Core(TM) i7-4710HQ CPU @ 2.50GHz
stepping	: 3
microcode	: 0x22
cpu MHz		: 3256.445
cache size	: 6144 KB
physical id	: 0
siblings	: 8
core id		: 2
cpu cores	: 4
apicid		: 4
initial apicid	: 4
fpu		: yes
fpu_exception	: yes
cpuid level	: 13
wp		: yes
flags		: fpu vme de pse tsc msr pae mce cx8 apic sep mtrr pge mca cmov pat pse36 clflush dts acpi mmx fxsr sse sse2 ss ht tm pbe syscall nx pdpe1gb rdtscp lm constant_tsc arch_perfmon pebs bts rep_good nopl xtopology nonstop_tsc aperfmperf eagerfpu pni pclmulqdq dtes64 monitor ds_cpl vmx est tm2 ssse3 sdbg fma cx16 xtpr pdcm pcid sse4_1 sse4_2 x2apic movbe popcnt tsc_deadline_timer aes xsave avx f16c rdrand lahf_lm abm epb tpr_shadow vnmi flexpriority ept vpid fsgsbase tsc_adjust bmi1 avx2 smep bmi2 erms invpcid xsaveopt dtherm ida arat pln pts
bugs		:
bogomips	: 4988.95
clflush size	: 64
cache_alignment	: 64
address sizes	: 39 bits physical, 48 bits virtual
power management:

processor	: 5
vendor_id	: GenuineIntel
cpu family	: 6
model		: 60
model name	: Intel(R) Core(TM) i7-4710HQ CPU @ 2.50GHz
stepping	: 3
microcode	: 0x22
cpu MHz		: 3252.832
cache size	: 6144 KB
physical id	: 0
siblings	: 8
core id		: 2
cpu cores	: 4
apicid		: 5
initial apicid	: 5
fpu		: yes
fpu_exception	: yes
cpuid level	: 13
wp		: yes
flags		: fpu vme de pse tsc msr pae mce cx8 apic sep mtrr pge mca cmov pat pse36 clflush dts acpi mmx fxsr sse sse2 ss ht tm pbe syscall nx pdpe1gb rdtscp lm constant_tsc arch_perfmon pebs bts rep_good nopl xtopology nonstop_tsc aperfmperf eagerfpu pni pclmulqdq dtes64 monitor ds_cpl vmx est tm2 ssse3 sdbg fma cx16 xtpr pdcm pcid sse4_1 sse4_2 x2apic movbe popcnt tsc_deadline_timer aes xsave avx f16c rdrand lahf_lm abm epb tpr_shadow vnmi flexpriority ept vpid fsgsbase tsc_adjust bmi1 avx2 smep bmi2 erms invpcid xsaveopt dtherm ida arat pln pts
bugs		:
bogomips	: 4988.95
clflush size	: 64
cache_alignment	: 64
address sizes	: 39 bits physical, 48 bits virtual
power management:

processor	: 6
vendor_id	: GenuineIntel
cpu family	: 6
model		: 60
model name	: Intel(R) Core(TM) i7-4710HQ CPU @ 2.50GHz
stepping	: 3
microcode	: 0x22
cpu MHz		: 3248.339
cache size	: 6144 KB
physical id	: 0
siblings	: 8
core id		: 3
cpu cores	: 4
apicid		: 6
initial apicid	: 6
fpu		: yes
fpu_exception	: yes
cpuid level	: 13
wp		: yes
flags		: fpu vme de pse tsc msr pae mce cx8 apic sep mtrr pge mca cmov pat pse36 clflush dts acpi mmx fxsr sse sse2 ss ht tm pbe syscall nx pdpe1gb rdtscp lm constant_tsc arch_perfmon pebs bts rep_good nopl xtopology nonstop_tsc aperfmperf eagerfpu pni pclmulqdq dtes64 monitor ds_cpl vmx est tm2 ssse3 sdbg fma cx16 xtpr pdcm pcid sse4_1 sse4_2 x2apic movbe popcnt tsc_deadline_timer aes xsave avx f16c rdrand lahf_lm abm epb tpr_shadow vnmi flexpriority ept vpid fsgsbase tsc_adjust bmi1 avx2 smep bmi2 erms invpcid xsaveopt dtherm ida arat pln pts
bugs		:
bogomips	: 4988.95
clflush size	: 64
cache_alignment	: 64
address sizes	: 39 bits physical, 48 bits virtual
power management:

processor	: 7
vendor_id	: GenuineIntel
cpu family	: 6
model		: 60
model name	: Intel(R) Core(TM) i7-4710HQ CPU @ 2.50GHz
stepping	: 3
microcode	: 0x22
cpu MHz		: 3228.613
cache size	: 6144 KB
physical id	: 0
siblings	: 8
core id		: 3
cpu cores	: 4
apicid		: 7
initial apicid	: 7
fpu		: yes
fpu_exception	: yes
cpuid level	: 13
wp		: yes
flags		: fpu vme de pse tsc msr pae mce cx8 apic sep mtrr pge mca cmov pat pse36 clflush dts acpi mmx fxsr sse sse2 ss ht tm pbe syscall nx pdpe1gb rdtscp lm constant_tsc arch_perfmon pebs bts rep_good nopl xtopology nonstop_tsc aperfmperf eagerfpu pni pclmulqdq dtes64 monitor ds_cpl vmx est tm2 ssse3 sdbg fma cx16 xtpr pdcm pcid sse4_1 sse4_2 x2apic movbe popcnt tsc_deadline_timer aes xsave avx f16c rdrand lahf_lm abm epb tpr_shadow vnmi flexpriority ept vpid fsgsbase tsc_adjust bmi1 avx2 smep bmi2 erms invpcid xsaveopt dtherm ida arat pln pts
bugs		:
bogomips	: 4988.95
clflush size	: 64
cache_alignment	: 64
address sizes	: 39 bits physical, 48 bits virtual
power management:



Memory: 4k page, physical 8085072k(301212k free), swap 8298492k(8024232k free)

vm_info: Java HotSpot(TM) 64-Bit Server VM (25.91-b14) for linux-amd64 JRE (1.8.0_91-b14), built on Apr  1 2016 00:57:21 by "java_re" with gcc 4.3.0 20080428 (Red Hat 4.3.0-8)

time: Wed Sep 27 21:15:18 2017
elapsed time: 0 seconds (0d 0h 0m 0s)

