#
# A fatal error has been detected by the Java Runtime Environment:
#
#  SIGSEGV (0xb) at pc=0x00007f4ee8662081, pid=1163, tid=139977936119552
#
# JRE version: Java(TM) SE Runtime Environment (8.0_91-b14) (build 1.8.0_91-b14)
# Java VM: Java HotSpot(TM) 64-Bit Server VM (25.91-b14 mixed mode linux-amd64 compressed oops)
# Problematic frame:
# C  [libcluaf.so+0x1081]  iniciar+0x42
#
# Failed to write core dump. Core dumps have been disabled. To enable core dumping, try "ulimit -c unlimited" before starting Java again
#
# If you would like to submit a bug report, please visit:
#   http://bugreport.java.com/bugreport/crash.jsp
# The crash happened outside the Java Virtual Machine in native code.
# See problematic frame for where to report the bug.
#

---------------  T H R E A D  ---------------

Current thread (0x00007f4f20009800):  JavaThread "main" [_thread_in_native, id=1164, stack(0x00007f4f2718a000,0x00007f4f2728b000)]

siginfo: si_signo: 11 (SIGSEGV), si_code: 1 (SEGV_MAPERR), si_addr: 0x0000000000000018

Registers:
RAX=0x6d49616265757270, RBX=0x00007f4eeba75c38, RCX=0x0000000000000018, RDX=0x61756c2e6e656761
RSP=0x00007f4f272897a0, RBP=0x00007f4f272897e0, RSI=0x0000000000000000, RDI=0x0000000000000036
R8 =0x00007f4ee8864c1c, R9 =0x0000000000000018, R10=0x000000000000001c, R11=0x00007f4ee866203f
R12=0x0000000000000000, R13=0x00007f4eeba75c38, R14=0x00007f4f272898c0, R15=0x00007f4f20009800
RIP=0x00007f4ee8662081, EFLAGS=0x0000000000010246, CSGSFS=0x0000000000000033, ERR=0x0000000000000006
  TRAPNO=0x000000000000000e

Top of Stack: (sp=0x00007f4f272897a0)
0x00007f4f272897a0:   0000000000000036 00000036e8864c1c
0x00007f4f272897b0:   0000000000000018 00007f4f26a64fa1
0x00007f4f272897c0:   6d49616265757270 61756c2e6e656761
0x00007f4f272897d0:   00007f4eeba75c38 f90f468b496b2b00
0x00007f4f272897e0:   00007f4f27289830 00007f4ee8864b57
0x00007f4f272897f0:   00007f4f20009800 00000036eba766f0
0x00007f4f27289800:   00007f4f272898c0 00007f4f200099f8
0x00007f4f27289810:   0000000000000000 00007f4f200f1da0
0x00007f4f27289820:   00007f4f27289898 00007f4eeba75c38
0x00007f4f27289830:   00007f4f27289898 00007f4f11017a14
0x00007f4f27289840:   00007f4f27289898 00007f4f110177a7
0x00007f4f27289850:   00007f4f11017762 00007f4f27289858
0x00007f4f27289860:   00007f4eeba75c38 00007f4f272898c0
0x00007f4f27289870:   00007f4eeba761a8 0000000000000000
0x00007f4f27289880:   00007f4eeba75c38 0000000000000000
0x00007f4f27289890:   00007f4f272898b8 00007f4f27289908
0x00007f4f272898a0:   00007f4f110082bd 0000000000000000
0x00007f4f272898b0:   00007f4f11011538 0000000000000036
0x00007f4f272898c0:   00000000d6e62bc0 00007f4f272898c8
0x00007f4f272898d0:   00007f4eeba75d8a 00007f4f27289920
0x00007f4f272898e0:   00007f4eeba761a8 0000000000000000
0x00007f4f272898f0:   00007f4eeba75d98 00007f4f272898b8
0x00007f4f27289900:   00007f4f27289918 00007f4f27289968
0x00007f4f27289910:   00007f4f110082bd 0000000000000036
0x00007f4f27289920:   00000000d6e62bc0 00007f4f27289928
0x00007f4f27289930:   00007f4eeba752a6 00007f4f27289988
0x00007f4f27289940:   00007f4eeba75340 0000000000000000
0x00007f4f27289950:   00007f4eeba752c8 00007f4f27289918
0x00007f4f27289960:   00007f4f27289988 00007f4f272899f0
0x00007f4f27289970:   00007f4f110007a7 0000000000000000
0x00007f4f27289980:   00000000d6e62bc0 00000000d6e5dbe0
0x00007f4f27289990:   0000000000001fa0 0000000000000000 

Instructions: (pc=0x00007f4ee8662081)
0x00007f4ee8662061:   49 6d 48 89 45 e0 48 b8 61 67 65 6e 2e 6c 75 61
0x00007f4ee8662071:   48 89 45 e8 48 8b 45 e0 48 8b 55 e8 48 8b 4d d0
0x00007f4ee8662081:   48 89 01 48 89 51 08 e8 a3 fb ff ff 48 89 45 d8
0x00007f4ee8662091:   48 8b 45 d8 48 89 c7 e8 73 fb ff ff 48 8b 45 d8 

Register to memory mapping:

RAX=0x6d49616265757270 is an unknown value
RBX={method} {0x00007f4eeba75c38} 'startTorch' '(I)V' in 'Servidor'
RCX=0x0000000000000018 is an unknown value
RDX=0x61756c2e6e656761 is an unknown value
RSP=0x00007f4f272897a0 is pointing into the stack for thread: 0x00007f4f20009800
RBP=0x00007f4f272897e0 is pointing into the stack for thread: 0x00007f4f20009800
RSI=0x0000000000000000 is an unknown value
RDI=0x0000000000000036 is an unknown value
R8 =0x00007f4ee8864c1c: <offset 0xc1c> in /home/alberto/Desktop/servidor/libTorchMain.so at 0x00007f4ee8864000
R9 =0x0000000000000018 is an unknown value
R10=0x000000000000001c is an unknown value
R11=0x00007f4ee866203f: iniciar+0 in libcluaf.so at 0x00007f4ee8661000
R12=0x0000000000000000 is an unknown value
R13={method} {0x00007f4eeba75c38} 'startTorch' '(I)V' in 'Servidor'
R14=0x00007f4f272898c0 is pointing into the stack for thread: 0x00007f4f20009800
R15=0x00007f4f20009800 is a thread


Stack: [0x00007f4f2718a000,0x00007f4f2728b000],  sp=0x00007f4f272897a0,  free space=1021k
Native frames: (J=compiled Java code, j=interpreted, Vv=VM code, C=native code)
C  [libcluaf.so+0x1081]  iniciar+0x42
C  [libTorchMain.so+0xb57]  Java_Servidor_startTorch+0x91
j  Servidor.startTorch(I)V+0
j  Servidor._startTorch(I)V+2
j  Main.main([Ljava/lang/String;)V+14
v  ~StubRoutines::call_stub
V  [libjvm.so+0x68dbc6]  JavaCalls::call_helper(JavaValue*, methodHandle*, JavaCallArguments*, Thread*)+0x1056
V  [libjvm.so+0x6cf232]  jni_invoke_static(JNIEnv_*, JavaValue*, _jobject*, JNICallType, _jmethodID*, JNI_ArgumentPusher*, Thread*)+0x362
V  [libjvm.so+0x6eba9a]  jni_CallStaticVoidMethod+0x17a
C  [libjli.so+0x7bcc]  JavaMain+0x80c
C  [libpthread.so.0+0x76ba]  start_thread+0xca

Java frames: (J=compiled Java code, j=interpreted, Vv=VM code)
j  Servidor.startTorch(I)V+0
j  Servidor._startTorch(I)V+2
j  Main.main([Ljava/lang/String;)V+14
v  ~StubRoutines::call_stub

---------------  P R O C E S S  ---------------

Java Threads: ( => current thread )
  0x00007f4f200cb800 JavaThread "Service Thread" daemon [_thread_blocked, id=1181, stack(0x00007f4ee8b67000,0x00007f4ee8c68000)]
  0x00007f4f200c8000 JavaThread "C1 CompilerThread3" daemon [_thread_blocked, id=1180, stack(0x00007f4ee8c68000,0x00007f4ee8d69000)]
  0x00007f4f200c6000 JavaThread "C2 CompilerThread2" daemon [_thread_blocked, id=1179, stack(0x00007f4ee8d69000,0x00007f4ee8e6a000)]
  0x00007f4f200c4800 JavaThread "C2 CompilerThread1" daemon [_thread_blocked, id=1178, stack(0x00007f4ee8e6a000,0x00007f4ee8f6b000)]
  0x00007f4f200c1800 JavaThread "C2 CompilerThread0" daemon [_thread_blocked, id=1177, stack(0x00007f4ee8f6b000,0x00007f4ee906c000)]
  0x00007f4f200c0000 JavaThread "Signal Dispatcher" daemon [_thread_blocked, id=1176, stack(0x00007f4ee906c000,0x00007f4ee916d000)]
  0x00007f4f2008c000 JavaThread "Finalizer" daemon [_thread_blocked, id=1175, stack(0x00007f4ee9576000,0x00007f4ee9677000)]
  0x00007f4f20087000 JavaThread "Reference Handler" daemon [_thread_blocked, id=1174, stack(0x00007f4ee9677000,0x00007f4ee9778000)]
=>0x00007f4f20009800 JavaThread "main" [_thread_in_native, id=1164, stack(0x00007f4f2718a000,0x00007f4f2728b000)]

Other Threads:
  0x00007f4f2007f800 VMThread [stack: 0x00007f4ee9778000,0x00007f4ee9879000] [id=1173]
  0x00007f4f200ce000 WatcherThread [stack: 0x00007f4ee8a66000,0x00007f4ee8b67000] [id=1182]

VM state:not at safepoint (normal execution)

VM Mutex/Monitor currently owned by a thread: None

Heap:
 PSYoungGen      total 36864K, used 1269K [0x00000000d6e00000, 0x00000000d9700000, 0x0000000100000000)
  eden space 31744K, 4% used [0x00000000d6e00000,0x00000000d6f3d728,0x00000000d8d00000)
  from space 5120K, 0% used [0x00000000d9200000,0x00000000d9200000,0x00000000d9700000)
  to   space 5120K, 0% used [0x00000000d8d00000,0x00000000d8d00000,0x00000000d9200000)
 ParOldGen       total 84992K, used 0K [0x0000000084a00000, 0x0000000089d00000, 0x00000000d6e00000)
  object space 84992K, 0% used [0x0000000084a00000,0x0000000084a00000,0x0000000089d00000)
 Metaspace       used 2478K, capacity 4490K, committed 4864K, reserved 1056768K
  class space    used 268K, capacity 386K, committed 512K, reserved 1048576K

Card table byte_map: [0x00007f4f10864000,0x00007f4f10c40000] byte_map_base: 0x00007f4f1043f000

Marking Bits: (ParMarkBitMap*) 0x00007f4f2666dd60
 Begin Bits: [0x00007f4eec250000, 0x00007f4eee128000)
 End Bits:   [0x00007f4eee128000, 0x00007f4ef0000000)

Polling page: 0x00007f4f272bd000

CodeCache: size=245760Kb used=1080Kb max_used=1080Kb free=244679Kb
 bounds [0x00007f4f11000000, 0x00007f4f11270000, 0x00007f4f20000000]
 total_blobs=242 nmethods=14 adapters=143
 compilation: enabled

Compilation events (10 events):
Event: 0.043 Thread 0x00007f4f200c8000   10       3       java.lang.Math::min (11 bytes)
Event: 0.043 Thread 0x00007f4f200c8000 nmethod 10 0x00007f4f1110b4d0 code [0x00007f4f1110b640, 0x00007f4f1110b7d0]
Event: 0.043 Thread 0x00007f4f200c8000   11       3       java.lang.String::<init> (82 bytes)
Event: 0.043 Thread 0x00007f4f200c8000 nmethod 11 0x00007f4f1110ab90 code [0x00007f4f1110ad60, 0x00007f4f1110b238]
Event: 0.043 Thread 0x00007f4f200c8000   12       1       java.lang.ref.Reference::get (5 bytes)
Event: 0.043 Thread 0x00007f4f200c8000 nmethod 12 0x00007f4f1110a8d0 code [0x00007f4f1110aa20, 0x00007f4f1110ab30]
Event: 0.043 Thread 0x00007f4f200c8000   13       1       java.lang.ThreadLocal::access$400 (5 bytes)
Event: 0.043 Thread 0x00007f4f200c8000 nmethod 13 0x00007f4f1110a610 code [0x00007f4f1110a760, 0x00007f4f1110a850]
Event: 0.044 Thread 0x00007f4f200c8000   14       3       java.lang.String::getChars (62 bytes)
Event: 0.044 Thread 0x00007f4f200c8000 nmethod 14 0x00007f4f1110da90 code [0x00007f4f1110dc40, 0x00007f4f1110e078]

GC Heap History (0 events):
No events

Deoptimization events (0 events):
No events

Internal exceptions (2 events):
Event: 0.019 Thread 0x00007f4f20009800 Exception <a 'java/lang/NoSuchMethodError': Method sun.misc.Unsafe.defineClass(Ljava/lang/String;[BII)Ljava/lang/Class; name or signature does not match> (0x00000000d6e07cc0) thrown at [/HUDSON/workspace/8-2-build-linux-amd64/jdk8u91/6644/hotspot/src/shar
Event: 0.019 Thread 0x00007f4f20009800 Exception <a 'java/lang/NoSuchMethodError': Method sun.misc.Unsafe.prefetchRead(Ljava/lang/Object;J)V name or signature does not match> (0x00000000d6e07fa8) thrown at [/HUDSON/workspace/8-2-build-linux-amd64/jdk8u91/6644/hotspot/src/share/vm/prims/jni.cpp

Events (10 events):
Event: 0.046 loading class java/lang/Void
Event: 0.046 loading class java/lang/Void done
Event: 0.046 loading class Servidor
Event: 0.046 loading class Servidor done
Event: 0.046 loading class java/io/IOException
Event: 0.046 loading class java/io/IOException done
Event: 0.046 loading class java/util/concurrent/ConcurrentHashMap$ForwardingNode
Event: 0.046 loading class java/util/concurrent/ConcurrentHashMap$ForwardingNode done
Event: 0.046 loading class java/lang/ClassLoaderHelper
Event: 0.046 loading class java/lang/ClassLoaderHelper done


Dynamic libraries:
00400000-00401000 r-xp 00000000 08:08 11278465                           /usr/lib/jvm/java-8-oracle/jre/bin/java
00600000-00601000 rw-p 00000000 08:08 11278465                           /usr/lib/jvm/java-8-oracle/jre/bin/java
02283000-022a4000 rw-p 00000000 00:00 0                                  [heap]
84a00000-89d00000 rw-p 00000000 00:00 0 
89d00000-d6e00000 ---p 00000000 00:00 0 
d6e00000-d9700000 rw-p 00000000 00:00 0 
d9700000-100000000 ---p 00000000 00:00 0 
100000000-100080000 rw-p 00000000 00:00 0 
100080000-140000000 ---p 00000000 00:00 0 
7f4eadd7b000-7f4eae000000 rw-p 00000000 00:00 0 
7f4eae000000-7f4ebc000000 rw-p 00000000 00:00 0 
7f4ebc000000-7f4ebc021000 rw-p 00000000 00:00 0 
7f4ebc021000-7f4ec0000000 ---p 00000000 00:00 0 
7f4ec0028000-7f4ec2028000 rw-p 00000000 00:00 0 
7f4ec2028000-7f4ec2066000 r-xp 00000000 08:08 8917176                    /usr/lib/x86_64-linux-gnu/libquadmath.so.0.0.0
7f4ec2066000-7f4ec2265000 ---p 0003e000 08:08 8917176                    /usr/lib/x86_64-linux-gnu/libquadmath.so.0.0.0
7f4ec2265000-7f4ec2266000 r--p 0003d000 08:08 8917176                    /usr/lib/x86_64-linux-gnu/libquadmath.so.0.0.0
7f4ec2266000-7f4ec2267000 rw-p 0003e000 08:08 8917176                    /usr/lib/x86_64-linux-gnu/libquadmath.so.0.0.0
7f4ec2267000-7f4ec2390000 r-xp 00000000 08:08 8913010                    /usr/lib/x86_64-linux-gnu/libgfortran.so.3.0.0
7f4ec2390000-7f4ec258f000 ---p 00129000 08:08 8913010                    /usr/lib/x86_64-linux-gnu/libgfortran.so.3.0.0
7f4ec258f000-7f4ec2590000 r--p 00128000 08:08 8913010                    /usr/lib/x86_64-linux-gnu/libgfortran.so.3.0.0
7f4ec2590000-7f4ec2592000 rw-p 00129000 08:08 8913010                    /usr/lib/x86_64-linux-gnu/libgfortran.so.3.0.0
7f4ec2592000-7f4ec25b3000 r-xp 00000000 08:08 8923087                    /usr/lib/x86_64-linux-gnu/libgomp.so.1.0.0
7f4ec25b3000-7f4ec27b2000 ---p 00021000 08:08 8923087                    /usr/lib/x86_64-linux-gnu/libgomp.so.1.0.0
7f4ec27b2000-7f4ec27b3000 r--p 00020000 08:08 8923087                    /usr/lib/x86_64-linux-gnu/libgomp.so.1.0.0
7f4ec27b3000-7f4ec27b4000 rw-p 00021000 08:08 8923087                    /usr/lib/x86_64-linux-gnu/libgomp.so.1.0.0
7f4ec27b4000-7f4ec34da000 r-xp 00000000 08:08 6309223                    /opt/OpenBLAS/lib/libopenblas_haswellp-r0.2.20.dev.so
7f4ec34da000-7f4ec36d9000 ---p 00d26000 08:08 6309223                    /opt/OpenBLAS/lib/libopenblas_haswellp-r0.2.20.dev.so
7f4ec36d9000-7f4ec36df000 r--p 00d25000 08:08 6309223                    /opt/OpenBLAS/lib/libopenblas_haswellp-r0.2.20.dev.so
7f4ec36df000-7f4ec36e9000 rw-p 00d2b000 08:08 6309223                    /opt/OpenBLAS/lib/libopenblas_haswellp-r0.2.20.dev.so
7f4ec36e9000-7f4ec3742000 rw-p 00000000 00:00 0 
7f4ec3742000-7f4ec3758000 r-xp 00000000 08:08 17960833                   /lib/x86_64-linux-gnu/libgcc_s.so.1
7f4ec3758000-7f4ec3957000 ---p 00016000 08:08 17960833                   /lib/x86_64-linux-gnu/libgcc_s.so.1
7f4ec3957000-7f4ec3958000 rw-p 00015000 08:08 17960833                   /lib/x86_64-linux-gnu/libgcc_s.so.1
7f4ec3958000-7f4ec3bf4000 r-xp 00000000 08:08 2769611                    /home/alberto/torch/install/lib/libTH.so.0
7f4ec3bf4000-7f4ec3df3000 ---p 0029c000 08:08 2769611                    /home/alberto/torch/install/lib/libTH.so.0
7f4ec3df3000-7f4ec3df4000 r--p 0029b000 08:08 2769611                    /home/alberto/torch/install/lib/libTH.so.0
7f4ec3df4000-7f4ec3df6000 rw-p 0029c000 08:08 2769611                    /home/alberto/torch/install/lib/libTH.so.0
7f4ec3df6000-7f4ec3dff000 r-xp 00000000 08:08 2769671                    /home/alberto/torch/install/lib/libluaT.so.0
7f4ec3dff000-7f4ec3ffe000 ---p 00009000 08:08 2769671                    /home/alberto/torch/install/lib/libluaT.so.0
7f4ec3ffe000-7f4ec3fff000 r--p 00008000 08:08 2769671                    /home/alberto/torch/install/lib/libluaT.so.0
7f4ec3fff000-7f4ec4000000 rw-p 00009000 08:08 2769671                    /home/alberto/torch/install/lib/libluaT.so.0
7f4ec4000000-7f4ec403d000 rw-p 00000000 00:00 0 
7f4ec403d000-7f4ec8000000 ---p 00000000 00:00 0 
7f4ec8000000-7f4ec8021000 rw-p 00000000 00:00 0 
7f4ec8021000-7f4ecc000000 ---p 00000000 00:00 0 
7f4ecc000000-7f4ecc021000 rw-p 00000000 00:00 0 
7f4ecc021000-7f4ed0000000 ---p 00000000 00:00 0 
7f4ed0000000-7f4ed0021000 rw-p 00000000 00:00 0 
7f4ed0021000-7f4ed4000000 ---p 00000000 00:00 0 
7f4ed4000000-7f4ed4021000 rw-p 00000000 00:00 0 
7f4ed4021000-7f4ed8000000 ---p 00000000 00:00 0 
7f4ed8000000-7f4ed803e000 rw-p 00000000 00:00 0 
7f4ed803e000-7f4edc000000 ---p 00000000 00:00 0 
7f4edc000000-7f4edc021000 rw-p 00000000 00:00 0 
7f4edc021000-7f4ee0000000 ---p 00000000 00:00 0 
7f4ee0000000-7f4ee0021000 rw-p 00000000 00:00 0 
7f4ee0021000-7f4ee4000000 ---p 00000000 00:00 0 
7f4ee4000000-7f4ee4021000 rw-p 00000000 00:00 0 
7f4ee4021000-7f4ee8000000 ---p 00000000 00:00 0 
7f4ee801d000-7f4ee80ad000 r-xp 00000000 08:08 2768624                    /home/alberto/torch/install/lib/libluajit.so
7f4ee80ad000-7f4ee82ad000 ---p 00090000 08:08 2768624                    /home/alberto/torch/install/lib/libluajit.so
7f4ee82ad000-7f4ee82af000 r--p 00090000 08:08 2768624                    /home/alberto/torch/install/lib/libluajit.so
7f4ee82af000-7f4ee82b0000 rw-p 00092000 08:08 2768624                    /home/alberto/torch/install/lib/libluajit.so
7f4ee82b0000-7f4ee8422000 r-xp 00000000 08:08 8914155                    /usr/lib/x86_64-linux-gnu/libstdc++.so.6.0.21
7f4ee8422000-7f4ee8622000 ---p 00172000 08:08 8914155                    /usr/lib/x86_64-linux-gnu/libstdc++.so.6.0.21
7f4ee8622000-7f4ee862c000 r--p 00172000 08:08 8914155                    /usr/lib/x86_64-linux-gnu/libstdc++.so.6.0.21
7f4ee862c000-7f4ee862e000 rw-p 0017c000 08:08 8914155                    /usr/lib/x86_64-linux-gnu/libstdc++.so.6.0.21
7f4ee862e000-7f4ee8632000 rw-p 00000000 00:00 0 
7f4ee8661000-7f4ee8663000 r-xp 00000000 08:08 2621694                    /home/alberto/Desktop/servidor/libcluaf.so
7f4ee8663000-7f4ee8862000 ---p 00002000 08:08 2621694                    /home/alberto/Desktop/servidor/libcluaf.so
7f4ee8862000-7f4ee8863000 r--p 00001000 08:08 2621694                    /home/alberto/Desktop/servidor/libcluaf.so
7f4ee8863000-7f4ee8864000 rw-p 00002000 08:08 2621694                    /home/alberto/Desktop/servidor/libcluaf.so
7f4ee8864000-7f4ee8865000 r-xp 00000000 08:08 2621717                    /home/alberto/Desktop/servidor/libTorchMain.so
7f4ee8865000-7f4ee8a64000 ---p 00001000 08:08 2621717                    /home/alberto/Desktop/servidor/libTorchMain.so
7f4ee8a64000-7f4ee8a65000 r--p 00000000 08:08 2621717                    /home/alberto/Desktop/servidor/libTorchMain.so
7f4ee8a65000-7f4ee8a66000 rw-p 00001000 08:08 2621717                    /home/alberto/Desktop/servidor/libTorchMain.so
7f4ee8a66000-7f4ee8a67000 ---p 00000000 00:00 0 
7f4ee8a67000-7f4ee8b67000 rw-p 00000000 00:00 0 
7f4ee8b67000-7f4ee8b6a000 ---p 00000000 00:00 0 
7f4ee8b6a000-7f4ee8c68000 rw-p 00000000 00:00 0 
7f4ee8c68000-7f4ee8c6b000 ---p 00000000 00:00 0 
7f4ee8c6b000-7f4ee8d69000 rw-p 00000000 00:00 0 
7f4ee8d69000-7f4ee8d6c000 ---p 00000000 00:00 0 
7f4ee8d6c000-7f4ee8e6a000 rw-p 00000000 00:00 0 
7f4ee8e6a000-7f4ee8e6d000 ---p 00000000 00:00 0 
7f4ee8e6d000-7f4ee8f6b000 rw-p 00000000 00:00 0 
7f4ee8f6b000-7f4ee8f6e000 ---p 00000000 00:00 0 
7f4ee8f6e000-7f4ee906c000 rw-p 00000000 00:00 0 
7f4ee906c000-7f4ee906f000 ---p 00000000 00:00 0 
7f4ee906f000-7f4ee916d000 rw-p 00000000 00:00 0 
7f4ee916d000-7f4ee9576000 r--p 00000000 08:08 8919864                    /usr/lib/locale/locale-archive
7f4ee9576000-7f4ee9579000 ---p 00000000 00:00 0 
7f4ee9579000-7f4ee9677000 rw-p 00000000 00:00 0 
7f4ee9677000-7f4ee967a000 ---p 00000000 00:00 0 
7f4ee967a000-7f4ee9778000 rw-p 00000000 00:00 0 
7f4ee9778000-7f4ee9779000 ---p 00000000 00:00 0 
7f4ee9779000-7f4eeb49c000 rw-p 00000000 00:00 0 
7f4eeb49c000-7f4eeb675000 r--s 03d1f000 08:08 11281157                   /usr/lib/jvm/java-8-oracle/jre/lib/rt.jar
7f4eeb675000-7f4eebab5000 rw-p 00000000 00:00 0 
7f4eebab5000-7f4eebe75000 ---p 00000000 00:00 0 
7f4eebe75000-7f4ef0000000 rw-p 00000000 00:00 0 
7f4ef0000000-7f4ef0021000 rw-p 00000000 00:00 0 
7f4ef0021000-7f4ef4000000 ---p 00000000 00:00 0 
7f4ef4000000-7f4ef4021000 rw-p 00000000 00:00 0 
7f4ef4021000-7f4ef8000000 ---p 00000000 00:00 0 
7f4ef8000000-7f4ef8021000 rw-p 00000000 00:00 0 
7f4ef8021000-7f4efc000000 ---p 00000000 00:00 0 
7f4efc000000-7f4efc021000 rw-p 00000000 00:00 0 
7f4efc021000-7f4f00000000 ---p 00000000 00:00 0 
7f4f00000000-7f4f00021000 rw-p 00000000 00:00 0 
7f4f00021000-7f4f04000000 ---p 00000000 00:00 0 
7f4f04000000-7f4f04021000 rw-p 00000000 00:00 0 
7f4f04021000-7f4f08000000 ---p 00000000 00:00 0 
7f4f08000000-7f4f08021000 rw-p 00000000 00:00 0 
7f4f08021000-7f4f0c000000 ---p 00000000 00:00 0 
7f4f0c000000-7f4f0c021000 rw-p 00000000 00:00 0 
7f4f0c021000-7f4f10000000 ---p 00000000 00:00 0 
7f4f1000d000-7f4f1005c000 rw-p 00000000 00:00 0 
7f4f1005c000-7f4f1005d000 ---p 00000000 00:00 0 
7f4f1005d000-7f4f1015d000 rw-p 00000000 00:00 0 
7f4f1015d000-7f4f1015e000 ---p 00000000 00:00 0 
7f4f1015e000-7f4f1025e000 rw-p 00000000 00:00 0 
7f4f1025e000-7f4f1025f000 ---p 00000000 00:00 0 
7f4f1025f000-7f4f1035f000 rw-p 00000000 00:00 0 
7f4f1035f000-7f4f10360000 ---p 00000000 00:00 0 
7f4f10360000-7f4f10460000 rw-p 00000000 00:00 0 
7f4f10460000-7f4f10461000 ---p 00000000 00:00 0 
7f4f10461000-7f4f10561000 rw-p 00000000 00:00 0 
7f4f10561000-7f4f10562000 ---p 00000000 00:00 0 
7f4f10562000-7f4f10662000 rw-p 00000000 00:00 0 
7f4f10662000-7f4f10663000 ---p 00000000 00:00 0 
7f4f10663000-7f4f10763000 rw-p 00000000 00:00 0 
7f4f10763000-7f4f10764000 ---p 00000000 00:00 0 
7f4f10764000-7f4f1088e000 rw-p 00000000 00:00 0 
7f4f1088e000-7f4f10af6000 ---p 00000000 00:00 0 
7f4f10af6000-7f4f10b0b000 rw-p 00000000 00:00 0 
7f4f10b0b000-7f4f10c3f000 ---p 00000000 00:00 0 
7f4f10c3f000-7f4f10c4a000 rw-p 00000000 00:00 0 
7f4f10c4a000-7f4f11000000 ---p 00000000 00:00 0 
7f4f11000000-7f4f11270000 rwxp 00000000 00:00 0 
7f4f11270000-7f4f20000000 ---p 00000000 00:00 0 
7f4f20000000-7f4f20125000 rw-p 00000000 00:00 0 
7f4f20125000-7f4f24000000 ---p 00000000 00:00 0 
7f4f24008000-7f4f240a8000 rw-p 00000000 00:00 0 
7f4f240a8000-7f4f24310000 ---p 00000000 00:00 0 
7f4f24310000-7f4f2432a000 r-xp 00000000 08:08 11536453                   /usr/lib/jvm/java-8-oracle/jre/lib/amd64/libzip.so
7f4f2432a000-7f4f2452a000 ---p 0001a000 08:08 11536453                   /usr/lib/jvm/java-8-oracle/jre/lib/amd64/libzip.so
7f4f2452a000-7f4f2452b000 rw-p 0001a000 08:08 11536453                   /usr/lib/jvm/java-8-oracle/jre/lib/amd64/libzip.so
7f4f2452b000-7f4f24536000 r-xp 00000000 08:08 17957127                   /lib/x86_64-linux-gnu/libnss_files-2.23.so
7f4f24536000-7f4f24735000 ---p 0000b000 08:08 17957127                   /lib/x86_64-linux-gnu/libnss_files-2.23.so
7f4f24735000-7f4f24736000 r--p 0000a000 08:08 17957127                   /lib/x86_64-linux-gnu/libnss_files-2.23.so
7f4f24736000-7f4f24737000 rw-p 0000b000 08:08 17957127                   /lib/x86_64-linux-gnu/libnss_files-2.23.so
7f4f24737000-7f4f2473d000 rw-p 00000000 00:00 0 
7f4f2473d000-7f4f24748000 r-xp 00000000 08:08 17957133                   /lib/x86_64-linux-gnu/libnss_nis-2.23.so
7f4f24748000-7f4f24947000 ---p 0000b000 08:08 17957133                   /lib/x86_64-linux-gnu/libnss_nis-2.23.so
7f4f24947000-7f4f24948000 r--p 0000a000 08:08 17957133                   /lib/x86_64-linux-gnu/libnss_nis-2.23.so
7f4f24948000-7f4f24949000 rw-p 0000b000 08:08 17957133                   /lib/x86_64-linux-gnu/libnss_nis-2.23.so
7f4f24949000-7f4f2495f000 r-xp 00000000 08:08 17957119                   /lib/x86_64-linux-gnu/libnsl-2.23.so
7f4f2495f000-7f4f24b5e000 ---p 00016000 08:08 17957119                   /lib/x86_64-linux-gnu/libnsl-2.23.so
7f4f24b5e000-7f4f24b5f000 r--p 00015000 08:08 17957119                   /lib/x86_64-linux-gnu/libnsl-2.23.so
7f4f24b5f000-7f4f24b60000 rw-p 00016000 08:08 17957119                   /lib/x86_64-linux-gnu/libnsl-2.23.so
7f4f24b60000-7f4f24b62000 rw-p 00000000 00:00 0 
7f4f24b62000-7f4f24b6a000 r-xp 00000000 08:08 17957145                   /lib/x86_64-linux-gnu/libnss_compat-2.23.so
7f4f24b6a000-7f4f24d69000 ---p 00008000 08:08 17957145                   /lib/x86_64-linux-gnu/libnss_compat-2.23.so
7f4f24d69000-7f4f24d6a000 r--p 00007000 08:08 17957145                   /lib/x86_64-linux-gnu/libnss_compat-2.23.so
7f4f24d6a000-7f4f24d6b000 rw-p 00008000 08:08 17957145                   /lib/x86_64-linux-gnu/libnss_compat-2.23.so
7f4f24d6b000-7f4f24d95000 r-xp 00000000 08:08 11536479                   /usr/lib/jvm/java-8-oracle/jre/lib/amd64/libjava.so
7f4f24d95000-7f4f24f95000 ---p 0002a000 08:08 11536479                   /usr/lib/jvm/java-8-oracle/jre/lib/amd64/libjava.so
7f4f24f95000-7f4f24f97000 rw-p 0002a000 08:08 11536479                   /usr/lib/jvm/java-8-oracle/jre/lib/amd64/libjava.so
7f4f24f97000-7f4f24fa4000 r-xp 00000000 08:08 11536457                   /usr/lib/jvm/java-8-oracle/jre/lib/amd64/libverify.so
7f4f24fa4000-7f4f251a4000 ---p 0000d000 08:08 11536457                   /usr/lib/jvm/java-8-oracle/jre/lib/amd64/libverify.so
7f4f251a4000-7f4f251a6000 rw-p 0000d000 08:08 11536457                   /usr/lib/jvm/java-8-oracle/jre/lib/amd64/libverify.so
7f4f251a6000-7f4f251ad000 r-xp 00000000 08:08 17957137                   /lib/x86_64-linux-gnu/librt-2.23.so
7f4f251ad000-7f4f253ac000 ---p 00007000 08:08 17957137                   /lib/x86_64-linux-gnu/librt-2.23.so
7f4f253ac000-7f4f253ad000 r--p 00006000 08:08 17957137                   /lib/x86_64-linux-gnu/librt-2.23.so
7f4f253ad000-7f4f253ae000 rw-p 00007000 08:08 17957137                   /lib/x86_64-linux-gnu/librt-2.23.so
7f4f253ae000-7f4f254b6000 r-xp 00000000 08:08 17957155                   /lib/x86_64-linux-gnu/libm-2.23.so
7f4f254b6000-7f4f256b5000 ---p 00108000 08:08 17957155                   /lib/x86_64-linux-gnu/libm-2.23.so
7f4f256b5000-7f4f256b6000 r--p 00107000 08:08 17957155                   /lib/x86_64-linux-gnu/libm-2.23.so
7f4f256b6000-7f4f256b7000 rw-p 00108000 08:08 17957155                   /lib/x86_64-linux-gnu/libm-2.23.so
7f4f256b7000-7f4f26377000 r-xp 00000000 08:08 11536488                   /usr/lib/jvm/java-8-oracle/jre/lib/amd64/server/libjvm.so
7f4f26377000-7f4f26577000 ---p 00cc0000 08:08 11536488                   /usr/lib/jvm/java-8-oracle/jre/lib/amd64/server/libjvm.so
7f4f26577000-7f4f2664f000 rw-p 00cc0000 08:08 11536488                   /usr/lib/jvm/java-8-oracle/jre/lib/amd64/server/libjvm.so
7f4f2664f000-7f4f2669a000 rw-p 00000000 00:00 0 
7f4f2669a000-7f4f2685a000 r-xp 00000000 08:08 17957162                   /lib/x86_64-linux-gnu/libc-2.23.so
7f4f2685a000-7f4f26a5a000 ---p 001c0000 08:08 17957162                   /lib/x86_64-linux-gnu/libc-2.23.so
7f4f26a5a000-7f4f26a5e000 r--p 001c0000 08:08 17957162                   /lib/x86_64-linux-gnu/libc-2.23.so
7f4f26a5e000-7f4f26a60000 rw-p 001c4000 08:08 17957162                   /lib/x86_64-linux-gnu/libc-2.23.so
7f4f26a60000-7f4f26a64000 rw-p 00000000 00:00 0 
7f4f26a64000-7f4f26a67000 r-xp 00000000 08:08 17957143                   /lib/x86_64-linux-gnu/libdl-2.23.so
7f4f26a67000-7f4f26c66000 ---p 00003000 08:08 17957143                   /lib/x86_64-linux-gnu/libdl-2.23.so
7f4f26c66000-7f4f26c67000 r--p 00002000 08:08 17957143                   /lib/x86_64-linux-gnu/libdl-2.23.so
7f4f26c67000-7f4f26c68000 rw-p 00003000 08:08 17957143                   /lib/x86_64-linux-gnu/libdl-2.23.so
7f4f26c68000-7f4f26c7d000 r-xp 00000000 08:08 11536451                   /usr/lib/jvm/java-8-oracle/jre/lib/amd64/jli/libjli.so
7f4f26c7d000-7f4f26e7d000 ---p 00015000 08:08 11536451                   /usr/lib/jvm/java-8-oracle/jre/lib/amd64/jli/libjli.so
7f4f26e7d000-7f4f26e7e000 rw-p 00015000 08:08 11536451                   /usr/lib/jvm/java-8-oracle/jre/lib/amd64/jli/libjli.so
7f4f26e7e000-7f4f26e96000 r-xp 00000000 08:08 17957131                   /lib/x86_64-linux-gnu/libpthread-2.23.so
7f4f26e96000-7f4f27095000 ---p 00018000 08:08 17957131                   /lib/x86_64-linux-gnu/libpthread-2.23.so
7f4f27095000-7f4f27096000 r--p 00017000 08:08 17957131                   /lib/x86_64-linux-gnu/libpthread-2.23.so
7f4f27096000-7f4f27097000 rw-p 00018000 08:08 17957131                   /lib/x86_64-linux-gnu/libpthread-2.23.so
7f4f27097000-7f4f2709b000 rw-p 00000000 00:00 0 
7f4f2709b000-7f4f270c1000 r-xp 00000000 08:08 17957121                   /lib/x86_64-linux-gnu/ld-2.23.so
7f4f270e0000-7f4f2718a000 rw-p 00000000 00:00 0 
7f4f2718a000-7f4f2718d000 ---p 00000000 00:00 0 
7f4f2718d000-7f4f2728f000 rw-p 00000000 00:00 0 
7f4f27293000-7f4f272b4000 rw-p 00000000 00:00 0 
7f4f272b4000-7f4f272bc000 rw-s 00000000 08:08 16122031                   /tmp/hsperfdata_alberto/1163
7f4f272bc000-7f4f272bd000 rw-p 00000000 00:00 0 
7f4f272bd000-7f4f272be000 r--p 00000000 00:00 0 
7f4f272be000-7f4f272c0000 rw-p 00000000 00:00 0 
7f4f272c0000-7f4f272c1000 r--p 00025000 08:08 17957121                   /lib/x86_64-linux-gnu/ld-2.23.so
7f4f272c1000-7f4f272c2000 rw-p 00026000 08:08 17957121                   /lib/x86_64-linux-gnu/ld-2.23.so
7f4f272c2000-7f4f272c3000 rw-p 00000000 00:00 0 
7fff6586f000-7fff65891000 rw-p 00000000 00:00 0                          [stack]
7fff65939000-7fff6593b000 r--p 00000000 00:00 0                          [vvar]
7fff6593b000-7fff6593d000 r-xp 00000000 00:00 0                          [vdso]
ffffffffff600000-ffffffffff601000 r-xp 00000000 00:00 0                  [vsyscall]

VM Arguments:
java_command: Main
java_class_path (initial): .
Launcher Type: SUN_STANDARD

Environment Variables:
PATH=/home/alberto/torch/install/bin:/home/alberto/torch/install/bin:/usr/local/cuda-8.0/bin:/home/alberto/torch/install/bin:/home/alberto/torch/install/bin:/home/alberto/torch/install/bin:/usr/local/sbin:/usr/local/bin:/usr/sbin:/usr/bin:/sbin:/bin:/usr/games:/usr/local/games:/snap/bin
USERNAME=alberto
LD_LIBRARY_PATH=/home/alberto/torch/install/lib:/home/alberto/torch/install/lib:/usr/local/cuda-8.0/lib64:/home/alberto/torch/install/lib:/home/alberto/torch/install/lib:/home/alberto/torch/install/lib:
SHELL=/bin/bash
DISPLAY=:1
DYLD_LIBRARY_PATH=/home/alberto/torch/install/lib:/home/alberto/torch/install/lib:/home/alberto/torch/install/lib:/home/alberto/torch/install/lib:/home/alberto/torch/install/lib:

Signal Handlers:
SIGSEGV: [libjvm.so+0xabca10], sa_mask[0]=11111111011111111101111111111110, sa_flags=SA_RESTART|SA_SIGINFO
SIGBUS: [libjvm.so+0xabca10], sa_mask[0]=11111111011111111101111111111110, sa_flags=SA_RESTART|SA_SIGINFO
SIGFPE: [libjvm.so+0x919a20], sa_mask[0]=11111111011111111101111111111110, sa_flags=SA_RESTART|SA_SIGINFO
SIGPIPE: [libjvm.so+0x919a20], sa_mask[0]=11111111011111111101111111111110, sa_flags=SA_RESTART|SA_SIGINFO
SIGXFSZ: [libjvm.so+0x919a20], sa_mask[0]=11111111011111111101111111111110, sa_flags=SA_RESTART|SA_SIGINFO
SIGILL: [libjvm.so+0x919a20], sa_mask[0]=11111111011111111101111111111110, sa_flags=SA_RESTART|SA_SIGINFO
SIGUSR1: SIG_DFL, sa_mask[0]=00000000000000000000000000000000, sa_flags=none
SIGUSR2: [libjvm.so+0x91b050], sa_mask[0]=00000000000000000000000000000000, sa_flags=SA_RESTART|SA_SIGINFO
SIGHUP: [libjvm.so+0x91c450], sa_mask[0]=11111111011111111101111111111110, sa_flags=SA_RESTART|SA_SIGINFO
SIGINT: [libjvm.so+0x91c450], sa_mask[0]=11111111011111111101111111111110, sa_flags=SA_RESTART|SA_SIGINFO
SIGTERM: [libjvm.so+0x91c450], sa_mask[0]=11111111011111111101111111111110, sa_flags=SA_RESTART|SA_SIGINFO
SIGQUIT: [libjvm.so+0x91c450], sa_mask[0]=11111111011111111101111111111110, sa_flags=SA_RESTART|SA_SIGINFO


---------------  S Y S T E M  ---------------

OS:DISTRIB_ID=Ubuntu
DISTRIB_RELEASE=16.04
DISTRIB_CODENAME=xenial
DISTRIB_DESCRIPTION="Ubuntu 16.04.3 LTS"

uname:Linux 4.4.0-96-generic #119-Ubuntu SMP Tue Sep 12 14:59:54 UTC 2017 x86_64
libc:glibc 2.23 NPTL 2.23 
rlimit: STACK 8192k, CORE 0k, NPROC 31112, NOFILE 1048576, AS infinity
load average:1.64 1.89 1.95

/proc/meminfo:
MemTotal:        8085072 kB
MemFree:         1152712 kB
MemAvailable:    1323048 kB
Buffers:           21008 kB
Cached:           775284 kB
SwapCached:        38928 kB
Active:          5258636 kB
Inactive:        1374532 kB
Active(anon):    5041792 kB
Inactive(anon):  1234612 kB
Active(file):     216844 kB
Inactive(file):   139920 kB
Unevictable:          32 kB
Mlocked:              32 kB
SwapTotal:       8298492 kB
SwapFree:        7762352 kB
Dirty:              5568 kB
Writeback:             0 kB
AnonPages:       5802600 kB
Mapped:           343264 kB
Shmem:            439532 kB
Slab:             126444 kB
SReclaimable:      74000 kB
SUnreclaim:        52444 kB
KernelStack:       14640 kB
PageTables:        65232 kB
NFS_Unstable:          0 kB
Bounce:                0 kB
WritebackTmp:          0 kB
CommitLimit:    12341028 kB
Committed_AS:   13615796 kB
VmallocTotal:   34359738367 kB
VmallocUsed:           0 kB
VmallocChunk:          0 kB
HardwareCorrupted:     0 kB
AnonHugePages:   2729984 kB
CmaTotal:              0 kB
CmaFree:               0 kB
HugePages_Total:       0
HugePages_Free:        0
HugePages_Rsvd:        0
HugePages_Surp:        0
Hugepagesize:       2048 kB
DirectMap4k:      166656 kB
DirectMap2M:     7084032 kB
DirectMap1G:     2097152 kB


CPU:total 8 (4 cores per cpu, 2 threads per core) family 6 model 60 stepping 3, cmov, cx8, fxsr, mmx, sse, sse2, sse3, ssse3, sse4.1, sse4.2, popcnt, avx, avx2, aes, clmul, erms, lzcnt, ht, tsc, tscinvbit, bmi1, bmi2

/proc/cpuinfo:
processor	: 0
vendor_id	: GenuineIntel
cpu family	: 6
model		: 60
model name	: Intel(R) Core(TM) i7-4710HQ CPU @ 2.50GHz
stepping	: 3
microcode	: 0x22
cpu MHz		: 3100.000
cache size	: 6144 KB
physical id	: 0
siblings	: 8
core id		: 0
cpu cores	: 4
apicid		: 0
initial apicid	: 0
fpu		: yes
fpu_exception	: yes
cpuid level	: 13
wp		: yes
flags		: fpu vme de pse tsc msr pae mce cx8 apic sep mtrr pge mca cmov pat pse36 clflush dts acpi mmx fxsr sse sse2 ss ht tm pbe syscall nx pdpe1gb rdtscp lm constant_tsc arch_perfmon pebs bts rep_good nopl xtopology nonstop_tsc aperfmperf eagerfpu pni pclmulqdq dtes64 monitor ds_cpl vmx est tm2 ssse3 sdbg fma cx16 xtpr pdcm pcid sse4_1 sse4_2 x2apic movbe popcnt tsc_deadline_timer aes xsave avx f16c rdrand lahf_lm abm epb tpr_shadow vnmi flexpriority ept vpid fsgsbase tsc_adjust bmi1 avx2 smep bmi2 erms invpcid xsaveopt dtherm ida arat pln pts
bugs		:
bogomips	: 4988.95
clflush size	: 64
cache_alignment	: 64
address sizes	: 39 bits physical, 48 bits virtual
power management:

processor	: 1
vendor_id	: GenuineIntel
cpu family	: 6
model		: 60
model name	: Intel(R) Core(TM) i7-4710HQ CPU @ 2.50GHz
stepping	: 3
microcode	: 0x22
cpu MHz		: 3090.722
cache size	: 6144 KB
physical id	: 0
siblings	: 8
core id		: 0
cpu cores	: 4
apicid		: 1
initial apicid	: 1
fpu		: yes
fpu_exception	: yes
cpuid level	: 13
wp		: yes
flags		: fpu vme de pse tsc msr pae mce cx8 apic sep mtrr pge mca cmov pat pse36 clflush dts acpi mmx fxsr sse sse2 ss ht tm pbe syscall nx pdpe1gb rdtscp lm constant_tsc arch_perfmon pebs bts rep_good nopl xtopology nonstop_tsc aperfmperf eagerfpu pni pclmulqdq dtes64 monitor ds_cpl vmx est tm2 ssse3 sdbg fma cx16 xtpr pdcm pcid sse4_1 sse4_2 x2apic movbe popcnt tsc_deadline_timer aes xsave avx f16c rdrand lahf_lm abm epb tpr_shadow vnmi flexpriority ept vpid fsgsbase tsc_adjust bmi1 avx2 smep bmi2 erms invpcid xsaveopt dtherm ida arat pln pts
bugs		:
bogomips	: 4988.95
clflush size	: 64
cache_alignment	: 64
address sizes	: 39 bits physical, 48 bits virtual
power management:

processor	: 2
vendor_id	: GenuineIntel
cpu family	: 6
model		: 60
model name	: Intel(R) Core(TM) i7-4710HQ CPU @ 2.50GHz
stepping	: 3
microcode	: 0x22
cpu MHz		: 3063.867
cache size	: 6144 KB
physical id	: 0
siblings	: 8
core id		: 1
cpu cores	: 4
apicid		: 2
initial apicid	: 2
fpu		: yes
fpu_exception	: yes
cpuid level	: 13
wp		: yes
flags		: fpu vme de pse tsc msr pae mce cx8 apic sep mtrr pge mca cmov pat pse36 clflush dts acpi mmx fxsr sse sse2 ss ht tm pbe syscall nx pdpe1gb rdtscp lm constant_tsc arch_perfmon pebs bts rep_good nopl xtopology nonstop_tsc aperfmperf eagerfpu pni pclmulqdq dtes64 monitor ds_cpl vmx est tm2 ssse3 sdbg fma cx16 xtpr pdcm pcid sse4_1 sse4_2 x2apic movbe popcnt tsc_deadline_timer aes xsave avx f16c rdrand lahf_lm abm epb tpr_shadow vnmi flexpriority ept vpid fsgsbase tsc_adjust bmi1 avx2 smep bmi2 erms invpcid xsaveopt dtherm ida arat pln pts
bugs		:
bogomips	: 4988.95
clflush size	: 64
cache_alignment	: 64
address sizes	: 39 bits physical, 48 bits virtual
power management:

processor	: 3
vendor_id	: GenuineIntel
cpu family	: 6
model		: 60
model name	: Intel(R) Core(TM) i7-4710HQ CPU @ 2.50GHz
stepping	: 3
microcode	: 0x22
cpu MHz		: 3058.300
cache size	: 6144 KB
physical id	: 0
siblings	: 8
core id		: 1
cpu cores	: 4
apicid		: 3
initial apicid	: 3
fpu		: yes
fpu_exception	: yes
cpuid level	: 13
wp		: yes
flags		: fpu vme de pse tsc msr pae mce cx8 apic sep mtrr pge mca cmov pat pse36 clflush dts acpi mmx fxsr sse sse2 ss ht tm pbe syscall nx pdpe1gb rdtscp lm constant_tsc arch_perfmon pebs bts rep_good nopl xtopology nonstop_tsc aperfmperf eagerfpu pni pclmulqdq dtes64 monitor ds_cpl vmx est tm2 ssse3 sdbg fma cx16 xtpr pdcm pcid sse4_1 sse4_2 x2apic movbe popcnt tsc_deadline_timer aes xsave avx f16c rdrand lahf_lm abm epb tpr_shadow vnmi flexpriority ept vpid fsgsbase tsc_adjust bmi1 avx2 smep bmi2 erms invpcid xsaveopt dtherm ida arat pln pts
bugs		:
bogomips	: 4988.95
clflush size	: 64
cache_alignment	: 64
address sizes	: 39 bits physical, 48 bits virtual
power management:

processor	: 4
vendor_id	: GenuineIntel
cpu family	: 6
model		: 60
model name	: Intel(R) Core(TM) i7-4710HQ CPU @ 2.50GHz
stepping	: 3
microcode	: 0x22
cpu MHz		: 3078.808
cache size	: 6144 KB
physical id	: 0
siblings	: 8
core id		: 2
cpu cores	: 4
apicid		: 4
initial apicid	: 4
fpu		: yes
fpu_exception	: yes
cpuid level	: 13
wp		: yes
flags		: fpu vme de pse tsc msr pae mce cx8 apic sep mtrr pge mca cmov pat pse36 clflush dts acpi mmx fxsr sse sse2 ss ht tm pbe syscall nx pdpe1gb rdtscp lm constant_tsc arch_perfmon pebs bts rep_good nopl xtopology nonstop_tsc aperfmperf eagerfpu pni pclmulqdq dtes64 monitor ds_cpl vmx est tm2 ssse3 sdbg fma cx16 xtpr pdcm pcid sse4_1 sse4_2 x2apic movbe popcnt tsc_deadline_timer aes xsave avx f16c rdrand lahf_lm abm epb tpr_shadow vnmi flexpriority ept vpid fsgsbase tsc_adjust bmi1 avx2 smep bmi2 erms invpcid xsaveopt dtherm ida arat pln pts
bugs		:
bogomips	: 4988.95
clflush size	: 64
cache_alignment	: 64
address sizes	: 39 bits physical, 48 bits virtual
power management:

processor	: 5
vendor_id	: GenuineIntel
cpu family	: 6
model		: 60
model name	: Intel(R) Core(TM) i7-4710HQ CPU @ 2.50GHz
stepping	: 3
microcode	: 0x22
cpu MHz		: 2615.234
cache size	: 6144 KB
physical id	: 0
siblings	: 8
core id		: 2
cpu cores	: 4
apicid		: 5
initial apicid	: 5
fpu		: yes
fpu_exception	: yes
cpuid level	: 13
wp		: yes
flags		: fpu vme de pse tsc msr pae mce cx8 apic sep mtrr pge mca cmov pat pse36 clflush dts acpi mmx fxsr sse sse2 ss ht tm pbe syscall nx pdpe1gb rdtscp lm constant_tsc arch_perfmon pebs bts rep_good nopl xtopology nonstop_tsc aperfmperf eagerfpu pni pclmulqdq dtes64 monitor ds_cpl vmx est tm2 ssse3 sdbg fma cx16 xtpr pdcm pcid sse4_1 sse4_2 x2apic movbe popcnt tsc_deadline_timer aes xsave avx f16c rdrand lahf_lm abm epb tpr_shadow vnmi flexpriority ept vpid fsgsbase tsc_adjust bmi1 avx2 smep bmi2 erms invpcid xsaveopt dtherm ida arat pln pts
bugs		:
bogomips	: 4988.95
clflush size	: 64
cache_alignment	: 64
address sizes	: 39 bits physical, 48 bits virtual
power management:

processor	: 6
vendor_id	: GenuineIntel
cpu family	: 6
model		: 60
model name	: Intel(R) Core(TM) i7-4710HQ CPU @ 2.50GHz
stepping	: 3
microcode	: 0x22
cpu MHz		: 3079.003
cache size	: 6144 KB
physical id	: 0
siblings	: 8
core id		: 3
cpu cores	: 4
apicid		: 6
initial apicid	: 6
fpu		: yes
fpu_exception	: yes
cpuid level	: 13
wp		: yes
flags		: fpu vme de pse tsc msr pae mce cx8 apic sep mtrr pge mca cmov pat pse36 clflush dts acpi mmx fxsr sse sse2 ss ht tm pbe syscall nx pdpe1gb rdtscp lm constant_tsc arch_perfmon pebs bts rep_good nopl xtopology nonstop_tsc aperfmperf eagerfpu pni pclmulqdq dtes64 monitor ds_cpl vmx est tm2 ssse3 sdbg fma cx16 xtpr pdcm pcid sse4_1 sse4_2 x2apic movbe popcnt tsc_deadline_timer aes xsave avx f16c rdrand lahf_lm abm epb tpr_shadow vnmi flexpriority ept vpid fsgsbase tsc_adjust bmi1 avx2 smep bmi2 erms invpcid xsaveopt dtherm ida arat pln pts
bugs		:
bogomips	: 4988.95
clflush size	: 64
cache_alignment	: 64
address sizes	: 39 bits physical, 48 bits virtual
power management:

processor	: 7
vendor_id	: GenuineIntel
cpu family	: 6
model		: 60
model name	: Intel(R) Core(TM) i7-4710HQ CPU @ 2.50GHz
stepping	: 3
microcode	: 0x22
cpu MHz		: 3031.640
cache size	: 6144 KB
physical id	: 0
siblings	: 8
core id		: 3
cpu cores	: 4
apicid		: 7
initial apicid	: 7
fpu		: yes
fpu_exception	: yes
cpuid level	: 13
wp		: yes
flags		: fpu vme de pse tsc msr pae mce cx8 apic sep mtrr pge mca cmov pat pse36 clflush dts acpi mmx fxsr sse sse2 ss ht tm pbe syscall nx pdpe1gb rdtscp lm constant_tsc arch_perfmon pebs bts rep_good nopl xtopology nonstop_tsc aperfmperf eagerfpu pni pclmulqdq dtes64 monitor ds_cpl vmx est tm2 ssse3 sdbg fma cx16 xtpr pdcm pcid sse4_1 sse4_2 x2apic movbe popcnt tsc_deadline_timer aes xsave avx f16c rdrand lahf_lm abm epb tpr_shadow vnmi flexpriority ept vpid fsgsbase tsc_adjust bmi1 avx2 smep bmi2 erms invpcid xsaveopt dtherm ida arat pln pts
bugs		:
bogomips	: 4988.95
clflush size	: 64
cache_alignment	: 64
address sizes	: 39 bits physical, 48 bits virtual
power management:



Memory: 4k page, physical 8085072k(1152712k free), swap 8298492k(7762352k free)

vm_info: Java HotSpot(TM) 64-Bit Server VM (25.91-b14) for linux-amd64 JRE (1.8.0_91-b14), built on Apr  1 2016 00:57:21 by "java_re" with gcc 4.3.0 20080428 (Red Hat 4.3.0-8)

time: Wed Sep 27 22:47:37 2017
elapsed time: 0 seconds (0d 0h 0m 0s)

