#
# A fatal error has been detected by the Java Runtime Environment:
#
#  SIGSEGV (0xb) at pc=0x00007f1fb79c58df, pid=7891, tid=139774213089024
#
# JRE version: Java(TM) SE Runtime Environment (8.0_91-b14) (build 1.8.0_91-b14)
# Java VM: Java HotSpot(TM) 64-Bit Server VM (25.91-b14 mixed mode linux-amd64 compressed oops)
# Problematic frame:
# C  [libc.so.6+0x968df]  strchrnul+0x17f
#
# Failed to write core dump. Core dumps have been disabled. To enable core dumping, try "ulimit -c unlimited" before starting Java again
#
# If you would like to submit a bug report, please visit:
#   http://bugreport.java.com/bugreport/crash.jsp
# The crash happened outside the Java Virtual Machine in native code.
# See problematic frame for where to report the bug.
#

---------------  T H R E A D  ---------------

Current thread (0x00007f1fb0009800):  JavaThread "main" [_thread_in_native, id=7892, stack(0x00007f1fb841e000,0x00007f1fb851f000)]

siginfo: si_signo: 11 (SIGSEGV), si_code: 2 (SEGV_ACCERR), si_addr: 0x00000000ffffffc0

Registers:
RAX=0x0000000000000ff7, RBX=0x00007f1fb851afe0, RCX=0x00000000fbad8004, RDX=0x00000000ffffffc0
RSP=0x00007f1fb851aa38, RBP=0x00007f1fb851afb0, RSI=0x0000000000000025, RDI=0x00000000fffffff7
R8 =0x00007f1fb851e700, R9 =0x0000000000000006, R10=0x0000000000000073, R11=0x0000000000000001
R12=0x00000000fffffff7, R13=0x00007f1fb851d708, R14=0x0000000000000000, R15=0x00007f1fb0009800
RIP=0x00007f1fb79c58df, EFLAGS=0x0000000000010206, CSGSFS=0x0000000000000033, ERR=0x0000000000000004
  TRAPNO=0x000000000000000e

Top of Stack: (sp=0x00007f1fb851aa38)
0x00007f1fb851aa38:   00007f1fb797c208 0000000000000080
0x00007f1fb851aa48:   00000000000000a0 00000000000000c0
0x00007f1fb851aa58:   00000000000000e0 00007f1fb851ab00
0x00007f1fb851aa68:   0000000000000000 ffffffffffffffff
0x00007f1fb851aa78:   0000000200000000 000000000000011f
0x00007f1fb851aa88:   00007f1fb7abe6f9 00007f1fb851a9d0
0x00007f1fb851aa98:   00007f1fb851aa20 00007f1f51072000
0x00007f1fb851aaa8:   00007f1f51192000 00007f1fb851ab18
0x00007f1fb851aab8:   000000000000011f 00007f1f7930bfc1
0x00007f1fb851aac8:   0000003000000018 00007f1fb851d700
0x00007f1fb851aad8:   00007f1fb851d620 00007f1fb851b590
0x00007f1fb851aae8:   00007f1fb851b580 00007f1fb851b580
0x00007f1fb851aaf8:   00007f1fb851ad80 00007f1ffbad8004
0x00007f1fb851ab08:   00000002b851abc0 0000000000002000
0x00007f1fb851ab18:   00007f1f531d2920 0000000000000001
0x00007f1fb851ab28:   00007f1f793001b9 00007f1fb851a950
0x00007f1fb851ab38:   00007f1fb851a9d8 00007f1fb851aa20
0x00007f1fb851ab48:   00007f1f4a000000 00007f1f4a120000
0x00007f1fb851ab58:   0000003000000018 00007f1fb851d7f0
0x00007f1fb851ab68:   00007f1fb851d720 00007f1fb851adb0
0x00007f1fb851ab78:   000000004134d378 000000000000011f
0x00007f1fb851ab88:   00007f1fb851b580 00007f1fb851b5bc
0x00007f1fb851ab98:   561993e16ccb0500 00007f1fb851b5bc
0x00007f1fb851aba8:   00007f1f792cbfbd 00007f1fb851b580
0x00007f1fb851abb8:   0000000000002000 00007f1f531d2920
0x00007f1fb851abc8:   0000000000000002 00007f1fb851b590
0x00007f1fb851abd8:   00007f1fb851a950 00007f1fb851a9e0
0x00007f1fb851abe8:   00007f1fb851aa20 00007f1f44000000
0x00007f1fb851abf8:   00007f1f44120000 00007f1fb851ac68
0x00007f1fb851ac08:   00007f1fb851acc0 0000000000000001
0x00007f1fb851ac18:   00007f1f792fb60d 0000000000000033
0x00007f1fb851ac28:   00007f1f793001b9 000000a900000030 

Instructions: (pc=0x00007f1fb79c58df)
0x00007f1fb79c58bf:   d0 48 0f bc c0 48 8d 04 07 c3 0f 1f 80 00 00 00
0x00007f1fb79c58cf:   00 48 89 fa 66 0f ef d2 48 83 e2 c0 66 0f 6f c1
0x00007f1fb79c58df:   66 0f 6f 1a 66 0f 6f e3 66 0f 74 d9 66 0f 74 e2
0x00007f1fb79c58ef:   66 0f eb dc 66 44 0f d7 c3 66 0f 6f 5a 10 66 0f 

Register to memory mapping:

RAX=0x0000000000000ff7 is an unknown value
RBX=0x00007f1fb851afe0 is pointing into the stack for thread: 0x00007f1fb0009800
RCX=0x00000000fbad8004 is an unallocated location in the heap
RDX=0x00000000ffffffc0 is an unallocated location in the heap
RSP=0x00007f1fb851aa38 is pointing into the stack for thread: 0x00007f1fb0009800
RBP=0x00007f1fb851afb0 is pointing into the stack for thread: 0x00007f1fb0009800
RSI=0x0000000000000025 is an unknown value
RDI=0x00000000fffffff7 is an unallocated location in the heap
R8 =0x00007f1fb851e700 is pointing into the stack for thread: 0x00007f1fb0009800
R9 =0x0000000000000006 is an unknown value
R10=0x0000000000000073 is an unknown value
R11=0x0000000000000001 is an unknown value
R12=0x00000000fffffff7 is an unallocated location in the heap
R13=0x00007f1fb851d708 is pointing into the stack for thread: 0x00007f1fb0009800
R14=0x0000000000000000 is an unknown value
R15=0x00007f1fb0009800 is a thread


Stack: [0x00007f1fb841e000,0x00007f1fb851f000],  sp=0x00007f1fb851aa38,  free space=1010k
Native frames: (J=compiled Java code, j=interpreted, Vv=VM code, C=native code)
C  [libc.so.6+0x968df]  strchrnul+0x17f
C  [libc.so.6+0x4fef1]
C  [libc.so.6+0x10530b]
C  [libc.so.6+0x10541e]  error+0xce

Java frames: (J=compiled Java code, j=interpreted, Vv=VM code)
j  Servidor.startTorch()V+0
j  Servidor._startTorch()V+1
j  Main.main([Ljava/lang/String;)V+12
v  ~StubRoutines::call_stub

---------------  P R O C E S S  ---------------

Java Threads: ( => current thread )
  0x00007f1fb00d3800 JavaThread "Service Thread" daemon [_thread_blocked, id=7909, stack(0x00007f1f79dd9000,0x00007f1f79eda000)]
  0x00007f1fb00c8000 JavaThread "C1 CompilerThread3" daemon [_thread_blocked, id=7908, stack(0x00007f1f79eda000,0x00007f1f79fdb000)]
  0x00007f1fb00c6000 JavaThread "C2 CompilerThread2" daemon [_thread_blocked, id=7907, stack(0x00007f1f79fdb000,0x00007f1f7a0dc000)]
  0x00007f1fb00c4800 JavaThread "C2 CompilerThread1" daemon [_thread_blocked, id=7906, stack(0x00007f1f7a0dc000,0x00007f1f7a1dd000)]
  0x00007f1fb00c1800 JavaThread "C2 CompilerThread0" daemon [_thread_blocked, id=7905, stack(0x00007f1f7a1dd000,0x00007f1f7a2de000)]
  0x00007f1fb00c0000 JavaThread "Signal Dispatcher" daemon [_thread_blocked, id=7904, stack(0x00007f1f7a2de000,0x00007f1f7a3df000)]
  0x00007f1fb008c000 JavaThread "Finalizer" daemon [_thread_blocked, id=7903, stack(0x00007f1f7a7e8000,0x00007f1f7a8e9000)]
  0x00007f1fb0087000 JavaThread "Reference Handler" daemon [_thread_blocked, id=7902, stack(0x00007f1f7a8e9000,0x00007f1f7a9ea000)]
=>0x00007f1fb0009800 JavaThread "main" [_thread_in_native, id=7892, stack(0x00007f1fb841e000,0x00007f1fb851f000)]

Other Threads:
  0x00007f1fb007f800 VMThread [stack: 0x00007f1f7a9ea000,0x00007f1f7aaeb000] [id=7901]
  0x00007f1fb00d6000 WatcherThread [stack: 0x00007f1f79cd8000,0x00007f1f79dd9000] [id=7910]

VM state:not at safepoint (normal execution)

VM Mutex/Monitor currently owned by a thread: None

Heap:
 PSYoungGen      total 36864K, used 1269K [0x00000000d6e00000, 0x00000000d9700000, 0x0000000100000000)
  eden space 31744K, 4% used [0x00000000d6e00000,0x00000000d6f3d728,0x00000000d8d00000)
  from space 5120K, 0% used [0x00000000d9200000,0x00000000d9200000,0x00000000d9700000)
  to   space 5120K, 0% used [0x00000000d8d00000,0x00000000d8d00000,0x00000000d9200000)
 ParOldGen       total 84992K, used 0K [0x0000000084a00000, 0x0000000089d00000, 0x00000000d6e00000)
  object space 84992K, 0% used [0x0000000084a00000,0x0000000084a00000,0x0000000089d00000)
 Metaspace       used 2478K, capacity 4490K, committed 4864K, reserved 1056768K
  class space    used 268K, capacity 386K, committed 512K, reserved 1048576K

Card table byte_map: [0x00007f1fb4e09000,0x00007f1fb51e5000] byte_map_base: 0x00007f1fb49e4000

Marking Bits: (ParMarkBitMap*) 0x00007f1fb7902d60
 Begin Bits: [0x00007f1f90250000, 0x00007f1f92128000)
 End Bits:   [0x00007f1f92128000, 0x00007f1f94000000)

Polling page: 0x00007f1fb8552000

CodeCache: size=245760Kb used=1080Kb max_used=1080Kb free=244679Kb
 bounds [0x00007f1fa1000000, 0x00007f1fa1270000, 0x00007f1fb0000000]
 total_blobs=242 nmethods=14 adapters=143
 compilation: enabled

Compilation events (10 events):
Event: 0.040 Thread 0x00007f1fb00c8000    9       3       java.util.Arrays::copyOfRange (63 bytes)
Event: 0.041 Thread 0x00007f1fb00c8000 nmethod 9 0x00007f1fa110c010 code [0x00007f1fa110c220, 0x00007f1fa110cd38]
Event: 0.041 Thread 0x00007f1fb00c8000   12       1       java.lang.ref.Reference::get (5 bytes)
Event: 0.041 Thread 0x00007f1fb00c8000 nmethod 12 0x00007f1fa110bd50 code [0x00007f1fa110bea0, 0x00007f1fa110bfb0]
Event: 0.041 Thread 0x00007f1fb00c8000   11       3       java.lang.String::<init> (82 bytes)
Event: 0.041 Thread 0x00007f1fb00c8000 nmethod 11 0x00007f1fa1101110 code [0x00007f1fa11012e0, 0x00007f1fa11017b8]
Event: 0.041 Thread 0x00007f1fb00c8000   13       1       java.lang.ThreadLocal::access$400 (5 bytes)
Event: 0.041 Thread 0x00007f1fb00c8000 nmethod 13 0x00007f1fa110d290 code [0x00007f1fa110d3e0, 0x00007f1fa110d4d0]
Event: 0.042 Thread 0x00007f1fb00c8000   14       3       java.lang.String::getChars (62 bytes)
Event: 0.042 Thread 0x00007f1fb00c8000 nmethod 14 0x00007f1fa110db50 code [0x00007f1fa110dd00, 0x00007f1fa110e138]

GC Heap History (0 events):
No events

Deoptimization events (0 events):
No events

Internal exceptions (2 events):
Event: 0.019 Thread 0x00007f1fb0009800 Exception <a 'java/lang/NoSuchMethodError': Method sun.misc.Unsafe.defineClass(Ljava/lang/String;[BII)Ljava/lang/Class; name or signature does not match> (0x00000000d6e07cc0) thrown at [/HUDSON/workspace/8-2-build-linux-amd64/jdk8u91/6644/hotspot/src/shar
Event: 0.019 Thread 0x00007f1fb0009800 Exception <a 'java/lang/NoSuchMethodError': Method sun.misc.Unsafe.prefetchRead(Ljava/lang/Object;J)V name or signature does not match> (0x00000000d6e07fa8) thrown at [/HUDSON/workspace/8-2-build-linux-amd64/jdk8u91/6644/hotspot/src/share/vm/prims/jni.cpp

Events (10 events):
Event: 0.043 loading class java/lang/Void
Event: 0.043 loading class java/lang/Void done
Event: 0.043 loading class Servidor
Event: 0.043 loading class Servidor done
Event: 0.044 loading class java/io/IOException
Event: 0.044 loading class java/io/IOException done
Event: 0.044 loading class java/util/concurrent/ConcurrentHashMap$ForwardingNode
Event: 0.044 loading class java/util/concurrent/ConcurrentHashMap$ForwardingNode done
Event: 0.044 loading class java/lang/ClassLoaderHelper
Event: 0.044 loading class java/lang/ClassLoaderHelper done


Dynamic libraries:
00400000-00401000 r-xp 00000000 08:08 11278465                           /usr/lib/jvm/java-8-oracle/jre/bin/java
00600000-00601000 rw-p 00000000 08:08 11278465                           /usr/lib/jvm/java-8-oracle/jre/bin/java
02140000-02161000 rw-p 00000000 00:00 0                                  [heap]
400b4000-400d4000 rw-p 00000000 00:00 0 
402bf000-402df000 rw-p 00000000 00:00 0 
4033d000-4035d000 rw-p 00000000 00:00 0 
403ad000-403cd000 rw-p 00000000 00:00 0 
406dd000-406fd000 rw-p 00000000 00:00 0 
409ed000-40a0d000 rw-p 00000000 00:00 0 
40a23000-40a43000 rw-p 00000000 00:00 0 
40a8f000-40aaf000 rw-p 00000000 00:00 0 
40e06000-40e26000 rw-p 00000000 00:00 0 
40e59000-40e79000 rw-p 00000000 00:00 0 
4106a000-4108a000 rw-p 00000000 00:00 0 
410af000-410cf000 rw-p 00000000 00:00 0 
410dc000-410fc000 rw-p 00000000 00:00 0 
41290000-412b0000 rw-p 00000000 00:00 0 
4131f000-4133f000 rw-p 00000000 00:00 0 
4134d000-4136d000 rw-p 00000000 00:00 0 
415bb000-415db000 rw-p 00000000 00:00 0 
415e6000-41606000 rw-p 00000000 00:00 0 
41648000-41668000 rw-p 00000000 00:00 0 
41703000-41743000 rw-p 00000000 00:00 0 
417ba000-417da000 rw-p 00000000 00:00 0 
418cd000-418ed000 rw-p 00000000 00:00 0 
41b02000-41b22000 rw-p 00000000 00:00 0 
41c8f000-41ccf000 rw-p 00000000 00:00 0 
84a00000-89d00000 rw-p 00000000 00:00 0 
89d00000-d6e00000 ---p 00000000 00:00 0 
d6e00000-d9700000 rw-p 00000000 00:00 0 
d9700000-100000000 ---p 00000000 00:00 0 
100000000-100080000 rw-p 00000000 00:00 0 
100080000-140000000 ---p 00000000 00:00 0 
7f1f37056000-7f1f37057000 ---p 00000000 00:00 0 
7f1f37057000-7f1f37857000 rw-p 00000000 00:00 0 
7f1f37857000-7f1f37858000 ---p 00000000 00:00 0 
7f1f37858000-7f1f38058000 rw-p 00000000 00:00 0 
7f1f38058000-7f1f38059000 ---p 00000000 00:00 0 
7f1f38059000-7f1f38859000 rw-p 00000000 00:00 0 
7f1f38859000-7f1f3885a000 ---p 00000000 00:00 0 
7f1f3885a000-7f1f3905a000 rw-p 00000000 00:00 0 
7f1f3905a000-7f1f3905b000 ---p 00000000 00:00 0 
7f1f3905b000-7f1f3985b000 rw-p 00000000 00:00 0 
7f1f3985b000-7f1f3985c000 ---p 00000000 00:00 0 
7f1f3985c000-7f1f3a05c000 rw-p 00000000 00:00 0 
7f1f3a05c000-7f1f3a05d000 ---p 00000000 00:00 0 
7f1f3a05d000-7f1f3a85d000 rw-p 00000000 00:00 0 
7f1f3a85d000-7f1f3a8b4000 r-xp 00000000 08:08 8932234                    /usr/lib/x86_64-linux-gnu/libjpeg.so.8.0.2
7f1f3a8b4000-7f1f3aab4000 ---p 00057000 08:08 8932234                    /usr/lib/x86_64-linux-gnu/libjpeg.so.8.0.2
7f1f3aab4000-7f1f3aab5000 r--p 00057000 08:08 8932234                    /usr/lib/x86_64-linux-gnu/libjpeg.so.8.0.2
7f1f3aab5000-7f1f3aab6000 rw-p 00058000 08:08 8932234                    /usr/lib/x86_64-linux-gnu/libjpeg.so.8.0.2
7f1f3aab6000-7f1f3aabf000 r-xp 00000000 08:08 2770212                    /home/alberto/torch/install/lib/lua/5.1/libjpeg.so
7f1f3aabf000-7f1f3acbf000 ---p 00009000 08:08 2770212                    /home/alberto/torch/install/lib/lua/5.1/libjpeg.so
7f1f3acbf000-7f1f3acc0000 r--p 00009000 08:08 2770212                    /home/alberto/torch/install/lib/lua/5.1/libjpeg.so
7f1f3acc0000-7f1f3acc1000 rw-p 0000a000 08:08 2770212                    /home/alberto/torch/install/lib/lua/5.1/libjpeg.so
7f1f3acc1000-7f1f3acda000 r-xp 00000000 08:08 17957164                   /lib/x86_64-linux-gnu/libz.so.1.2.8
7f1f3acda000-7f1f3aed9000 ---p 00019000 08:08 17957164                   /lib/x86_64-linux-gnu/libz.so.1.2.8
7f1f3aed9000-7f1f3aeda000 r--p 00018000 08:08 17957164                   /lib/x86_64-linux-gnu/libz.so.1.2.8
7f1f3aeda000-7f1f3aedb000 rw-p 00019000 08:08 17957164                   /lib/x86_64-linux-gnu/libz.so.1.2.8
7f1f3aedb000-7f1f3aeff000 r-xp 00000000 08:08 17956943                   /lib/x86_64-linux-gnu/libpng12.so.0.54.0
7f1f3aeff000-7f1f3b0fe000 ---p 00024000 08:08 17956943                   /lib/x86_64-linux-gnu/libpng12.so.0.54.0
7f1f3b0fe000-7f1f3b0ff000 r--p 00023000 08:08 17956943                   /lib/x86_64-linux-gnu/libpng12.so.0.54.0
7f1f3b0ff000-7f1f3b100000 rw-p 00024000 08:08 17956943                   /lib/x86_64-linux-gnu/libpng12.so.0.54.0
7f1f3b100000-7f1f3b109000 r-xp 00000000 08:08 2762756                    /home/alberto/torch/install/lib/lua/5.1/libpng.so
7f1f3b109000-7f1f3b308000 ---p 00009000 08:08 2762756                    /home/alberto/torch/install/lib/lua/5.1/libpng.so
7f1f3b308000-7f1f3b309000 r--p 00008000 08:08 2762756                    /home/alberto/torch/install/lib/lua/5.1/libpng.so
7f1f3b309000-7f1f3b30a000 rw-p 00009000 08:08 2762756                    /home/alberto/torch/install/lib/lua/5.1/libpng.so
7f1f3b30a000-7f1f3e000000 rw-p 00000000 00:00 0 
7f1f3e000000-7f1f4c000000 rw-p 00000000 00:00 0 
7f1f4c000000-7f1f4c021000 rw-p 00000000 00:00 0 
7f1f4c021000-7f1f50000000 ---p 00000000 00:00 0 
7f1f500ba000-7f1f5019c000 rw-p 00000000 00:00 0 
7f1f5019c000-7f1f501f1000 r-xp 00000000 08:08 2770136                    /home/alberto/torch/install/lib/lua/5.1/libimage.so
7f1f501f1000-7f1f503f1000 ---p 00055000 08:08 2770136                    /home/alberto/torch/install/lib/lua/5.1/libimage.so
7f1f503f1000-7f1f503f2000 r--p 00055000 08:08 2770136                    /home/alberto/torch/install/lib/lua/5.1/libimage.so
7f1f503f2000-7f1f503f3000 rw-p 00056000 08:08 2770136                    /home/alberto/torch/install/lib/lua/5.1/libimage.so
7f1f503f3000-7f1f50400000 r-xp 00000000 08:08 2769412                    /home/alberto/torch/install/lib/lua/5.1/libsundown.so
7f1f50400000-7f1f50600000 ---p 0000d000 08:08 2769412                    /home/alberto/torch/install/lib/lua/5.1/libsundown.so
7f1f50600000-7f1f50601000 r--p 0000d000 08:08 2769412                    /home/alberto/torch/install/lib/lua/5.1/libsundown.so
7f1f50601000-7f1f50602000 rw-p 0000e000 08:08 2769412                    /home/alberto/torch/install/lib/lua/5.1/libsundown.so
7f1f50602000-7f1f50617000 r-xp 00000000 08:08 2771027                    /home/alberto/torch/install/lib/lua/5.1/libnnx.so
7f1f50617000-7f1f50817000 ---p 00015000 08:08 2771027                    /home/alberto/torch/install/lib/lua/5.1/libnnx.so
7f1f50817000-7f1f50818000 r--p 00015000 08:08 2771027                    /home/alberto/torch/install/lib/lua/5.1/libnnx.so
7f1f50818000-7f1f50819000 rw-p 00016000 08:08 2771027                    /home/alberto/torch/install/lib/lua/5.1/libnnx.so
7f1f50819000-7f1f5081a000 r-xp 00000000 08:08 2769744                    /home/alberto/torch/install/lib/lua/5.1/libsys.so
7f1f5081a000-7f1f50a19000 ---p 00001000 08:08 2769744                    /home/alberto/torch/install/lib/lua/5.1/libsys.so
7f1f50a19000-7f1f50a1a000 r--p 00000000 08:08 2769744                    /home/alberto/torch/install/lib/lua/5.1/libsys.so
7f1f50a1a000-7f1f50a1b000 rw-p 00001000 08:08 2769744                    /home/alberto/torch/install/lib/lua/5.1/libsys.so
7f1f50a1b000-7f1f50aee000 r-xp 00000000 08:08 2769867                    /home/alberto/torch/install/lib/lua/5.1/libTHNN.so
7f1f50aee000-7f1f50ced000 ---p 000d3000 08:08 2769867                    /home/alberto/torch/install/lib/lua/5.1/libTHNN.so
7f1f50ced000-7f1f50cee000 r--p 000d2000 08:08 2769867                    /home/alberto/torch/install/lib/lua/5.1/libTHNN.so
7f1f50cee000-7f1f50cef000 rw-p 000d3000 08:08 2769867                    /home/alberto/torch/install/lib/lua/5.1/libTHNN.so
7f1f50cef000-7f1f50e66000 r-xp 00000000 08:08 2769559                    /home/alberto/torch/install/lib/lua/5.1/libtorch.so
7f1f50e66000-7f1f51065000 ---p 00177000 08:08 2769559                    /home/alberto/torch/install/lib/lua/5.1/libtorch.so
7f1f51065000-7f1f5106e000 r--p 00176000 08:08 2769559                    /home/alberto/torch/install/lib/lua/5.1/libtorch.so
7f1f5106e000-7f1f51072000 rw-p 0017f000 08:08 2769559                    /home/alberto/torch/install/lib/lua/5.1/libtorch.so
7f1f51072000-7f1f53072000 rw-p 00000000 00:00 0 
7f1f53072000-7f1f53d98000 r-xp 00000000 08:08 6309223                    /opt/OpenBLAS/lib/libopenblas_haswellp-r0.2.20.dev.so
7f1f53d98000-7f1f53f97000 ---p 00d26000 08:08 6309223                    /opt/OpenBLAS/lib/libopenblas_haswellp-r0.2.20.dev.so
7f1f53f97000-7f1f53f9d000 r--p 00d25000 08:08 6309223                    /opt/OpenBLAS/lib/libopenblas_haswellp-r0.2.20.dev.so
7f1f53f9d000-7f1f53fa7000 rw-p 00d2b000 08:08 6309223                    /opt/OpenBLAS/lib/libopenblas_haswellp-r0.2.20.dev.so
7f1f53fa7000-7f1f54000000 rw-p 00000000 00:00 0 
7f1f54000000-7f1f5402d000 rw-p 00000000 00:00 0 
7f1f5402d000-7f1f58000000 ---p 00000000 00:00 0 
7f1f58000000-7f1f58021000 rw-p 00000000 00:00 0 
7f1f58021000-7f1f5c000000 ---p 00000000 00:00 0 
7f1f5c000000-7f1f5c021000 rw-p 00000000 00:00 0 
7f1f5c021000-7f1f60000000 ---p 00000000 00:00 0 
7f1f60000000-7f1f60021000 rw-p 00000000 00:00 0 
7f1f60021000-7f1f64000000 ---p 00000000 00:00 0 
7f1f64000000-7f1f64021000 rw-p 00000000 00:00 0 
7f1f64021000-7f1f68000000 ---p 00000000 00:00 0 
7f1f68000000-7f1f6804e000 rw-p 00000000 00:00 0 
7f1f6804e000-7f1f6c000000 ---p 00000000 00:00 0 
7f1f6c000000-7f1f6c021000 rw-p 00000000 00:00 0 
7f1f6c021000-7f1f70000000 ---p 00000000 00:00 0 
7f1f70000000-7f1f70021000 rw-p 00000000 00:00 0 
7f1f70021000-7f1f74000000 ---p 00000000 00:00 0 
7f1f74000000-7f1f74021000 rw-p 00000000 00:00 0 
7f1f74021000-7f1f78000000 ---p 00000000 00:00 0 
7f1f78004000-7f1f7803e000 rw-p 00000000 00:00 0 
7f1f7803e000-7f1f78042000 r-xp 00000000 08:08 2769448                    /home/alberto/torch/install/lib/lua/5.1/libpaths.so
7f1f78042000-7f1f78241000 ---p 00004000 08:08 2769448                    /home/alberto/torch/install/lib/lua/5.1/libpaths.so
7f1f78241000-7f1f78242000 r--p 00003000 08:08 2769448                    /home/alberto/torch/install/lib/lua/5.1/libpaths.so
7f1f78242000-7f1f78243000 rw-p 00004000 08:08 2769448                    /home/alberto/torch/install/lib/lua/5.1/libpaths.so
7f1f78243000-7f1f78281000 r-xp 00000000 08:08 8917176                    /usr/lib/x86_64-linux-gnu/libquadmath.so.0.0.0
7f1f78281000-7f1f78480000 ---p 0003e000 08:08 8917176                    /usr/lib/x86_64-linux-gnu/libquadmath.so.0.0.0
7f1f78480000-7f1f78481000 r--p 0003d000 08:08 8917176                    /usr/lib/x86_64-linux-gnu/libquadmath.so.0.0.0
7f1f78481000-7f1f78482000 rw-p 0003e000 08:08 8917176                    /usr/lib/x86_64-linux-gnu/libquadmath.so.0.0.0
7f1f78482000-7f1f785ab000 r-xp 00000000 08:08 8913010                    /usr/lib/x86_64-linux-gnu/libgfortran.so.3.0.0
7f1f785ab000-7f1f787aa000 ---p 00129000 08:08 8913010                    /usr/lib/x86_64-linux-gnu/libgfortran.so.3.0.0
7f1f787aa000-7f1f787ab000 r--p 00128000 08:08 8913010                    /usr/lib/x86_64-linux-gnu/libgfortran.so.3.0.0
7f1f787ab000-7f1f787ad000 rw-p 00129000 08:08 8913010                    /usr/lib/x86_64-linux-gnu/libgfortran.so.3.0.0
7f1f787ad000-7f1f787ce000 r-xp 00000000 08:08 8923087                    /usr/lib/x86_64-linux-gnu/libgomp.so.1.0.0
7f1f787ce000-7f1f789cd000 ---p 00021000 08:08 8923087                    /usr/lib/x86_64-linux-gnu/libgomp.so.1.0.0
7f1f789cd000-7f1f789ce000 r--p 00020000 08:08 8923087                    /usr/lib/x86_64-linux-gnu/libgomp.so.1.0.0
7f1f789ce000-7f1f789cf000 rw-p 00021000 08:08 8923087                    /usr/lib/x86_64-linux-gnu/libgomp.so.1.0.0
7f1f789cf000-7f1f789e5000 r-xp 00000000 08:08 17960833                   /lib/x86_64-linux-gnu/libgcc_s.so.1
7f1f789e5000-7f1f78be4000 ---p 00016000 08:08 17960833                   /lib/x86_64-linux-gnu/libgcc_s.so.1
7f1f78be4000-7f1f78be5000 rw-p 00015000 08:08 17960833                   /lib/x86_64-linux-gnu/libgcc_s.so.1
7f1f78be5000-7f1f78e81000 r-xp 00000000 08:08 2769611                    /home/alberto/torch/install/lib/libTH.so.0
7f1f78e81000-7f1f79080000 ---p 0029c000 08:08 2769611                    /home/alberto/torch/install/lib/libTH.so.0
7f1f79080000-7f1f79081000 r--p 0029b000 08:08 2769611                    /home/alberto/torch/install/lib/libTH.so.0
7f1f79081000-7f1f79083000 rw-p 0029c000 08:08 2769611                    /home/alberto/torch/install/lib/libTH.so.0
7f1f79083000-7f1f7908c000 r-xp 00000000 08:08 2769671                    /home/alberto/torch/install/lib/libluaT.so.0
7f1f7908c000-7f1f7928b000 ---p 00009000 08:08 2769671                    /home/alberto/torch/install/lib/libluaT.so.0
7f1f7928b000-7f1f7928c000 r--p 00008000 08:08 2769671                    /home/alberto/torch/install/lib/libluaT.so.0
7f1f7928c000-7f1f7928d000 rw-p 00009000 08:08 2769671                    /home/alberto/torch/install/lib/libluaT.so.0
7f1f7928d000-7f1f7931d000 r-xp 00000000 08:08 2768624                    /home/alberto/torch/install/lib/libluajit.so
7f1f7931d000-7f1f7951d000 ---p 00090000 08:08 2768624                    /home/alberto/torch/install/lib/libluajit.so
7f1f7951d000-7f1f7951f000 r--p 00090000 08:08 2768624                    /home/alberto/torch/install/lib/libluajit.so
7f1f7951f000-7f1f79520000 rw-p 00092000 08:08 2768624                    /home/alberto/torch/install/lib/libluajit.so
7f1f79520000-7f1f79692000 r-xp 00000000 08:08 8914155                    /usr/lib/x86_64-linux-gnu/libstdc++.so.6.0.21
7f1f79692000-7f1f79892000 ---p 00172000 08:08 8914155                    /usr/lib/x86_64-linux-gnu/libstdc++.so.6.0.21
7f1f79892000-7f1f7989c000 r--p 00172000 08:08 8914155                    /usr/lib/x86_64-linux-gnu/libstdc++.so.6.0.21
7f1f7989c000-7f1f7989e000 rw-p 0017c000 08:08 8914155                    /usr/lib/x86_64-linux-gnu/libstdc++.so.6.0.21
7f1f7989e000-7f1f798a2000 rw-p 00000000 00:00 0 
7f1f798d2000-7f1f798d4000 r-xp 00000000 08:08 2621694                    /home/alberto/Desktop/servidor/libcluaf.so
7f1f798d4000-7f1f79ad3000 ---p 00002000 08:08 2621694                    /home/alberto/Desktop/servidor/libcluaf.so
7f1f79ad3000-7f1f79ad4000 r--p 00001000 08:08 2621694                    /home/alberto/Desktop/servidor/libcluaf.so
7f1f79ad4000-7f1f79ad5000 rw-p 00002000 08:08 2621694                    /home/alberto/Desktop/servidor/libcluaf.so
7f1f79ad5000-7f1f79ad6000 r-xp 00000000 08:08 2621717                    /home/alberto/Desktop/servidor/libTorchMain.so
7f1f79ad6000-7f1f79cd6000 ---p 00001000 08:08 2621717                    /home/alberto/Desktop/servidor/libTorchMain.so
7f1f79cd6000-7f1f79cd7000 r--p 00001000 08:08 2621717                    /home/alberto/Desktop/servidor/libTorchMain.so
7f1f79cd7000-7f1f79cd8000 rw-p 00002000 08:08 2621717                    /home/alberto/Desktop/servidor/libTorchMain.so
7f1f79cd8000-7f1f79cd9000 ---p 00000000 00:00 0 
7f1f79cd9000-7f1f79dd9000 rw-p 00000000 00:00 0 
7f1f79dd9000-7f1f79ddc000 ---p 00000000 00:00 0 
7f1f79ddc000-7f1f79eda000 rw-p 00000000 00:00 0 
7f1f79eda000-7f1f79edd000 ---p 00000000 00:00 0 
7f1f79edd000-7f1f79fdb000 rw-p 00000000 00:00 0 
7f1f79fdb000-7f1f79fde000 ---p 00000000 00:00 0 
7f1f79fde000-7f1f7a0dc000 rw-p 00000000 00:00 0 
7f1f7a0dc000-7f1f7a0df000 ---p 00000000 00:00 0 
7f1f7a0df000-7f1f7a1dd000 rw-p 00000000 00:00 0 
7f1f7a1dd000-7f1f7a1e0000 ---p 00000000 00:00 0 
7f1f7a1e0000-7f1f7a2de000 rw-p 00000000 00:00 0 
7f1f7a2de000-7f1f7a2e1000 ---p 00000000 00:00 0 
7f1f7a2e1000-7f1f7a3df000 rw-p 00000000 00:00 0 
7f1f7a3df000-7f1f7a7e8000 r--p 00000000 08:08 8919864                    /usr/lib/locale/locale-archive
7f1f7a7e8000-7f1f7a7eb000 ---p 00000000 00:00 0 
7f1f7a7eb000-7f1f7a8e9000 rw-p 00000000 00:00 0 
7f1f7a8e9000-7f1f7a8ec000 ---p 00000000 00:00 0 
7f1f7a8ec000-7f1f7a9ea000 rw-p 00000000 00:00 0 
7f1f7a9ea000-7f1f7a9eb000 ---p 00000000 00:00 0 
7f1f7a9eb000-7f1f7c000000 rw-p 00000000 00:00 0 
7f1f7c000000-7f1f7c021000 rw-p 00000000 00:00 0 
7f1f7c021000-7f1f80000000 ---p 00000000 00:00 0 
7f1f80000000-7f1f80021000 rw-p 00000000 00:00 0 
7f1f80021000-7f1f84000000 ---p 00000000 00:00 0 
7f1f84000000-7f1f84021000 rw-p 00000000 00:00 0 
7f1f84021000-7f1f88000000 ---p 00000000 00:00 0 
7f1f88000000-7f1f88021000 rw-p 00000000 00:00 0 
7f1f88021000-7f1f8c000000 ---p 00000000 00:00 0 
7f1f8c000000-7f1f8c021000 rw-p 00000000 00:00 0 
7f1f8c021000-7f1f90000000 ---p 00000000 00:00 0 
7f1f90005000-7f1f94000000 rw-p 00000000 00:00 0 
7f1f94000000-7f1f94021000 rw-p 00000000 00:00 0 
7f1f94021000-7f1f98000000 ---p 00000000 00:00 0 
7f1f98000000-7f1f98021000 rw-p 00000000 00:00 0 
7f1f98021000-7f1f9c000000 ---p 00000000 00:00 0 
7f1f9c000000-7f1f9c021000 rw-p 00000000 00:00 0 
7f1f9c021000-7f1fa0000000 ---p 00000000 00:00 0 
7f1fa0000000-7f1fa0865000 rw-p 00000000 00:00 0 
7f1fa0865000-7f1fa0c25000 ---p 00000000 00:00 0 
7f1fa0c25000-7f1fa1000000 rw-p 00000000 00:00 0 
7f1fa1000000-7f1fa1270000 rwxp 00000000 00:00 0 
7f1fa1270000-7f1fb0000000 ---p 00000000 00:00 0 
7f1fb0000000-7f1fb0279000 rw-p 00000000 00:00 0 
7f1fb0279000-7f1fb4000000 ---p 00000000 00:00 0 
7f1fb400b000-7f1fb4120000 rw-p 00000000 00:00 0 
7f1fb4120000-7f1fb42f9000 r--s 03d1f000 08:08 11281157                   /usr/lib/jvm/java-8-oracle/jre/lib/rt.jar
7f1fb42f9000-7f1fb436f000 rw-p 00000000 00:00 0 
7f1fb436f000-7f1fb4370000 ---p 00000000 00:00 0 
7f1fb4370000-7f1fb4470000 rw-p 00000000 00:00 0 
7f1fb4470000-7f1fb4471000 ---p 00000000 00:00 0 
7f1fb4471000-7f1fb4571000 rw-p 00000000 00:00 0 
7f1fb4571000-7f1fb4572000 ---p 00000000 00:00 0 
7f1fb4572000-7f1fb4672000 rw-p 00000000 00:00 0 
7f1fb4672000-7f1fb4673000 ---p 00000000 00:00 0 
7f1fb4673000-7f1fb4773000 rw-p 00000000 00:00 0 
7f1fb4773000-7f1fb4774000 ---p 00000000 00:00 0 
7f1fb4774000-7f1fb4874000 rw-p 00000000 00:00 0 
7f1fb4874000-7f1fb4875000 ---p 00000000 00:00 0 
7f1fb4875000-7f1fb4975000 rw-p 00000000 00:00 0 
7f1fb4975000-7f1fb4976000 ---p 00000000 00:00 0 
7f1fb4976000-7f1fb4a76000 rw-p 00000000 00:00 0 
7f1fb4a76000-7f1fb4a77000 ---p 00000000 00:00 0 
7f1fb4a77000-7f1fb4ba1000 rw-p 00000000 00:00 0 
7f1fb4ba1000-7f1fb4e09000 ---p 00000000 00:00 0 
7f1fb4e09000-7f1fb4e33000 rw-p 00000000 00:00 0 
7f1fb4e33000-7f1fb509b000 ---p 00000000 00:00 0 
7f1fb509b000-7f1fb50b0000 rw-p 00000000 00:00 0 
7f1fb50b0000-7f1fb51e4000 ---p 00000000 00:00 0 
7f1fb51e4000-7f1fb51ef000 rw-p 00000000 00:00 0 
7f1fb51ef000-7f1fb55a5000 ---p 00000000 00:00 0 
7f1fb55a5000-7f1fb55bf000 r-xp 00000000 08:08 11536453                   /usr/lib/jvm/java-8-oracle/jre/lib/amd64/libzip.so
7f1fb55bf000-7f1fb57bf000 ---p 0001a000 08:08 11536453                   /usr/lib/jvm/java-8-oracle/jre/lib/amd64/libzip.so
7f1fb57bf000-7f1fb57c0000 rw-p 0001a000 08:08 11536453                   /usr/lib/jvm/java-8-oracle/jre/lib/amd64/libzip.so
7f1fb57c0000-7f1fb57cb000 r-xp 00000000 08:08 17957127                   /lib/x86_64-linux-gnu/libnss_files-2.23.so
7f1fb57cb000-7f1fb59ca000 ---p 0000b000 08:08 17957127                   /lib/x86_64-linux-gnu/libnss_files-2.23.so
7f1fb59ca000-7f1fb59cb000 r--p 0000a000 08:08 17957127                   /lib/x86_64-linux-gnu/libnss_files-2.23.so
7f1fb59cb000-7f1fb59cc000 rw-p 0000b000 08:08 17957127                   /lib/x86_64-linux-gnu/libnss_files-2.23.so
7f1fb59cc000-7f1fb59d2000 rw-p 00000000 00:00 0 
7f1fb59d2000-7f1fb59dd000 r-xp 00000000 08:08 17957133                   /lib/x86_64-linux-gnu/libnss_nis-2.23.so
7f1fb59dd000-7f1fb5bdc000 ---p 0000b000 08:08 17957133                   /lib/x86_64-linux-gnu/libnss_nis-2.23.so
7f1fb5bdc000-7f1fb5bdd000 r--p 0000a000 08:08 17957133                   /lib/x86_64-linux-gnu/libnss_nis-2.23.so
7f1fb5bdd000-7f1fb5bde000 rw-p 0000b000 08:08 17957133                   /lib/x86_64-linux-gnu/libnss_nis-2.23.so
7f1fb5bde000-7f1fb5bf4000 r-xp 00000000 08:08 17957119                   /lib/x86_64-linux-gnu/libnsl-2.23.so
7f1fb5bf4000-7f1fb5df3000 ---p 00016000 08:08 17957119                   /lib/x86_64-linux-gnu/libnsl-2.23.so
7f1fb5df3000-7f1fb5df4000 r--p 00015000 08:08 17957119                   /lib/x86_64-linux-gnu/libnsl-2.23.so
7f1fb5df4000-7f1fb5df5000 rw-p 00016000 08:08 17957119                   /lib/x86_64-linux-gnu/libnsl-2.23.so
7f1fb5df5000-7f1fb5df7000 rw-p 00000000 00:00 0 
7f1fb5df7000-7f1fb5dff000 r-xp 00000000 08:08 17957145                   /lib/x86_64-linux-gnu/libnss_compat-2.23.so
7f1fb5dff000-7f1fb5ffe000 ---p 00008000 08:08 17957145                   /lib/x86_64-linux-gnu/libnss_compat-2.23.so
7f1fb5ffe000-7f1fb5fff000 r--p 00007000 08:08 17957145                   /lib/x86_64-linux-gnu/libnss_compat-2.23.so
7f1fb5fff000-7f1fb6000000 rw-p 00008000 08:08 17957145                   /lib/x86_64-linux-gnu/libnss_compat-2.23.so
7f1fb6000000-7f1fb602a000 r-xp 00000000 08:08 11536479                   /usr/lib/jvm/java-8-oracle/jre/lib/amd64/libjava.so
7f1fb602a000-7f1fb622a000 ---p 0002a000 08:08 11536479                   /usr/lib/jvm/java-8-oracle/jre/lib/amd64/libjava.so
7f1fb622a000-7f1fb622c000 rw-p 0002a000 08:08 11536479                   /usr/lib/jvm/java-8-oracle/jre/lib/amd64/libjava.so
7f1fb622c000-7f1fb6239000 r-xp 00000000 08:08 11536457                   /usr/lib/jvm/java-8-oracle/jre/lib/amd64/libverify.so
7f1fb6239000-7f1fb6439000 ---p 0000d000 08:08 11536457                   /usr/lib/jvm/java-8-oracle/jre/lib/amd64/libverify.so
7f1fb6439000-7f1fb643b000 rw-p 0000d000 08:08 11536457                   /usr/lib/jvm/java-8-oracle/jre/lib/amd64/libverify.so
7f1fb643b000-7f1fb6442000 r-xp 00000000 08:08 17957137                   /lib/x86_64-linux-gnu/librt-2.23.so
7f1fb6442000-7f1fb6641000 ---p 00007000 08:08 17957137                   /lib/x86_64-linux-gnu/librt-2.23.so
7f1fb6641000-7f1fb6642000 r--p 00006000 08:08 17957137                   /lib/x86_64-linux-gnu/librt-2.23.so
7f1fb6642000-7f1fb6643000 rw-p 00007000 08:08 17957137                   /lib/x86_64-linux-gnu/librt-2.23.so
7f1fb6643000-7f1fb674b000 r-xp 00000000 08:08 17957155                   /lib/x86_64-linux-gnu/libm-2.23.so
7f1fb674b000-7f1fb694a000 ---p 00108000 08:08 17957155                   /lib/x86_64-linux-gnu/libm-2.23.so
7f1fb694a000-7f1fb694b000 r--p 00107000 08:08 17957155                   /lib/x86_64-linux-gnu/libm-2.23.so
7f1fb694b000-7f1fb694c000 rw-p 00108000 08:08 17957155                   /lib/x86_64-linux-gnu/libm-2.23.so
7f1fb694c000-7f1fb760c000 r-xp 00000000 08:08 11536488                   /usr/lib/jvm/java-8-oracle/jre/lib/amd64/server/libjvm.so
7f1fb760c000-7f1fb780c000 ---p 00cc0000 08:08 11536488                   /usr/lib/jvm/java-8-oracle/jre/lib/amd64/server/libjvm.so
7f1fb780c000-7f1fb78e4000 rw-p 00cc0000 08:08 11536488                   /usr/lib/jvm/java-8-oracle/jre/lib/amd64/server/libjvm.so
7f1fb78e4000-7f1fb792f000 rw-p 00000000 00:00 0 
7f1fb792f000-7f1fb7aef000 r-xp 00000000 08:08 17957162                   /lib/x86_64-linux-gnu/libc-2.23.so
7f1fb7aef000-7f1fb7cef000 ---p 001c0000 08:08 17957162                   /lib/x86_64-linux-gnu/libc-2.23.so
7f1fb7cef000-7f1fb7cf3000 r--p 001c0000 08:08 17957162                   /lib/x86_64-linux-gnu/libc-2.23.so
7f1fb7cf3000-7f1fb7cf5000 rw-p 001c4000 08:08 17957162                   /lib/x86_64-linux-gnu/libc-2.23.so
7f1fb7cf5000-7f1fb7cf9000 rw-p 00000000 00:00 0 
7f1fb7cf9000-7f1fb7cfc000 r-xp 00000000 08:08 17957143                   /lib/x86_64-linux-gnu/libdl-2.23.so
7f1fb7cfc000-7f1fb7efb000 ---p 00003000 08:08 17957143                   /lib/x86_64-linux-gnu/libdl-2.23.so
7f1fb7efb000-7f1fb7efc000 r--p 00002000 08:08 17957143                   /lib/x86_64-linux-gnu/libdl-2.23.so
7f1fb7efc000-7f1fb7efd000 rw-p 00003000 08:08 17957143                   /lib/x86_64-linux-gnu/libdl-2.23.so
7f1fb7efd000-7f1fb7f12000 r-xp 00000000 08:08 11536451                   /usr/lib/jvm/java-8-oracle/jre/lib/amd64/jli/libjli.so
7f1fb7f12000-7f1fb8112000 ---p 00015000 08:08 11536451                   /usr/lib/jvm/java-8-oracle/jre/lib/amd64/jli/libjli.so
7f1fb8112000-7f1fb8113000 rw-p 00015000 08:08 11536451                   /usr/lib/jvm/java-8-oracle/jre/lib/amd64/jli/libjli.so
7f1fb8113000-7f1fb812b000 r-xp 00000000 08:08 17957131                   /lib/x86_64-linux-gnu/libpthread-2.23.so
7f1fb812b000-7f1fb832a000 ---p 00018000 08:08 17957131                   /lib/x86_64-linux-gnu/libpthread-2.23.so
7f1fb832a000-7f1fb832b000 r--p 00017000 08:08 17957131                   /lib/x86_64-linux-gnu/libpthread-2.23.so
7f1fb832b000-7f1fb832c000 rw-p 00018000 08:08 17957131                   /lib/x86_64-linux-gnu/libpthread-2.23.so
7f1fb832c000-7f1fb8330000 rw-p 00000000 00:00 0 
7f1fb8330000-7f1fb8356000 r-xp 00000000 08:08 17957121                   /lib/x86_64-linux-gnu/ld-2.23.so
7f1fb8364000-7f1fb8374000 r-xp 00000000 00:00 0 
7f1fb8374000-7f1fb841e000 rw-p 00000000 00:00 0 
7f1fb841e000-7f1fb8421000 ---p 00000000 00:00 0 
7f1fb8421000-7f1fb8523000 rw-p 00000000 00:00 0 
7f1fb8528000-7f1fb8549000 rw-p 00000000 00:00 0 
7f1fb8549000-7f1fb8551000 rw-s 00000000 08:08 16122677                   /tmp/hsperfdata_alberto/7891
7f1fb8551000-7f1fb8552000 rw-p 00000000 00:00 0 
7f1fb8552000-7f1fb8553000 r--p 00000000 00:00 0 
7f1fb8553000-7f1fb8555000 rw-p 00000000 00:00 0 
7f1fb8555000-7f1fb8556000 r--p 00025000 08:08 17957121                   /lib/x86_64-linux-gnu/ld-2.23.so
7f1fb8556000-7f1fb8557000 rw-p 00026000 08:08 17957121                   /lib/x86_64-linux-gnu/ld-2.23.so
7f1fb8557000-7f1fb8558000 rw-p 00000000 00:00 0 
7ffe14134000-7ffe14156000 rw-p 00000000 00:00 0                          [stack]
7ffe14191000-7ffe14193000 r--p 00000000 00:00 0                          [vvar]
7ffe14193000-7ffe14195000 r-xp 00000000 00:00 0                          [vdso]
ffffffffff600000-ffffffffff601000 r-xp 00000000 00:00 0                  [vsyscall]

VM Arguments:
java_command: Main
java_class_path (initial): .
Launcher Type: SUN_STANDARD

Environment Variables:
PATH=/home/alberto/torch/install/bin:/home/alberto/torch/install/bin:/usr/local/cuda-8.0/bin:/home/alberto/torch/install/bin:/home/alberto/torch/install/bin:/home/alberto/torch/install/bin:/usr/local/sbin:/usr/local/bin:/usr/sbin:/usr/bin:/sbin:/bin:/usr/games:/usr/local/games:/snap/bin
LD_LIBRARY_PATH=/home/alberto/torch/install/lib:/home/alberto/torch/install/lib:/usr/local/cuda-8.0/lib64:/home/alberto/torch/install/lib:/home/alberto/torch/install/lib:/home/alberto/torch/install/lib:
SHELL=/bin/bash
DISPLAY=:0
DYLD_LIBRARY_PATH=/home/alberto/torch/install/lib:/home/alberto/torch/install/lib:/home/alberto/torch/install/lib:/home/alberto/torch/install/lib:/home/alberto/torch/install/lib:

Signal Handlers:
SIGSEGV: [libjvm.so+0xabca10], sa_mask[0]=11111111011111111101111111111110, sa_flags=SA_RESTART|SA_SIGINFO
SIGBUS: [libjvm.so+0xabca10], sa_mask[0]=11111111011111111101111111111110, sa_flags=SA_RESTART|SA_SIGINFO
SIGFPE: [libjvm.so+0x919a20], sa_mask[0]=11111111011111111101111111111110, sa_flags=SA_RESTART|SA_SIGINFO
SIGPIPE: [libjvm.so+0x919a20], sa_mask[0]=11111111011111111101111111111110, sa_flags=SA_RESTART|SA_SIGINFO
SIGXFSZ: [libjvm.so+0x919a20], sa_mask[0]=11111111011111111101111111111110, sa_flags=SA_RESTART|SA_SIGINFO
SIGILL: [libjvm.so+0x919a20], sa_mask[0]=11111111011111111101111111111110, sa_flags=SA_RESTART|SA_SIGINFO
SIGUSR1: SIG_DFL, sa_mask[0]=00000000000000000000000000000000, sa_flags=none
SIGUSR2: [libjvm.so+0x91b050], sa_mask[0]=00000000000000000000000000000000, sa_flags=SA_RESTART|SA_SIGINFO
SIGHUP: [libjvm.so+0x91c450], sa_mask[0]=11111111011111111101111111111110, sa_flags=SA_RESTART|SA_SIGINFO
SIGINT: [libjvm.so+0x91c450], sa_mask[0]=11111111011111111101111111111110, sa_flags=SA_RESTART|SA_SIGINFO
SIGTERM: [libjvm.so+0x91c450], sa_mask[0]=11111111011111111101111111111110, sa_flags=SA_RESTART|SA_SIGINFO
SIGQUIT: [libjvm.so+0x91c450], sa_mask[0]=11111111011111111101111111111110, sa_flags=SA_RESTART|SA_SIGINFO


---------------  S Y S T E M  ---------------

OS:DISTRIB_ID=Ubuntu
DISTRIB_RELEASE=16.04
DISTRIB_CODENAME=xenial
DISTRIB_DESCRIPTION="Ubuntu 16.04.2 LTS"

uname:Linux 4.4.0-62-generic #83-Ubuntu SMP Wed Jan 18 14:10:15 UTC 2017 x86_64
libc:glibc 2.23 NPTL 2.23 
rlimit: STACK 8192k, CORE 0k, NPROC 31131, NOFILE 65536, AS infinity
load average:0.67 0.53 0.44

/proc/meminfo:
MemTotal:        8084940 kB
MemFree:         1907280 kB
MemAvailable:    4230588 kB
Buffers:          581976 kB
Cached:          2110408 kB
SwapCached:            0 kB
Active:          4441916 kB
Inactive:        1179352 kB
Active(anon):    2933308 kB
Inactive(anon):   427772 kB
Active(file):    1508608 kB
Inactive(file):   751580 kB
Unevictable:          32 kB
Mlocked:              32 kB
SwapTotal:       8298492 kB
SwapFree:        8298492 kB
Dirty:               340 kB
Writeback:          4952 kB
AnonPages:       2943896 kB
Mapped:           416104 kB
Shmem:            431956 kB
Slab:             416320 kB
SReclaimable:     371000 kB
SUnreclaim:        45320 kB
KernelStack:       11504 kB
PageTables:        38720 kB
NFS_Unstable:          0 kB
Bounce:                0 kB
WritebackTmp:          0 kB
CommitLimit:    12340960 kB
Committed_AS:    7844892 kB
VmallocTotal:   34359738367 kB
VmallocUsed:           0 kB
VmallocChunk:          0 kB
HardwareCorrupted:     0 kB
AnonHugePages:   1726464 kB
CmaTotal:              0 kB
CmaFree:               0 kB
HugePages_Total:       0
HugePages_Free:        0
HugePages_Rsvd:        0
HugePages_Surp:        0
Hugepagesize:       2048 kB
DirectMap4k:      146176 kB
DirectMap2M:     5007360 kB
DirectMap1G:     4194304 kB


CPU:total 8 (4 cores per cpu, 2 threads per core) family 6 model 60 stepping 3, cmov, cx8, fxsr, mmx, sse, sse2, sse3, ssse3, sse4.1, sse4.2, popcnt, avx, avx2, aes, clmul, erms, lzcnt, ht, tsc, tscinvbit, bmi1, bmi2

/proc/cpuinfo:
processor	: 0
vendor_id	: GenuineIntel
cpu family	: 6
model		: 60
model name	: Intel(R) Core(TM) i7-4710HQ CPU @ 2.50GHz
stepping	: 3
microcode	: 0x1e
cpu MHz		: 3175.195
cache size	: 6144 KB
physical id	: 0
siblings	: 8
core id		: 0
cpu cores	: 4
apicid		: 0
initial apicid	: 0
fpu		: yes
fpu_exception	: yes
cpuid level	: 13
wp		: yes
flags		: fpu vme de pse tsc msr pae mce cx8 apic sep mtrr pge mca cmov pat pse36 clflush dts acpi mmx fxsr sse sse2 ss ht tm pbe syscall nx pdpe1gb rdtscp lm constant_tsc arch_perfmon pebs bts rep_good nopl xtopology nonstop_tsc aperfmperf eagerfpu pni pclmulqdq dtes64 monitor ds_cpl vmx est tm2 ssse3 sdbg fma cx16 xtpr pdcm pcid sse4_1 sse4_2 x2apic movbe popcnt tsc_deadline_timer aes xsave avx f16c rdrand lahf_lm abm epb tpr_shadow vnmi flexpriority ept vpid fsgsbase tsc_adjust bmi1 avx2 smep bmi2 erms invpcid xsaveopt dtherm ida arat pln pts
bugs		:
bogomips	: 4988.88
clflush size	: 64
cache_alignment	: 64
address sizes	: 39 bits physical, 48 bits virtual
power management:

processor	: 1
vendor_id	: GenuineIntel
cpu family	: 6
model		: 60
model name	: Intel(R) Core(TM) i7-4710HQ CPU @ 2.50GHz
stepping	: 3
microcode	: 0x1e
cpu MHz		: 3277.734
cache size	: 6144 KB
physical id	: 0
siblings	: 8
core id		: 0
cpu cores	: 4
apicid		: 1
initial apicid	: 1
fpu		: yes
fpu_exception	: yes
cpuid level	: 13
wp		: yes
flags		: fpu vme de pse tsc msr pae mce cx8 apic sep mtrr pge mca cmov pat pse36 clflush dts acpi mmx fxsr sse sse2 ss ht tm pbe syscall nx pdpe1gb rdtscp lm constant_tsc arch_perfmon pebs bts rep_good nopl xtopology nonstop_tsc aperfmperf eagerfpu pni pclmulqdq dtes64 monitor ds_cpl vmx est tm2 ssse3 sdbg fma cx16 xtpr pdcm pcid sse4_1 sse4_2 x2apic movbe popcnt tsc_deadline_timer aes xsave avx f16c rdrand lahf_lm abm epb tpr_shadow vnmi flexpriority ept vpid fsgsbase tsc_adjust bmi1 avx2 smep bmi2 erms invpcid xsaveopt dtherm ida arat pln pts
bugs		:
bogomips	: 4988.88
clflush size	: 64
cache_alignment	: 64
address sizes	: 39 bits physical, 48 bits virtual
power management:

processor	: 2
vendor_id	: GenuineIntel
cpu family	: 6
model		: 60
model name	: Intel(R) Core(TM) i7-4710HQ CPU @ 2.50GHz
stepping	: 3
microcode	: 0x1e
cpu MHz		: 3233.203
cache size	: 6144 KB
physical id	: 0
siblings	: 8
core id		: 1
cpu cores	: 4
apicid		: 2
initial apicid	: 2
fpu		: yes
fpu_exception	: yes
cpuid level	: 13
wp		: yes
flags		: fpu vme de pse tsc msr pae mce cx8 apic sep mtrr pge mca cmov pat pse36 clflush dts acpi mmx fxsr sse sse2 ss ht tm pbe syscall nx pdpe1gb rdtscp lm constant_tsc arch_perfmon pebs bts rep_good nopl xtopology nonstop_tsc aperfmperf eagerfpu pni pclmulqdq dtes64 monitor ds_cpl vmx est tm2 ssse3 sdbg fma cx16 xtpr pdcm pcid sse4_1 sse4_2 x2apic movbe popcnt tsc_deadline_timer aes xsave avx f16c rdrand lahf_lm abm epb tpr_shadow vnmi flexpriority ept vpid fsgsbase tsc_adjust bmi1 avx2 smep bmi2 erms invpcid xsaveopt dtherm ida arat pln pts
bugs		:
bogomips	: 4988.88
clflush size	: 64
cache_alignment	: 64
address sizes	: 39 bits physical, 48 bits virtual
power management:

processor	: 3
vendor_id	: GenuineIntel
cpu family	: 6
model		: 60
model name	: Intel(R) Core(TM) i7-4710HQ CPU @ 2.50GHz
stepping	: 3
microcode	: 0x1e
cpu MHz		: 3281.933
cache size	: 6144 KB
physical id	: 0
siblings	: 8
core id		: 1
cpu cores	: 4
apicid		: 3
initial apicid	: 3
fpu		: yes
fpu_exception	: yes
cpuid level	: 13
wp		: yes
flags		: fpu vme de pse tsc msr pae mce cx8 apic sep mtrr pge mca cmov pat pse36 clflush dts acpi mmx fxsr sse sse2 ss ht tm pbe syscall nx pdpe1gb rdtscp lm constant_tsc arch_perfmon pebs bts rep_good nopl xtopology nonstop_tsc aperfmperf eagerfpu pni pclmulqdq dtes64 monitor ds_cpl vmx est tm2 ssse3 sdbg fma cx16 xtpr pdcm pcid sse4_1 sse4_2 x2apic movbe popcnt tsc_deadline_timer aes xsave avx f16c rdrand lahf_lm abm epb tpr_shadow vnmi flexpriority ept vpid fsgsbase tsc_adjust bmi1 avx2 smep bmi2 erms invpcid xsaveopt dtherm ida arat pln pts
bugs		:
bogomips	: 4988.88
clflush size	: 64
cache_alignment	: 64
address sizes	: 39 bits physical, 48 bits virtual
power management:

processor	: 4
vendor_id	: GenuineIntel
cpu family	: 6
model		: 60
model name	: Intel(R) Core(TM) i7-4710HQ CPU @ 2.50GHz
stepping	: 3
microcode	: 0x1e
cpu MHz		: 3281.933
cache size	: 6144 KB
physical id	: 0
siblings	: 8
core id		: 2
cpu cores	: 4
apicid		: 4
initial apicid	: 4
fpu		: yes
fpu_exception	: yes
cpuid level	: 13
wp		: yes
flags		: fpu vme de pse tsc msr pae mce cx8 apic sep mtrr pge mca cmov pat pse36 clflush dts acpi mmx fxsr sse sse2 ss ht tm pbe syscall nx pdpe1gb rdtscp lm constant_tsc arch_perfmon pebs bts rep_good nopl xtopology nonstop_tsc aperfmperf eagerfpu pni pclmulqdq dtes64 monitor ds_cpl vmx est tm2 ssse3 sdbg fma cx16 xtpr pdcm pcid sse4_1 sse4_2 x2apic movbe popcnt tsc_deadline_timer aes xsave avx f16c rdrand lahf_lm abm epb tpr_shadow vnmi flexpriority ept vpid fsgsbase tsc_adjust bmi1 avx2 smep bmi2 erms invpcid xsaveopt dtherm ida arat pln pts
bugs		:
bogomips	: 4988.88
clflush size	: 64
cache_alignment	: 64
address sizes	: 39 bits physical, 48 bits virtual
power management:

processor	: 5
vendor_id	: GenuineIntel
cpu family	: 6
model		: 60
model name	: Intel(R) Core(TM) i7-4710HQ CPU @ 2.50GHz
stepping	: 3
microcode	: 0x1e
cpu MHz		: 3233.105
cache size	: 6144 KB
physical id	: 0
siblings	: 8
core id		: 2
cpu cores	: 4
apicid		: 5
initial apicid	: 5
fpu		: yes
fpu_exception	: yes
cpuid level	: 13
wp		: yes
flags		: fpu vme de pse tsc msr pae mce cx8 apic sep mtrr pge mca cmov pat pse36 clflush dts acpi mmx fxsr sse sse2 ss ht tm pbe syscall nx pdpe1gb rdtscp lm constant_tsc arch_perfmon pebs bts rep_good nopl xtopology nonstop_tsc aperfmperf eagerfpu pni pclmulqdq dtes64 monitor ds_cpl vmx est tm2 ssse3 sdbg fma cx16 xtpr pdcm pcid sse4_1 sse4_2 x2apic movbe popcnt tsc_deadline_timer aes xsave avx f16c rdrand lahf_lm abm epb tpr_shadow vnmi flexpriority ept vpid fsgsbase tsc_adjust bmi1 avx2 smep bmi2 erms invpcid xsaveopt dtherm ida arat pln pts
bugs		:
bogomips	: 4988.88
clflush size	: 64
cache_alignment	: 64
address sizes	: 39 bits physical, 48 bits virtual
power management:

processor	: 6
vendor_id	: GenuineIntel
cpu family	: 6
model		: 60
model name	: Intel(R) Core(TM) i7-4710HQ CPU @ 2.50GHz
stepping	: 3
microcode	: 0x1e
cpu MHz		: 3233.105
cache size	: 6144 KB
physical id	: 0
siblings	: 8
core id		: 3
cpu cores	: 4
apicid		: 6
initial apicid	: 6
fpu		: yes
fpu_exception	: yes
cpuid level	: 13
wp		: yes
flags		: fpu vme de pse tsc msr pae mce cx8 apic sep mtrr pge mca cmov pat pse36 clflush dts acpi mmx fxsr sse sse2 ss ht tm pbe syscall nx pdpe1gb rdtscp lm constant_tsc arch_perfmon pebs bts rep_good nopl xtopology nonstop_tsc aperfmperf eagerfpu pni pclmulqdq dtes64 monitor ds_cpl vmx est tm2 ssse3 sdbg fma cx16 xtpr pdcm pcid sse4_1 sse4_2 x2apic movbe popcnt tsc_deadline_timer aes xsave avx f16c rdrand lahf_lm abm epb tpr_shadow vnmi flexpriority ept vpid fsgsbase tsc_adjust bmi1 avx2 smep bmi2 erms invpcid xsaveopt dtherm ida arat pln pts
bugs		:
bogomips	: 4988.88
clflush size	: 64
cache_alignment	: 64
address sizes	: 39 bits physical, 48 bits virtual
power management:

processor	: 7
vendor_id	: GenuineIntel
cpu family	: 6
model		: 60
model name	: Intel(R) Core(TM) i7-4710HQ CPU @ 2.50GHz
stepping	: 3
microcode	: 0x1e
cpu MHz		: 3187.109
cache size	: 6144 KB
physical id	: 0
siblings	: 8
core id		: 3
cpu cores	: 4
apicid		: 7
initial apicid	: 7
fpu		: yes
fpu_exception	: yes
cpuid level	: 13
wp		: yes
flags		: fpu vme de pse tsc msr pae mce cx8 apic sep mtrr pge mca cmov pat pse36 clflush dts acpi mmx fxsr sse sse2 ss ht tm pbe syscall nx pdpe1gb rdtscp lm constant_tsc arch_perfmon pebs bts rep_good nopl xtopology nonstop_tsc aperfmperf eagerfpu pni pclmulqdq dtes64 monitor ds_cpl vmx est tm2 ssse3 sdbg fma cx16 xtpr pdcm pcid sse4_1 sse4_2 x2apic movbe popcnt tsc_deadline_timer aes xsave avx f16c rdrand lahf_lm abm epb tpr_shadow vnmi flexpriority ept vpid fsgsbase tsc_adjust bmi1 avx2 smep bmi2 erms invpcid xsaveopt dtherm ida arat pln pts
bugs		:
bogomips	: 4988.88
clflush size	: 64
cache_alignment	: 64
address sizes	: 39 bits physical, 48 bits virtual
power management:



Memory: 4k page, physical 8084940k(1907280k free), swap 8298492k(8298492k free)

vm_info: Java HotSpot(TM) 64-Bit Server VM (25.91-b14) for linux-amd64 JRE (1.8.0_91-b14), built on Apr  1 2016 00:57:21 by "java_re" with gcc 4.3.0 20080428 (Red Hat 4.3.0-8)

time: Thu Jul 20 16:25:35 2017
elapsed time: 0 seconds (0d 0h 0m 0s)

